2026-04-08T09:22:28.598-03:00  INFO 13224 --- [acai-backend] [ngodb.net:27017] org.mongodb.driver.cluster               : Exception in monitor thread while connecting to server ac-mtaygmc-shard-00-02.h8a2j5v.mongodb.net:27017

com.mongodb.MongoSocketException: ac-mtaygmc-shard-00-02.h8a2j5v.mongodb.net
	at com.mongodb.ServerAddress.getSocketAddresses(ServerAddress.java:221) ~[mongodb-driver-core-4.11.1.jar!/:na]
	at com.mongodb.internal.connection.ServerAddressWithResolver.getSocketAddresses(ServerAddressWithResolver.java:68) ~[mongodb-driver-core-4.11.1.jar!/:na]
	at com.mongodb.internal.connection.SocketStream.initializeSocket(SocketStream.java:100) ~[mongodb-driver-core-4.11.1.jar!/:na]
	at com.mongodb.internal.connection.SocketStream.open(SocketStream.java:78) ~[mongodb-driver-core-4.11.1.jar!/:na]
	at com.mongodb.internal.connection.InternalStreamConnection.open(InternalStreamConnection.java:211) ~[mongodb-driver-core-4.11.1.jar!/:na]
	at com.mongodb.internal.connection.DefaultServerMonitor$ServerMonitorRunnable.lookupServerDescription(DefaultServerMonitor.java:196) ~[mongodb-driver-core-4.11.1.jar!/:na]
	at com.mongodb.internal.connection.DefaultServerMonitor$ServerMonitorRunnable.run(DefaultServerMonitor.java:156) ~[mongodb-driver-core-4.11.1.jar!/:na]
	at java.base/java.lang.Thread.run(Thread.java:842) ~[na:na]
Caused by: java.net.UnknownHostException: ac-mtaygmc-shard-00-02.h8a2j5v.mongodb.net
	at java.base/java.net.InetAddress$CachedAddresses.get(InetAddress.java:801) ~[na:na]
	at java.base/java.net.InetAddress.getAllByName0(InetAddress.java:1532) ~[na:na]
	at java.base/java.net.InetAddress.getAllByName(InetAddress.java:1384) ~[na:na]
	at java.base/java.net.InetAddress.getAllByName(InetAddress.java:1305) ~[na:na]
	at com.mongodb.ServerAddress.getSocketAddresses(ServerAddress.java:213) ~[mongodb-driver-core-4.11.1.jar!/:na]
	... 7 common frames omitted

2026-04-08T09:22:38.614-03:00  INFO 13224 --- [acai-backend] [ngodb.net:27017] org.mongodb.driver.cluster               : Exception in monitor thread while connecting to server ac-mtaygmc-shard-00-00.h8a2j5v.mongodb.net:27017

com.mongodb.MongoSocketException: ac-mtaygmc-shard-00-00.h8a2j5v.mongodb.net
	at com.mongodb.ServerAddress.getSocketAddresses(ServerAddress.java:221) ~[mongodb-driver-core-4.11.1.jar!/:na]
	at com.mongodb.internal.connection.ServerAddressWithResolver.getSocketAddresses(ServerAddressWithResolver.java:68) ~[mongodb-driver-core-4.11.1.jar!/:na]
	at com.mongodb.internal.connection.SocketStream.initializeSocket(SocketStream.java:100) ~[mongodb-driver-core-4.11.1.jar!/:na]
	at com.mongodb.internal.connection.SocketStream.open(SocketStream.java:78) ~[mongodb-driver-core-4.11.1.jar!/:na]
	at com.mongodb.internal.connection.InternalStreamConnection.open(InternalStreamConnection.java:211) ~[mongodb-driver-core-4.11.1.jar!/:na]
	at com.mongodb.internal.connection.DefaultServerMonitor$ServerMonitorRunnable.lookupServerDescription(DefaultServerMonitor.java:196) ~[mongodb-driver-core-4.11.1.jar!/:na]
	at com.mongodb.internal.connection.DefaultServerMonitor$ServerMonitorRunnable.run(DefaultServerMonitor.java:156) ~[mongodb-driver-core-4.11.1.jar!/:na]
	at java.base/java.lang.Thread.run(Thread.java:842) ~[na:na]
Caused by: java.net.UnknownHostException: ac-mtaygmc-shard-00-00.h8a2j5v.mongodb.net
	at java.base/java.net.InetAddress$CachedAddresses.get(InetAddress.java:801) ~[na:na]
	at java.base/java.net.InetAddress.getAllByName0(InetAddress.java:1532) ~[na:na]
	at java.base/java.net.InetAddress.getAllByName(InetAddress.java:1384) ~[na:na]
	at java.base/java.net.InetAddress.getAllByName(InetAddress.java:1305) ~[na:na]
	at com.mongodb.ServerAddress.getSocketAddresses(ServerAddress.java:213) ~[mongodb-driver-core-4.11.1.jar!/:na]
	... 7 common frames omitted

2026-04-08T09:22:38.614-03:00  INFO 13224 --- [acai-backend] [ngodb.net:27017] org.mongodb.driver.cluster               : Exception in monitor thread while connecting to server ac-mtaygmc-shard-00-01.h8a2j5v.mongodb.net:27017

com.mongodb.MongoSocketException: ac-mtaygmc-shard-00-01.h8a2j5v.mongodb.net
	at com.mongodb.ServerAddress.getSocketAddresses(ServerAddress.java:221) ~[mongodb-driver-core-4.11.1.jar!/:na]
	at com.mongodb.internal.connection.ServerAddressWithResolver.getSocketAddresses(ServerAddressWithResolver.java:68) ~[mongodb-driver-core-4.11.1.jar!/:na]
	at com.mongodb.internal.connection.SocketStream.initializeSocket(SocketStream.java:100) ~[mongodb-driver-core-4.11.1.jar!/:na]
	at com.mongodb.internal.connection.SocketStream.open(SocketStream.java:78) ~[mongodb-driver-core-4.11.1.jar!/:na]
	at com.mongodb.internal.connection.InternalStreamConnection.open(InternalStreamConnection.java:211) ~[mongodb-driver-core-4.11.1.jar!/:na]
	at com.mongodb.internal.connection.DefaultServerMonitor$ServerMonitorRunnable.lookupServerDescription(DefaultServerMonitor.java:196) ~[mongodb-driver-core-4.11.1.jar!/:na]
	at com.mongodb.internal.connection.DefaultServerMonitor$ServerMonitorRunnable.run(DefaultServerMonitor.java:156) ~[mongodb-driver-core-4.11.1.jar!/:na]
	at java.base/java.lang.Thread.run(Thread.java:842) ~[na:na]
Caused by: java.net.UnknownHostException: ac-mtaygmc-shard-00-01.h8a2j5v.mongodb.net
	at java.base/java.net.InetAddress$CachedAddresses.get(InetAddress.java:801) ~[na:na]
	at java.base/java.net.InetAddress.getAllByName0(InetAddress.java:1532) ~[na:na]
	at java.base/java.net.InetAddress.getAllByName(InetAddress.java:1384) ~[na:na]
	at java.base/java.net.InetAddress.getAllByName(InetAddress.java:1305) ~[na:na]
	at com.mongodb.ServerAddress.getSocketAddresses(ServerAddress.java:213) ~[mongodb-driver-core-4.11.1.jar!/:na]
	... 7 common frames omitted

Hibernate: select u1_0.id,u1_0.enabled,u1_0.password,u1_0.roles,u1_0.setor,u1_0.username from users u1_0 where u1_0.username=?
Hibernate: select u1_0.id,u1_0.enabled,u1_0.password,u1_0.roles,u1_0.setor,u1_0.username from users u1_0 where u1_0.username=?
Hibernate: select u1_0.id,u1_0.enabled,u1_0.password,u1_0.roles,u1_0.setor,u1_0.username from users u1_0 where u1_0.username=?
Hibernate: select u1_0.id,u1_0.enabled,u1_0.password,u1_0.roles,u1_0.setor,u1_0.username from users u1_0 where u1_0.username=?
Hibernate: select c1_0.id,c1_0.closed_by_username,c1_0.data,c1_0.data_hora_abertura,c1_0.data_hora_fechamento,c1_0.opened_by_username,c1_0.reabertura,c1_0.sheet_name,c1_0.spreadsheet_id,c1_0.status,c1_0.valor_abertura,c1_0.valor_fechamento,c1_0.valor_retirada from caixa c1_0 where c1_0.data=? and c1_0.status=?
Hibernate: select u1_0.id,u1_0.enabled,u1_0.password,u1_0.roles,u1_0.setor,u1_0.username from users u1_0 where u1_0.username=?
Hibernate: select u1_0.id,u1_0.enabled,u1_0.password,u1_0.roles,u1_0.setor,u1_0.username from users u1_0 where u1_0.username=?
Hibernate: select c1_0.id,c1_0.closed_by_username,c1_0.data,c1_0.data_hora_abertura,c1_0.data_hora_fechamento,c1_0.opened_by_username,c1_0.reabertura,c1_0.sheet_name,c1_0.spreadsheet_id,c1_0.status,c1_0.valor_abertura,c1_0.valor_fechamento,c1_0.valor_retirada from caixa c1_0 where c1_0.data=? and c1_0.status=?
Hibernate: select c1_0.id from caixa c1_0 where c1_0.data=? and c1_0.status=? fetch first ? rows only
Hibernate: select u1_0.id,u1_0.enabled,u1_0.password,u1_0.roles,u1_0.setor,u1_0.username from users u1_0 where u1_0.username=?
Hibernate: select c1_0.id,c1_0.closed_by_username,c1_0.data,c1_0.data_hora_abertura,c1_0.data_hora_fechamento,c1_0.opened_by_username,c1_0.reabertura,c1_0.sheet_name,c1_0.spreadsheet_id,c1_0.status,c1_0.valor_abertura,c1_0.valor_fechamento,c1_0.valor_retirada from caixa c1_0 where c1_0.data=? and c1_0.status=?
Hibernate: select c1_0.id,c1_0.closed_by_username,c1_0.data,c1_0.data_hora_abertura,c1_0.data_hora_fechamento,c1_0.opened_by_username,c1_0.reabertura,c1_0.sheet_name,c1_0.spreadsheet_id,c1_0.status,c1_0.valor_abertura,c1_0.valor_fechamento,c1_0.valor_retirada from caixa c1_0 where c1_0.data=? and c1_0.status=?
Hibernate: select c1_0.id from caixa c1_0 where c1_0.data=? and c1_0.status=? fetch first ? rows only
Hibernate: select u1_0.id,u1_0.enabled,u1_0.password,u1_0.roles,u1_0.setor,u1_0.username from users u1_0 where u1_0.username=?
Hibernate: select count(c1_0.id) from comandas c1_0 where c1_0.status=? and c1_0.data_hora>=?
Hibernate: select count(c1_0.id) from comandas c1_0 where c1_0.status=? and c1_0.data_hora<?
Hibernate: select count(c1_0.id) from comandas c1_0 where c1_0.status='FECHADA' and (c1_0.chave_nfce is null or c1_0.chave_nfce='')
Hibernate: select c1_0.id,c1_0.chave_nfce,c1_0.closed_by_username,c1_0.data_fechamento,c1_0.data_hora,c1_0.forma_pagamento,c1_0.identificador,c1_0.opened_by_username,c1_0.peso_kg,c1_0.preco_por_kilo,c1_0.protocolo_nfce,c1_0.status,c1_0.tipo,c1_0.tipo_produto,c1_0.valor_total from comandas c1_0 where c1_0.status=? and c1_0.data_fechamento between ? and ? order by c1_0.data_fechamento desc
Hibernate: select c1_0.id,c1_0.closed_by_username,c1_0.data,c1_0.data_hora_abertura,c1_0.data_hora_fechamento,c1_0.opened_by_username,c1_0.reabertura,c1_0.sheet_name,c1_0.spreadsheet_id,c1_0.status,c1_0.valor_abertura,c1_0.valor_fechamento,c1_0.valor_retirada from caixa c1_0 where c1_0.data between ? and ? order by c1_0.data,c1_0.data_hora_abertura
Hibernate: select c1_0.id,c1_0.closed_by_username,c1_0.data,c1_0.data_hora_abertura,c1_0.data_hora_fechamento,c1_0.opened_by_username,c1_0.reabertura,c1_0.sheet_name,c1_0.spreadsheet_id,c1_0.status,c1_0.valor_abertura,c1_0.valor_fechamento,c1_0.valor_retirada from caixa c1_0 where c1_0.data=? and c1_0.status=?
Hibernate: select u1_0.id,u1_0.enabled,u1_0.password,u1_0.roles,u1_0.setor,u1_0.username from users u1_0 where u1_0.username=?
Hibernate: select c1_0.id,c1_0.chave,c1_0.valor from configuracao c1_0 where c1_0.chave=?
Hibernate: select u1_0.id,u1_0.enabled,u1_0.password,u1_0.roles,u1_0.setor,u1_0.username from users u1_0 where u1_0.username=?
Hibernate: select c1_0.id,c1_0.closed_by_username,c1_0.data,c1_0.data_hora_abertura,c1_0.data_hora_fechamento,c1_0.opened_by_username,c1_0.reabertura,c1_0.sheet_name,c1_0.spreadsheet_id,c1_0.status,c1_0.valor_abertura,c1_0.valor_fechamento,c1_0.valor_retirada from caixa c1_0 where c1_0.data=? and c1_0.status=?
Hibernate: select c1_0.id,c1_0.closed_by_username,c1_0.data,c1_0.data_hora_abertura,c1_0.data_hora_fechamento,c1_0.opened_by_username,c1_0.reabertura,c1_0.sheet_name,c1_0.spreadsheet_id,c1_0.status,c1_0.valor_abertura,c1_0.valor_fechamento,c1_0.valor_retirada from caixa c1_0 where c1_0.data=? and c1_0.status=?
Hibernate: select u1_0.id,u1_0.enabled,u1_0.password,u1_0.roles,u1_0.setor,u1_0.username from users u1_0 where u1_0.username=?
Hibernate: select c1_0.id from caixa c1_0 where c1_0.data=? and c1_0.status=? fetch first ? rows only
Hibernate: select c1_0.id,c1_0.chave_nfce,c1_0.closed_by_username,c1_0.data_fechamento,c1_0.data_hora,c1_0.forma_pagamento,c1_0.identificador,c1_0.opened_by_username,c1_0.peso_kg,c1_0.preco_por_kilo,c1_0.protocolo_nfce,c1_0.status,c1_0.tipo,c1_0.tipo_produto,c1_0.valor_total from comandas c1_0 where c1_0.tipo=?
Hibernate: select u1_0.id,u1_0.enabled,u1_0.password,u1_0.roles,u1_0.setor,u1_0.username from users u1_0 where u1_0.username=?
Hibernate: select c1_0.id,c1_0.closed_by_username,c1_0.data,c1_0.data_hora_abertura,c1_0.data_hora_fechamento,c1_0.opened_by_username,c1_0.reabertura,c1_0.sheet_name,c1_0.spreadsheet_id,c1_0.status,c1_0.valor_abertura,c1_0.valor_fechamento,c1_0.valor_retirada from caixa c1_0 where c1_0.data=? and c1_0.status=?
Hibernate: select c1_0.id from caixa c1_0 where c1_0.data=? and c1_0.status=? fetch first ? rows only
Hibernate: select c1_0.id,c1_0.chave_nfce,c1_0.closed_by_username,c1_0.data_fechamento,c1_0.data_hora,c1_0.forma_pagamento,c1_0.identificador,c1_0.opened_by_username,c1_0.peso_kg,c1_0.preco_por_kilo,c1_0.protocolo_nfce,c1_0.status,c1_0.tipo,c1_0.tipo_produto,c1_0.valor_total from comandas c1_0 where c1_0.status=? and c1_0.data_fechamento between ? and ? order by c1_0.data_fechamento desc
Hibernate: select c1_0.id,c1_0.closed_by_username,c1_0.data,c1_0.data_hora_abertura,c1_0.data_hora_fechamento,c1_0.opened_by_username,c1_0.reabertura,c1_0.sheet_name,c1_0.spreadsheet_id,c1_0.status,c1_0.valor_abertura,c1_0.valor_fechamento,c1_0.valor_retirada from caixa c1_0 where c1_0.data between ? and ? order by c1_0.data,c1_0.data_hora_abertura
Hibernate: select c1_0.id,c1_0.chave_nfce,c1_0.closed_by_username,c1_0.data_fechamento,c1_0.data_hora,c1_0.forma_pagamento,c1_0.identificador,c1_0.opened_by_username,c1_0.peso_kg,c1_0.preco_por_kilo,c1_0.protocolo_nfce,c1_0.status,c1_0.tipo,c1_0.tipo_produto,c1_0.valor_total from comandas c1_0 where c1_0.status=? and c1_0.data_fechamento between ? and ? order by c1_0.data_fechamento desc
Hibernate: select c1_0.id,c1_0.closed_by_username,c1_0.data,c1_0.data_hora_abertura,c1_0.data_hora_fechamento,c1_0.opened_by_username,c1_0.reabertura,c1_0.sheet_name,c1_0.spreadsheet_id,c1_0.status,c1_0.valor_abertura,c1_0.valor_fechamento,c1_0.valor_retirada from caixa c1_0 where c1_0.data between ? and ? order by c1_0.data,c1_0.data_hora_abertura
2026-04-08T09:23:38.845-03:00  INFO 13224 --- [acai-backend] [ngodb.net:27017] org.mongodb.driver.cluster               : Monitor thread successfully connected to server with description ServerDescription{address=ac-mtaygmc-shard-00-02.h8a2j5v.mongodb.net:27017, type=REPLICA_SET_PRIMARY, state=CONNECTED, ok=true, minWireVersion=0, maxWireVersion=25, maxDocumentSize=16777216, logicalSessionTimeoutMinutes=30, roundTripTimeNanos=141294800, setName='atlas-cqk1um-shard-0', canonicalAddress=ac-mtaygmc-shard-00-02.h8a2j5v.mongodb.net:27017, hosts=[ac-mtaygmc-shard-00-00.h8a2j5v.mongodb.net:27017, ac-mtaygmc-shard-00-01.h8a2j5v.mongodb.net:27017, ac-mtaygmc-shard-00-02.h8a2j5v.mongodb.net:27017], passives=[], arbiters=[], primary='ac-mtaygmc-shard-00-02.h8a2j5v.mongodb.net:27017', tagSet=TagSet{[Tag{name='availabilityZone', value='southamerica-east1-c'}, Tag{name='diskState', value='READY'}, Tag{name='nodeType', value='ELECTABLE'}, Tag{name='provider', value='GCP'}, Tag{name='region', value='SOUTH_AMERICA_EAST_1'}, Tag{name='workloadType', value='OPERATIONAL'}]}, electionId=7fffffff00000000000000e6, setVersion=38, topologyVersion=TopologyVersion{processId=69cfcf5d47342f29825fbf39, counter=6}, lastWriteDate=Wed Apr 08 09:23:39 BRT 2026, lastUpdateTimeNanos=665788856711600}
2026-04-08T09:23:38.845-03:00  INFO 13224 --- [acai-backend] [ngodb.net:27017] org.mongodb.driver.cluster               : Monitor thread successfully connected to server with description ServerDescription{address=ac-mtaygmc-shard-00-00.h8a2j5v.mongodb.net:27017, type=REPLICA_SET_SECONDARY, state=CONNECTED, ok=true, minWireVersion=0, maxWireVersion=25, maxDocumentSize=16777216, logicalSessionTimeoutMinutes=30, roundTripTimeNanos=141394700, setName='atlas-cqk1um-shard-0', canonicalAddress=ac-mtaygmc-shard-00-00.h8a2j5v.mongodb.net:27017, hosts=[ac-mtaygmc-shard-00-00.h8a2j5v.mongodb.net:27017, ac-mtaygmc-shard-00-01.h8a2j5v.mongodb.net:27017, ac-mtaygmc-shard-00-02.h8a2j5v.mongodb.net:27017], passives=[], arbiters=[], primary='ac-mtaygmc-shard-00-02.h8a2j5v.mongodb.net:27017', tagSet=TagSet{[Tag{name='availabilityZone', value='southamerica-east1-a'}, Tag{name='diskState', value='READY'}, Tag{name='nodeType', value='ELECTABLE'}, Tag{name='provider', value='GCP'}, Tag{name='region', value='SOUTH_AMERICA_EAST_1'}, Tag{name='workloadType', value='OPERATIONAL'}]}, electionId=null, setVersion=38, topologyVersion=TopologyVersion{processId=69cfcbbfa3706310fa1f8e5b, counter=4}, lastWriteDate=Wed Apr 08 09:23:39 BRT 2026, lastUpdateTimeNanos=665788856876400}
2026-04-08T09:23:38.845-03:00  INFO 13224 --- [acai-backend] [ngodb.net:27017] org.mongodb.driver.cluster               : Discovered replica set primary ac-mtaygmc-shard-00-02.h8a2j5v.mongodb.net:27017 with max election id 7fffffff00000000000000e6 and max set version 38
2026-04-08T09:23:38.860-03:00  INFO 13224 --- [acai-backend] [ngodb.net:27017] org.mongodb.driver.cluster               : Monitor thread successfully connected to server with description ServerDescription{address=ac-mtaygmc-shard-00-01.h8a2j5v.mongodb.net:27017, type=REPLICA_SET_SECONDARY, state=CONNECTED, ok=true, minWireVersion=0, maxWireVersion=25, maxDocumentSize=16777216, logicalSessionTimeoutMinutes=30, roundTripTimeNanos=141358100, setName='atlas-cqk1um-shard-0', canonicalAddress=ac-mtaygmc-shard-00-01.h8a2j5v.mongodb.net:27017, hosts=[ac-mtaygmc-shard-00-00.h8a2j5v.mongodb.net:27017, ac-mtaygmc-shard-00-01.h8a2j5v.mongodb.net:27017, ac-mtaygmc-shard-00-02.h8a2j5v.mongodb.net:27017], passives=[], arbiters=[], primary='ac-mtaygmc-shard-00-02.h8a2j5v.mongodb.net:27017', tagSet=TagSet{[Tag{name='availabilityZone', value='southamerica-east1-b'}, Tag{name='diskState', value='READY'}, Tag{name='nodeType', value='ELECTABLE'}, Tag{name='provider', value='GCP'}, Tag{name='region', value='SOUTH_AMERICA_EAST_1'}, Tag{name='workloadType', value='OPERATIONAL'}]}, electionId=null, setVersion=38, topologyVersion=TopologyVersion{processId=69cfd2f8edc3ccb9d077207d, counter=3}, lastWriteDate=Wed Apr 08 09:23:39 BRT 2026, lastUpdateTimeNanos=665788856840100}
Hibernate: insert into caixa (closed_by_username,data,data_hora_abertura,data_hora_fechamento,opened_by_username,reabertura,sheet_name,spreadsheet_id,status,valor_abertura,valor_fechamento,valor_retirada,id) values (?,?,?,?,?,?,?,?,?,?,?,?,default)
Hibernate: select u1_0.id,u1_0.enabled,u1_0.password,u1_0.roles,u1_0.setor,u1_0.username from users u1_0 where u1_0.username=?
Hibernate: select u1_0.id,u1_0.enabled,u1_0.password,u1_0.roles,u1_0.setor,u1_0.username from users u1_0 where u1_0.username=?
Hibernate: select c1_0.id,c1_0.closed_by_username,c1_0.data,c1_0.data_hora_abertura,c1_0.data_hora_fechamento,c1_0.opened_by_username,c1_0.reabertura,c1_0.sheet_name,c1_0.spreadsheet_id,c1_0.status,c1_0.valor_abertura,c1_0.valor_fechamento,c1_0.valor_retirada from caixa c1_0 where c1_0.data=? and c1_0.status=?
Hibernate: select c1_0.id,c1_0.chave,c1_0.valor from configuracao c1_0 where c1_0.chave=?
Hibernate: select c1_0.id,c1_0.closed_by_username,c1_0.data,c1_0.data_hora_abertura,c1_0.data_hora_fechamento,c1_0.opened_by_username,c1_0.reabertura,c1_0.sheet_name,c1_0.spreadsheet_id,c1_0.status,c1_0.valor_abertura,c1_0.valor_fechamento,c1_0.valor_retirada from caixa c1_0 where c1_0.data=? and c1_0.status=?
Hibernate: select c1_0.id from caixa c1_0 where c1_0.data=? and c1_0.status=? fetch first ? rows only
Hibernate: select u1_0.id,u1_0.enabled,u1_0.password,u1_0.roles,u1_0.setor,u1_0.username from users u1_0 where u1_0.username=?
Hibernate: select c1_0.id,c1_0.chave,c1_0.valor from configuracao c1_0 where c1_0.chave=?
Hibernate: select u1_0.id,u1_0.enabled,u1_0.password,u1_0.roles,u1_0.setor,u1_0.username from users u1_0 where u1_0.username=?
Hibernate: select c1_0.id,c1_0.chave,c1_0.valor from configuracao c1_0 where c1_0.chave=?
Hibernate: select c1_0.id,c1_0.closed_by_username,c1_0.data,c1_0.data_hora_abertura,c1_0.data_hora_fechamento,c1_0.opened_by_username,c1_0.reabertura,c1_0.sheet_name,c1_0.spreadsheet_id,c1_0.status,c1_0.valor_abertura,c1_0.valor_fechamento,c1_0.valor_retirada from caixa c1_0 where c1_0.data=? and c1_0.status=?
Hibernate: select c1_0.id,c1_0.chave_nfce,c1_0.closed_by_username,c1_0.data_fechamento,c1_0.data_hora,c1_0.forma_pagamento,c1_0.identificador,c1_0.opened_by_username,c1_0.peso_kg,c1_0.preco_por_kilo,c1_0.protocolo_nfce,c1_0.status,c1_0.tipo,c1_0.tipo_produto,c1_0.valor_total from comandas c1_0 where c1_0.status=? and c1_0.data_fechamento between ? and ? order by c1_0.data_fechamento desc
Hibernate: select c1_0.id,c1_0.closed_by_username,c1_0.data,c1_0.data_hora_abertura,c1_0.data_hora_fechamento,c1_0.opened_by_username,c1_0.reabertura,c1_0.sheet_name,c1_0.spreadsheet_id,c1_0.status,c1_0.valor_abertura,c1_0.valor_fechamento,c1_0.valor_retirada from caixa c1_0 where c1_0.data between ? and ? order by c1_0.data,c1_0.data_hora_abertura
Hibernate: select c1_0.id,c1_0.chave_nfce,c1_0.closed_by_username,c1_0.data_fechamento,c1_0.data_hora,c1_0.forma_pagamento,c1_0.identificador,c1_0.opened_by_username,c1_0.peso_kg,c1_0.preco_por_kilo,c1_0.protocolo_nfce,c1_0.status,c1_0.tipo,c1_0.tipo_produto,c1_0.valor_total from comandas c1_0 where c1_0.status=? and c1_0.data_fechamento between ? and ? order by c1_0.data_fechamento desc
Hibernate: select c1_0.id,c1_0.closed_by_username,c1_0.data,c1_0.data_hora_abertura,c1_0.data_hora_fechamento,c1_0.opened_by_username,c1_0.reabertura,c1_0.sheet_name,c1_0.spreadsheet_id,c1_0.status,c1_0.valor_abertura,c1_0.valor_fechamento,c1_0.valor_retirada from caixa c1_0 where c1_0.data between ? and ? order by c1_0.data,c1_0.data_hora_abertura
Hibernate: select c1_0.id,c1_0.chave_nfce,c1_0.closed_by_username,c1_0.data_fechamento,c1_0.data_hora,c1_0.forma_pagamento,c1_0.identificador,c1_0.opened_by_username,c1_0.peso_kg,c1_0.preco_por_kilo,c1_0.protocolo_nfce,c1_0.status,c1_0.tipo,c1_0.tipo_produto,c1_0.valor_total from comandas c1_0 where c1_0.status=? and c1_0.data_fechamento between ? and ? order by c1_0.data_fechamento desc
Hibernate: select c1_0.id,c1_0.closed_by_username,c1_0.data,c1_0.data_hora_abertura,c1_0.data_hora_fechamento,c1_0.opened_by_username,c1_0.reabertura,c1_0.sheet_name,c1_0.spreadsheet_id,c1_0.status,c1_0.valor_abertura,c1_0.valor_fechamento,c1_0.valor_retirada from caixa c1_0 where c1_0.data between ? and ? order by c1_0.data,c1_0.data_hora_abertura
Hibernate: select l1_0.id,l1_0.endereco,l1_0.nome,l1_0.responsavel from loja l1_0 where l1_0.id=?
Hibernate: select c1_0.id,c1_0.closed_by_username,c1_0.data,c1_0.data_hora_abertura,c1_0.data_hora_fechamento,c1_0.opened_by_username,c1_0.reabertura,c1_0.sheet_name,c1_0.spreadsheet_id,c1_0.status,c1_0.valor_abertura,c1_0.valor_fechamento,c1_0.valor_retirada from caixa c1_0 where c1_0.data=? and c1_0.status=?
Hibernate: select c1_0.id,c1_0.chave_nfce,c1_0.closed_by_username,c1_0.data_fechamento,c1_0.data_hora,c1_0.forma_pagamento,c1_0.identificador,c1_0.opened_by_username,c1_0.peso_kg,c1_0.preco_por_kilo,c1_0.protocolo_nfce,c1_0.status,c1_0.tipo,c1_0.tipo_produto,c1_0.valor_total from comandas c1_0 where c1_0.status=? and c1_0.data_fechamento between ? and ? order by c1_0.data_fechamento desc
Hibernate: select c1_0.id,c1_0.closed_by_username,c1_0.data,c1_0.data_hora_abertura,c1_0.data_hora_fechamento,c1_0.opened_by_username,c1_0.reabertura,c1_0.sheet_name,c1_0.spreadsheet_id,c1_0.status,c1_0.valor_abertura,c1_0.valor_fechamento,c1_0.valor_retirada from caixa c1_0 where c1_0.data between ? and ? order by c1_0.data,c1_0.data_hora_abertura
Hibernate: select c1_0.id,c1_0.chave_nfce,c1_0.closed_by_username,c1_0.data_fechamento,c1_0.data_hora,c1_0.forma_pagamento,c1_0.identificador,c1_0.opened_by_username,c1_0.peso_kg,c1_0.preco_por_kilo,c1_0.protocolo_nfce,c1_0.status,c1_0.tipo,c1_0.tipo_produto,c1_0.valor_total from comandas c1_0 where c1_0.status=? and c1_0.data_fechamento between ? and ? order by c1_0.data_fechamento desc
Hibernate: select c1_0.id,c1_0.closed_by_username,c1_0.data,c1_0.data_hora_abertura,c1_0.data_hora_fechamento,c1_0.opened_by_username,c1_0.reabertura,c1_0.sheet_name,c1_0.spreadsheet_id,c1_0.status,c1_0.valor_abertura,c1_0.valor_fechamento,c1_0.valor_retirada from caixa c1_0 where c1_0.data between ? and ? order by c1_0.data,c1_0.data_hora_abertura
Hibernate: select c1_0.id,c1_0.chave_nfce,c1_0.closed_by_username,c1_0.data_fechamento,c1_0.data_hora,c1_0.forma_pagamento,c1_0.identificador,c1_0.opened_by_username,c1_0.peso_kg,c1_0.preco_por_kilo,c1_0.protocolo_nfce,c1_0.status,c1_0.tipo,c1_0.tipo_produto,c1_0.valor_total from comandas c1_0 where c1_0.status=? and c1_0.data_fechamento between ? and ? order by c1_0.data_fechamento desc
Hibernate: select c1_0.id,c1_0.closed_by_username,c1_0.data,c1_0.data_hora_abertura,c1_0.data_hora_fechamento,c1_0.opened_by_username,c1_0.reabertura,c1_0.sheet_name,c1_0.spreadsheet_id,c1_0.status,c1_0.valor_abertura,c1_0.valor_fechamento,c1_0.valor_retirada from caixa c1_0 where c1_0.data between ? and ? order by c1_0.data,c1_0.data_hora_abertura
Hibernate: select l1_0.id,l1_0.endereco,l1_0.nome,l1_0.responsavel from loja l1_0 where l1_0.id=?
Hibernate: select c1_0.id,c1_0.closed_by_username,c1_0.data,c1_0.data_hora_abertura,c1_0.data_hora_fechamento,c1_0.opened_by_username,c1_0.reabertura,c1_0.sheet_name,c1_0.spreadsheet_id,c1_0.status,c1_0.valor_abertura,c1_0.valor_fechamento,c1_0.valor_retirada from caixa c1_0 where c1_0.data=? and c1_0.status=?
Hibernate: select c1_0.id,c1_0.chave_nfce,c1_0.closed_by_username,c1_0.data_fechamento,c1_0.data_hora,c1_0.forma_pagamento,c1_0.identificador,c1_0.opened_by_username,c1_0.peso_kg,c1_0.preco_por_kilo,c1_0.protocolo_nfce,c1_0.status,c1_0.tipo,c1_0.tipo_produto,c1_0.valor_total from comandas c1_0 where c1_0.status=? and c1_0.data_fechamento between ? and ? order by c1_0.data_fechamento desc
Hibernate: select c1_0.id,c1_0.closed_by_username,c1_0.data,c1_0.data_hora_abertura,c1_0.data_hora_fechamento,c1_0.opened_by_username,c1_0.reabertura,c1_0.sheet_name,c1_0.spreadsheet_id,c1_0.status,c1_0.valor_abertura,c1_0.valor_fechamento,c1_0.valor_retirada from caixa c1_0 where c1_0.data between ? and ? order by c1_0.data,c1_0.data_hora_abertura
Hibernate: select c1_0.id,c1_0.chave_nfce,c1_0.closed_by_username,c1_0.data_fechamento,c1_0.data_hora,c1_0.forma_pagamento,c1_0.identificador,c1_0.opened_by_username,c1_0.peso_kg,c1_0.preco_por_kilo,c1_0.protocolo_nfce,c1_0.status,c1_0.tipo,c1_0.tipo_produto,c1_0.valor_total from comandas c1_0 where c1_0.status=? and c1_0.data_fechamento between ? and ? order by c1_0.data_fechamento desc
Hibernate: select c1_0.id,c1_0.closed_by_username,c1_0.data,c1_0.data_hora_abertura,c1_0.data_hora_fechamento,c1_0.opened_by_username,c1_0.reabertura,c1_0.sheet_name,c1_0.spreadsheet_id,c1_0.status,c1_0.valor_abertura,c1_0.valor_fechamento,c1_0.valor_retirada from caixa c1_0 where c1_0.data between ? and ? order by c1_0.data,c1_0.data_hora_abertura
Hibernate: select c1_0.id,c1_0.chave_nfce,c1_0.closed_by_username,c1_0.data_fechamento,c1_0.data_hora,c1_0.forma_pagamento,c1_0.identificador,c1_0.opened_by_username,c1_0.peso_kg,c1_0.preco_por_kilo,c1_0.protocolo_nfce,c1_0.status,c1_0.tipo,c1_0.tipo_produto,c1_0.valor_total from comandas c1_0 where c1_0.status=? and c1_0.data_fechamento between ? and ? order by c1_0.data_fechamento desc
Hibernate: select c1_0.id,c1_0.closed_by_username,c1_0.data,c1_0.data_hora_abertura,c1_0.data_hora_fechamento,c1_0.opened_by_username,c1_0.reabertura,c1_0.sheet_name,c1_0.spreadsheet_id,c1_0.status,c1_0.valor_abertura,c1_0.valor_fechamento,c1_0.valor_retirada from caixa c1_0 where c1_0.data between ? and ? order by c1_0.data,c1_0.data_hora_abertura
Hibernate: select l1_0.id,l1_0.endereco,l1_0.nome,l1_0.responsavel from loja l1_0 where l1_0.id=?
Hibernate: select c1_0.id,c1_0.closed_by_username,c1_0.data,c1_0.data_hora_abertura,c1_0.data_hora_fechamento,c1_0.opened_by_username,c1_0.reabertura,c1_0.sheet_name,c1_0.spreadsheet_id,c1_0.status,c1_0.valor_abertura,c1_0.valor_fechamento,c1_0.valor_retirada from caixa c1_0 where c1_0.data=? and c1_0.status=?
Hibernate: select c1_0.id,c1_0.chave_nfce,c1_0.closed_by_username,c1_0.data_fechamento,c1_0.data_hora,c1_0.forma_pagamento,c1_0.identificador,c1_0.opened_by_username,c1_0.peso_kg,c1_0.preco_por_kilo,c1_0.protocolo_nfce,c1_0.status,c1_0.tipo,c1_0.tipo_produto,c1_0.valor_total from comandas c1_0 where c1_0.status=? and c1_0.data_fechamento between ? and ? order by c1_0.data_fechamento desc
Hibernate: select c1_0.id,c1_0.closed_by_username,c1_0.data,c1_0.data_hora_abertura,c1_0.data_hora_fechamento,c1_0.opened_by_username,c1_0.reabertura,c1_0.sheet_name,c1_0.spreadsheet_id,c1_0.status,c1_0.valor_abertura,c1_0.valor_fechamento,c1_0.valor_retirada from caixa c1_0 where c1_0.data between ? and ? order by c1_0.data,c1_0.data_hora_abertura
Hibernate: select c1_0.id,c1_0.chave_nfce,c1_0.closed_by_username,c1_0.data_fechamento,c1_0.data_hora,c1_0.forma_pagamento,c1_0.identificador,c1_0.opened_by_username,c1_0.peso_kg,c1_0.preco_por_kilo,c1_0.protocolo_nfce,c1_0.status,c1_0.tipo,c1_0.tipo_produto,c1_0.valor_total from comandas c1_0 where c1_0.status=? and c1_0.data_fechamento between ? and ? order by c1_0.data_fechamento desc
Hibernate: select c1_0.id,c1_0.closed_by_username,c1_0.data,c1_0.data_hora_abertura,c1_0.data_hora_fechamento,c1_0.opened_by_username,c1_0.reabertura,c1_0.sheet_name,c1_0.spreadsheet_id,c1_0.status,c1_0.valor_abertura,c1_0.valor_fechamento,c1_0.valor_retirada from caixa c1_0 where c1_0.data between ? and ? order by c1_0.data,c1_0.data_hora_abertura
Hibernate: select c1_0.id,c1_0.chave_nfce,c1_0.closed_by_username,c1_0.data_fechamento,c1_0.data_hora,c1_0.forma_pagamento,c1_0.identificador,c1_0.opened_by_username,c1_0.peso_kg,c1_0.preco_por_kilo,c1_0.protocolo_nfce,c1_0.status,c1_0.tipo,c1_0.tipo_produto,c1_0.valor_total from comandas c1_0 where c1_0.status=? and c1_0.data_fechamento between ? and ? order by c1_0.data_fechamento desc
Hibernate: select c1_0.id,c1_0.closed_by_username,c1_0.data,c1_0.data_hora_abertura,c1_0.data_hora_fechamento,c1_0.opened_by_username,c1_0.reabertura,c1_0.sheet_name,c1_0.spreadsheet_id,c1_0.status,c1_0.valor_abertura,c1_0.valor_fechamento,c1_0.valor_retirada from caixa c1_0 where c1_0.data between ? and ? order by c1_0.data,c1_0.data_hora_abertura
Hibernate: select l1_0.id,l1_0.endereco,l1_0.nome,l1_0.responsavel from loja l1_0 where l1_0.id=?
Hibernate: select c1_0.id,c1_0.closed_by_username,c1_0.data,c1_0.data_hora_abertura,c1_0.data_hora_fechamento,c1_0.opened_by_username,c1_0.reabertura,c1_0.sheet_name,c1_0.spreadsheet_id,c1_0.status,c1_0.valor_abertura,c1_0.valor_fechamento,c1_0.valor_retirada from caixa c1_0 where c1_0.data=? and c1_0.status=?
Hibernate: select c1_0.id,c1_0.chave_nfce,c1_0.closed_by_username,c1_0.data_fechamento,c1_0.data_hora,c1_0.forma_pagamento,c1_0.identificador,c1_0.opened_by_username,c1_0.peso_kg,c1_0.preco_por_kilo,c1_0.protocolo_nfce,c1_0.status,c1_0.tipo,c1_0.tipo_produto,c1_0.valor_total from comandas c1_0 where c1_0.status=? and c1_0.data_fechamento between ? and ? order by c1_0.data_fechamento desc
Hibernate: select c1_0.id,c1_0.closed_by_username,c1_0.data,c1_0.data_hora_abertura,c1_0.data_hora_fechamento,c1_0.opened_by_username,c1_0.reabertura,c1_0.sheet_name,c1_0.spreadsheet_id,c1_0.status,c1_0.valor_abertura,c1_0.valor_fechamento,c1_0.valor_retirada from caixa c1_0 where c1_0.data between ? and ? order by c1_0.data,c1_0.data_hora_abertura
Hibernate: select c1_0.id,c1_0.chave_nfce,c1_0.closed_by_username,c1_0.data_fechamento,c1_0.data_hora,c1_0.forma_pagamento,c1_0.identificador,c1_0.opened_by_username,c1_0.peso_kg,c1_0.preco_por_kilo,c1_0.protocolo_nfce,c1_0.status,c1_0.tipo,c1_0.tipo_produto,c1_0.valor_total from comandas c1_0 where c1_0.status=? and c1_0.data_fechamento between ? and ? order by c1_0.data_fechamento desc
Hibernate: select c1_0.id,c1_0.closed_by_username,c1_0.data,c1_0.data_hora_abertura,c1_0.data_hora_fechamento,c1_0.opened_by_username,c1_0.reabertura,c1_0.sheet_name,c1_0.spreadsheet_id,c1_0.status,c1_0.valor_abertura,c1_0.valor_fechamento,c1_0.valor_retirada from caixa c1_0 where c1_0.data between ? and ? order by c1_0.data,c1_0.data_hora_abertura
Hibernate: select c1_0.id,c1_0.chave_nfce,c1_0.closed_by_username,c1_0.data_fechamento,c1_0.data_hora,c1_0.forma_pagamento,c1_0.identificador,c1_0.opened_by_username,c1_0.peso_kg,c1_0.preco_por_kilo,c1_0.protocolo_nfce,c1_0.status,c1_0.tipo,c1_0.tipo_produto,c1_0.valor_total from comandas c1_0 where c1_0.status=? and c1_0.data_fechamento between ? and ? order by c1_0.data_fechamento desc
Hibernate: select c1_0.id,c1_0.closed_by_username,c1_0.data,c1_0.data_hora_abertura,c1_0.data_hora_fechamento,c1_0.opened_by_username,c1_0.reabertura,c1_0.sheet_name,c1_0.spreadsheet_id,c1_0.status,c1_0.valor_abertura,c1_0.valor_fechamento,c1_0.valor_retirada from caixa c1_0 where c1_0.data between ? and ? order by c1_0.data,c1_0.data_hora_abertura
Hibernate: select l1_0.id,l1_0.endereco,l1_0.nome,l1_0.responsavel from loja l1_0 where l1_0.id=?
Hibernate: select c1_0.id,c1_0.closed_by_username,c1_0.data,c1_0.data_hora_abertura,c1_0.data_hora_fechamento,c1_0.opened_by_username,c1_0.reabertura,c1_0.sheet_name,c1_0.spreadsheet_id,c1_0.status,c1_0.valor_abertura,c1_0.valor_fechamento,c1_0.valor_retirada from caixa c1_0 where c1_0.data=? and c1_0.status=?
Hibernate: select c1_0.id,c1_0.chave_nfce,c1_0.closed_by_username,c1_0.data_fechamento,c1_0.data_hora,c1_0.forma_pagamento,c1_0.identificador,c1_0.opened_by_username,c1_0.peso_kg,c1_0.preco_por_kilo,c1_0.protocolo_nfce,c1_0.status,c1_0.tipo,c1_0.tipo_produto,c1_0.valor_total from comandas c1_0 where c1_0.status=? and c1_0.data_fechamento between ? and ? order by c1_0.data_fechamento desc
Hibernate: select c1_0.id,c1_0.closed_by_username,c1_0.data,c1_0.data_hora_abertura,c1_0.data_hora_fechamento,c1_0.opened_by_username,c1_0.reabertura,c1_0.sheet_name,c1_0.spreadsheet_id,c1_0.status,c1_0.valor_abertura,c1_0.valor_fechamento,c1_0.valor_retirada from caixa c1_0 where c1_0.data between ? and ? order by c1_0.data,c1_0.data_hora_abertura
Hibernate: select c1_0.id,c1_0.chave_nfce,c1_0.closed_by_username,c1_0.data_fechamento,c1_0.data_hora,c1_0.forma_pagamento,c1_0.identificador,c1_0.opened_by_username,c1_0.peso_kg,c1_0.preco_por_kilo,c1_0.protocolo_nfce,c1_0.status,c1_0.tipo,c1_0.tipo_produto,c1_0.valor_total from comandas c1_0 where c1_0.status=? and c1_0.data_fechamento between ? and ? order by c1_0.data_fechamento desc
Hibernate: select c1_0.id,c1_0.closed_by_username,c1_0.data,c1_0.data_hora_abertura,c1_0.data_hora_fechamento,c1_0.opened_by_username,c1_0.reabertura,c1_0.sheet_name,c1_0.spreadsheet_id,c1_0.status,c1_0.valor_abertura,c1_0.valor_fechamento,c1_0.valor_retirada from caixa c1_0 where c1_0.data between ? and ? order by c1_0.data,c1_0.data_hora_abertura
Hibernate: select c1_0.id,c1_0.chave_nfce,c1_0.closed_by_username,c1_0.data_fechamento,c1_0.data_hora,c1_0.forma_pagamento,c1_0.identificador,c1_0.opened_by_username,c1_0.peso_kg,c1_0.preco_por_kilo,c1_0.protocolo_nfce,c1_0.status,c1_0.tipo,c1_0.tipo_produto,c1_0.valor_total from comandas c1_0 where c1_0.status=? and c1_0.data_fechamento between ? and ? order by c1_0.data_fechamento desc
Hibernate: select c1_0.id,c1_0.closed_by_username,c1_0.data,c1_0.data_hora_abertura,c1_0.data_hora_fechamento,c1_0.opened_by_username,c1_0.reabertura,c1_0.sheet_name,c1_0.spreadsheet_id,c1_0.status,c1_0.valor_abertura,c1_0.valor_fechamento,c1_0.valor_retirada from caixa c1_0 where c1_0.data between ? and ? order by c1_0.data,c1_0.data_hora_abertura
Hibernate: select l1_0.id,l1_0.endereco,l1_0.nome,l1_0.responsavel from loja l1_0 where l1_0.id=?
Hibernate: select c1_0.id,c1_0.closed_by_username,c1_0.data,c1_0.data_hora_abertura,c1_0.data_hora_fechamento,c1_0.opened_by_username,c1_0.reabertura,c1_0.sheet_name,c1_0.spreadsheet_id,c1_0.status,c1_0.valor_abertura,c1_0.valor_fechamento,c1_0.valor_retirada from caixa c1_0 where c1_0.data=? and c1_0.status=?
Hibernate: select c1_0.id,c1_0.chave_nfce,c1_0.closed_by_username,c1_0.data_fechamento,c1_0.data_hora,c1_0.forma_pagamento,c1_0.identificador,c1_0.opened_by_username,c1_0.peso_kg,c1_0.preco_por_kilo,c1_0.protocolo_nfce,c1_0.status,c1_0.tipo,c1_0.tipo_produto,c1_0.valor_total from comandas c1_0 where c1_0.status=? and c1_0.data_fechamento between ? and ? order by c1_0.data_fechamento desc
Hibernate: select c1_0.id,c1_0.closed_by_username,c1_0.data,c1_0.data_hora_abertura,c1_0.data_hora_fechamento,c1_0.opened_by_username,c1_0.reabertura,c1_0.sheet_name,c1_0.spreadsheet_id,c1_0.status,c1_0.valor_abertura,c1_0.valor_fechamento,c1_0.valor_retirada from caixa c1_0 where c1_0.data between ? and ? order by c1_0.data,c1_0.data_hora_abertura
Hibernate: select c1_0.id,c1_0.chave_nfce,c1_0.closed_by_username,c1_0.data_fechamento,c1_0.data_hora,c1_0.forma_pagamento,c1_0.identificador,c1_0.opened_by_username,c1_0.peso_kg,c1_0.preco_por_kilo,c1_0.protocolo_nfce,c1_0.status,c1_0.tipo,c1_0.tipo_produto,c1_0.valor_total from comandas c1_0 where c1_0.status=? and c1_0.data_fechamento between ? and ? order by c1_0.data_fechamento desc
Hibernate: select c1_0.id,c1_0.closed_by_username,c1_0.data,c1_0.data_hora_abertura,c1_0.data_hora_fechamento,c1_0.opened_by_username,c1_0.reabertura,c1_0.sheet_name,c1_0.spreadsheet_id,c1_0.status,c1_0.valor_abertura,c1_0.valor_fechamento,c1_0.valor_retirada from caixa c1_0 where c1_0.data between ? and ? order by c1_0.data,c1_0.data_hora_abertura
Hibernate: select c1_0.id,c1_0.chave_nfce,c1_0.closed_by_username,c1_0.data_fechamento,c1_0.data_hora,c1_0.forma_pagamento,c1_0.identificador,c1_0.opened_by_username,c1_0.peso_kg,c1_0.preco_por_kilo,c1_0.protocolo_nfce,c1_0.status,c1_0.tipo,c1_0.tipo_produto,c1_0.valor_total from comandas c1_0 where c1_0.status=? and c1_0.data_fechamento between ? and ? order by c1_0.data_fechamento desc
Hibernate: select c1_0.id,c1_0.closed_by_username,c1_0.data,c1_0.data_hora_abertura,c1_0.data_hora_fechamento,c1_0.opened_by_username,c1_0.reabertura,c1_0.sheet_name,c1_0.spreadsheet_id,c1_0.status,c1_0.valor_abertura,c1_0.valor_fechamento,c1_0.valor_retirada from caixa c1_0 where c1_0.data between ? and ? order by c1_0.data,c1_0.data_hora_abertura
Hibernate: select l1_0.id,l1_0.endereco,l1_0.nome,l1_0.responsavel from loja l1_0 where l1_0.id=?
Hibernate: select c1_0.id,c1_0.closed_by_username,c1_0.data,c1_0.data_hora_abertura,c1_0.data_hora_fechamento,c1_0.opened_by_username,c1_0.reabertura,c1_0.sheet_name,c1_0.spreadsheet_id,c1_0.status,c1_0.valor_abertura,c1_0.valor_fechamento,c1_0.valor_retirada from caixa c1_0 where c1_0.data=? and c1_0.status=?
Hibernate: select c1_0.id,c1_0.chave_nfce,c1_0.closed_by_username,c1_0.data_fechamento,c1_0.data_hora,c1_0.forma_pagamento,c1_0.identificador,c1_0.opened_by_username,c1_0.peso_kg,c1_0.preco_por_kilo,c1_0.protocolo_nfce,c1_0.status,c1_0.tipo,c1_0.tipo_produto,c1_0.valor_total from comandas c1_0 where c1_0.status=? and c1_0.data_fechamento between ? and ? order by c1_0.data_fechamento desc
Hibernate: select c1_0.id,c1_0.closed_by_username,c1_0.data,c1_0.data_hora_abertura,c1_0.data_hora_fechamento,c1_0.opened_by_username,c1_0.reabertura,c1_0.sheet_name,c1_0.spreadsheet_id,c1_0.status,c1_0.valor_abertura,c1_0.valor_fechamento,c1_0.valor_retirada from caixa c1_0 where c1_0.data between ? and ? order by c1_0.data,c1_0.data_hora_abertura
Hibernate: select c1_0.id,c1_0.chave_nfce,c1_0.closed_by_username,c1_0.data_fechamento,c1_0.data_hora,c1_0.forma_pagamento,c1_0.identificador,c1_0.opened_by_username,c1_0.peso_kg,c1_0.preco_por_kilo,c1_0.protocolo_nfce,c1_0.status,c1_0.tipo,c1_0.tipo_produto,c1_0.valor_total from comandas c1_0 where c1_0.status=? and c1_0.data_fechamento between ? and ? order by c1_0.data_fechamento desc
Hibernate: select c1_0.id,c1_0.closed_by_username,c1_0.data,c1_0.data_hora_abertura,c1_0.data_hora_fechamento,c1_0.opened_by_username,c1_0.reabertura,c1_0.sheet_name,c1_0.spreadsheet_id,c1_0.status,c1_0.valor_abertura,c1_0.valor_fechamento,c1_0.valor_retirada from caixa c1_0 where c1_0.data between ? and ? order by c1_0.data,c1_0.data_hora_abertura
Hibernate: select c1_0.id,c1_0.chave_nfce,c1_0.closed_by_username,c1_0.data_fechamento,c1_0.data_hora,c1_0.forma_pagamento,c1_0.identificador,c1_0.opened_by_username,c1_0.peso_kg,c1_0.preco_por_kilo,c1_0.protocolo_nfce,c1_0.status,c1_0.tipo,c1_0.tipo_produto,c1_0.valor_total from comandas c1_0 where c1_0.status=? and c1_0.data_fechamento between ? and ? order by c1_0.data_fechamento desc
Hibernate: select c1_0.id,c1_0.closed_by_username,c1_0.data,c1_0.data_hora_abertura,c1_0.data_hora_fechamento,c1_0.opened_by_username,c1_0.reabertura,c1_0.sheet_name,c1_0.spreadsheet_id,c1_0.status,c1_0.valor_abertura,c1_0.valor_fechamento,c1_0.valor_retirada from caixa c1_0 where c1_0.data between ? and ? order by c1_0.data,c1_0.data_hora_abertura
Hibernate: select l1_0.id,l1_0.endereco,l1_0.nome,l1_0.responsavel from loja l1_0 where l1_0.id=?
Hibernate: select c1_0.id,c1_0.closed_by_username,c1_0.data,c1_0.data_hora_abertura,c1_0.data_hora_fechamento,c1_0.opened_by_username,c1_0.reabertura,c1_0.sheet_name,c1_0.spreadsheet_id,c1_0.status,c1_0.valor_abertura,c1_0.valor_fechamento,c1_0.valor_retirada from caixa c1_0 where c1_0.data=? and c1_0.status=?
Hibernate: select c1_0.id,c1_0.chave_nfce,c1_0.closed_by_username,c1_0.data_fechamento,c1_0.data_hora,c1_0.forma_pagamento,c1_0.identificador,c1_0.opened_by_username,c1_0.peso_kg,c1_0.preco_por_kilo,c1_0.protocolo_nfce,c1_0.status,c1_0.tipo,c1_0.tipo_produto,c1_0.valor_total from comandas c1_0 where c1_0.status=? and c1_0.data_fechamento between ? and ? order by c1_0.data_fechamento desc
Hibernate: select c1_0.id,c1_0.closed_by_username,c1_0.data,c1_0.data_hora_abertura,c1_0.data_hora_fechamento,c1_0.opened_by_username,c1_0.reabertura,c1_0.sheet_name,c1_0.spreadsheet_id,c1_0.status,c1_0.valor_abertura,c1_0.valor_fechamento,c1_0.valor_retirada from caixa c1_0 where c1_0.data between ? and ? order by c1_0.data,c1_0.data_hora_abertura
Hibernate: select c1_0.id,c1_0.chave_nfce,c1_0.closed_by_username,c1_0.data_fechamento,c1_0.data_hora,c1_0.forma_pagamento,c1_0.identificador,c1_0.opened_by_username,c1_0.peso_kg,c1_0.preco_por_kilo,c1_0.protocolo_nfce,c1_0.status,c1_0.tipo,c1_0.tipo_produto,c1_0.valor_total from comandas c1_0 where c1_0.status=? and c1_0.data_fechamento between ? and ? order by c1_0.data_fechamento desc
Hibernate: select c1_0.id,c1_0.closed_by_username,c1_0.data,c1_0.data_hora_abertura,c1_0.data_hora_fechamento,c1_0.opened_by_username,c1_0.reabertura,c1_0.sheet_name,c1_0.spreadsheet_id,c1_0.status,c1_0.valor_abertura,c1_0.valor_fechamento,c1_0.valor_retirada from caixa c1_0 where c1_0.data between ? and ? order by c1_0.data,c1_0.data_hora_abertura
Hibernate: select c1_0.id,c1_0.chave_nfce,c1_0.closed_by_username,c1_0.data_fechamento,c1_0.data_hora,c1_0.forma_pagamento,c1_0.identificador,c1_0.opened_by_username,c1_0.peso_kg,c1_0.preco_por_kilo,c1_0.protocolo_nfce,c1_0.status,c1_0.tipo,c1_0.tipo_produto,c1_0.valor_total from comandas c1_0 where c1_0.status=? and c1_0.data_fechamento between ? and ? order by c1_0.data_fechamento desc
Hibernate: select c1_0.id,c1_0.closed_by_username,c1_0.data,c1_0.data_hora_abertura,c1_0.data_hora_fechamento,c1_0.opened_by_username,c1_0.reabertura,c1_0.sheet_name,c1_0.spreadsheet_id,c1_0.status,c1_0.valor_abertura,c1_0.valor_fechamento,c1_0.valor_retirada from caixa c1_0 where c1_0.data between ? and ? order by c1_0.data,c1_0.data_hora_abertura
Hibernate: select l1_0.id,l1_0.endereco,l1_0.nome,l1_0.responsavel from loja l1_0 where l1_0.id=?
Hibernate: select c1_0.id,c1_0.closed_by_username,c1_0.data,c1_0.data_hora_abertura,c1_0.data_hora_fechamento,c1_0.opened_by_username,c1_0.reabertura,c1_0.sheet_name,c1_0.spreadsheet_id,c1_0.status,c1_0.valor_abertura,c1_0.valor_fechamento,c1_0.valor_retirada from caixa c1_0 where c1_0.data=? and c1_0.status=?
Hibernate: select c1_0.id,c1_0.chave_nfce,c1_0.closed_by_username,c1_0.data_fechamento,c1_0.data_hora,c1_0.forma_pagamento,c1_0.identificador,c1_0.opened_by_username,c1_0.peso_kg,c1_0.preco_por_kilo,c1_0.protocolo_nfce,c1_0.status,c1_0.tipo,c1_0.tipo_produto,c1_0.valor_total from comandas c1_0 where c1_0.status=? and c1_0.data_fechamento between ? and ? order by c1_0.data_fechamento desc
Hibernate: select c1_0.id,c1_0.closed_by_username,c1_0.data,c1_0.data_hora_abertura,c1_0.data_hora_fechamento,c1_0.opened_by_username,c1_0.reabertura,c1_0.sheet_name,c1_0.spreadsheet_id,c1_0.status,c1_0.valor_abertura,c1_0.valor_fechamento,c1_0.valor_retirada from caixa c1_0 where c1_0.data between ? and ? order by c1_0.data,c1_0.data_hora_abertura
Hibernate: select c1_0.id,c1_0.chave_nfce,c1_0.closed_by_username,c1_0.data_fechamento,c1_0.data_hora,c1_0.forma_pagamento,c1_0.identificador,c1_0.opened_by_username,c1_0.peso_kg,c1_0.preco_por_kilo,c1_0.protocolo_nfce,c1_0.status,c1_0.tipo,c1_0.tipo_produto,c1_0.valor_total from comandas c1_0 where c1_0.status=? and c1_0.data_fechamento between ? and ? order by c1_0.data_fechamento desc
Hibernate: select c1_0.id,c1_0.closed_by_username,c1_0.data,c1_0.data_hora_abertura,c1_0.data_hora_fechamento,c1_0.opened_by_username,c1_0.reabertura,c1_0.sheet_name,c1_0.spreadsheet_id,c1_0.status,c1_0.valor_abertura,c1_0.valor_fechamento,c1_0.valor_retirada from caixa c1_0 where c1_0.data between ? and ? order by c1_0.data,c1_0.data_hora_abertura
Hibernate: select l1_0.id,l1_0.endereco,l1_0.nome,l1_0.responsavel from loja l1_0 where l1_0.id=?
Hibernate: select c1_0.id,c1_0.closed_by_username,c1_0.data,c1_0.data_hora_abertura,c1_0.data_hora_fechamento,c1_0.opened_by_username,c1_0.reabertura,c1_0.sheet_name,c1_0.spreadsheet_id,c1_0.status,c1_0.valor_abertura,c1_0.valor_fechamento,c1_0.valor_retirada from caixa c1_0 where c1_0.data=? and c1_0.status=?
Hibernate: select c1_0.id,c1_0.chave_nfce,c1_0.closed_by_username,c1_0.data_fechamento,c1_0.data_hora,c1_0.forma_pagamento,c1_0.identificador,c1_0.opened_by_username,c1_0.peso_kg,c1_0.preco_por_kilo,c1_0.protocolo_nfce,c1_0.status,c1_0.tipo,c1_0.tipo_produto,c1_0.valor_total from comandas c1_0 where c1_0.status=? and c1_0.data_fechamento between ? and ? order by c1_0.data_fechamento desc
Hibernate: select c1_0.id,c1_0.closed_by_username,c1_0.data,c1_0.data_hora_abertura,c1_0.data_hora_fechamento,c1_0.opened_by_username,c1_0.reabertura,c1_0.sheet_name,c1_0.spreadsheet_id,c1_0.status,c1_0.valor_abertura,c1_0.valor_fechamento,c1_0.valor_retirada from caixa c1_0 where c1_0.data between ? and ? order by c1_0.data,c1_0.data_hora_abertura
Hibernate: select c1_0.id,c1_0.chave_nfce,c1_0.closed_by_username,c1_0.data_fechamento,c1_0.data_hora,c1_0.forma_pagamento,c1_0.identificador,c1_0.opened_by_username,c1_0.peso_kg,c1_0.preco_por_kilo,c1_0.protocolo_nfce,c1_0.status,c1_0.tipo,c1_0.tipo_produto,c1_0.valor_total from comandas c1_0 where c1_0.status=? and c1_0.data_fechamento between ? and ? order by c1_0.data_fechamento desc
Hibernate: select c1_0.id,c1_0.closed_by_username,c1_0.data,c1_0.data_hora_abertura,c1_0.data_hora_fechamento,c1_0.opened_by_username,c1_0.reabertura,c1_0.sheet_name,c1_0.spreadsheet_id,c1_0.status,c1_0.valor_abertura,c1_0.valor_fechamento,c1_0.valor_retirada from caixa c1_0 where c1_0.data between ? and ? order by c1_0.data,c1_0.data_hora_abertura
Hibernate: select l1_0.id,l1_0.endereco,l1_0.nome,l1_0.responsavel from loja l1_0 where l1_0.id=?
Hibernate: select c1_0.id,c1_0.closed_by_username,c1_0.data,c1_0.data_hora_abertura,c1_0.data_hora_fechamento,c1_0.opened_by_username,c1_0.reabertura,c1_0.sheet_name,c1_0.spreadsheet_id,c1_0.status,c1_0.valor_abertura,c1_0.valor_fechamento,c1_0.valor_retirada from caixa c1_0 where c1_0.data=? and c1_0.status=?
Hibernate: select c1_0.id,c1_0.chave_nfce,c1_0.closed_by_username,c1_0.data_fechamento,c1_0.data_hora,c1_0.forma_pagamento,c1_0.identificador,c1_0.opened_by_username,c1_0.peso_kg,c1_0.preco_por_kilo,c1_0.protocolo_nfce,c1_0.status,c1_0.tipo,c1_0.tipo_produto,c1_0.valor_total from comandas c1_0 where c1_0.status=? and c1_0.data_fechamento between ? and ? order by c1_0.data_fechamento desc
Hibernate: select c1_0.id,c1_0.closed_by_username,c1_0.data,c1_0.data_hora_abertura,c1_0.data_hora_fechamento,c1_0.opened_by_username,c1_0.reabertura,c1_0.sheet_name,c1_0.spreadsheet_id,c1_0.status,c1_0.valor_abertura,c1_0.valor_fechamento,c1_0.valor_retirada from caixa c1_0 where c1_0.data between ? and ? order by c1_0.data,c1_0.data_hora_abertura
Hibernate: select c1_0.id,c1_0.chave_nfce,c1_0.closed_by_username,c1_0.data_fechamento,c1_0.data_hora,c1_0.forma_pagamento,c1_0.identificador,c1_0.opened_by_username,c1_0.peso_kg,c1_0.preco_por_kilo,c1_0.protocolo_nfce,c1_0.status,c1_0.tipo,c1_0.tipo_produto,c1_0.valor_total from comandas c1_0 where c1_0.status=? and c1_0.data_fechamento between ? and ? order by c1_0.data_fechamento desc
Hibernate: select c1_0.id,c1_0.closed_by_username,c1_0.data,c1_0.data_hora_abertura,c1_0.data_hora_fechamento,c1_0.opened_by_username,c1_0.reabertura,c1_0.sheet_name,c1_0.spreadsheet_id,c1_0.status,c1_0.valor_abertura,c1_0.valor_fechamento,c1_0.valor_retirada from caixa c1_0 where c1_0.data between ? and ? order by c1_0.data,c1_0.data_hora_abertura
Hibernate: select l1_0.id,l1_0.endereco,l1_0.nome,l1_0.responsavel from loja l1_0 where l1_0.id=?
Hibernate: select c1_0.id,c1_0.closed_by_username,c1_0.data,c1_0.data_hora_abertura,c1_0.data_hora_fechamento,c1_0.opened_by_username,c1_0.reabertura,c1_0.sheet_name,c1_0.spreadsheet_id,c1_0.status,c1_0.valor_abertura,c1_0.valor_fechamento,c1_0.valor_retirada from caixa c1_0 where c1_0.data=? and c1_0.status=?
Hibernate: select c1_0.id,c1_0.chave_nfce,c1_0.closed_by_username,c1_0.data_fechamento,c1_0.data_hora,c1_0.forma_pagamento,c1_0.identificador,c1_0.opened_by_username,c1_0.peso_kg,c1_0.preco_por_kilo,c1_0.protocolo_nfce,c1_0.status,c1_0.tipo,c1_0.tipo_produto,c1_0.valor_total from comandas c1_0 where c1_0.status=? and c1_0.data_fechamento between ? and ? order by c1_0.data_fechamento desc
Hibernate: select c1_0.id,c1_0.closed_by_username,c1_0.data,c1_0.data_hora_abertura,c1_0.data_hora_fechamento,c1_0.opened_by_username,c1_0.reabertura,c1_0.sheet_name,c1_0.spreadsheet_id,c1_0.status,c1_0.valor_abertura,c1_0.valor_fechamento,c1_0.valor_retirada from caixa c1_0 where c1_0.data between ? and ? order by c1_0.data,c1_0.data_hora_abertura
2026-04-08T09:25:39.168-03:00  INFO 13224 --- [acai-backend] [ngodb.net:27017] org.mongodb.driver.cluster               : Exception in monitor thread while connecting to server ac-mtaygmc-shard-00-01.h8a2j5v.mongodb.net:27017

com.mongodb.MongoSocketReadTimeoutException: Timeout while receiving message
	at com.mongodb.internal.connection.InternalStreamConnection.translateReadException(InternalStreamConnection.java:728) ~[mongodb-driver-core-4.11.1.jar!/:na]
	at com.mongodb.internal.connection.InternalStreamConnection.receiveMessageWithAdditionalTimeout(InternalStreamConnection.java:606) ~[mongodb-driver-core-4.11.1.jar!/:na]
	at com.mongodb.internal.connection.InternalStreamConnection.receiveCommandMessageResponse(InternalStreamConnection.java:451) ~[mongodb-driver-core-4.11.1.jar!/:na]
	at com.mongodb.internal.connection.InternalStreamConnection.receive(InternalStreamConnection.java:404) ~[mongodb-driver-core-4.11.1.jar!/:na]
	at com.mongodb.internal.connection.DefaultServerMonitor$ServerMonitorRunnable.lookupServerDescription(DefaultServerMonitor.java:224) ~[mongodb-driver-core-4.11.1.jar!/:na]
	at com.mongodb.internal.connection.DefaultServerMonitor$ServerMonitorRunnable.run(DefaultServerMonitor.java:156) ~[mongodb-driver-core-4.11.1.jar!/:na]
	at java.base/java.lang.Thread.run(Thread.java:842) ~[na:na]
Caused by: java.net.SocketTimeoutException: Read timed out
	at java.base/sun.nio.ch.NioSocketImpl.timedRead(NioSocketImpl.java:288) ~[na:na]
	at java.base/sun.nio.ch.NioSocketImpl.implRead(NioSocketImpl.java:314) ~[na:na]
	at java.base/sun.nio.ch.NioSocketImpl.read(NioSocketImpl.java:355) ~[na:na]
	at java.base/sun.nio.ch.NioSocketImpl$1.read(NioSocketImpl.java:808) ~[na:na]
	at java.base/java.net.Socket$SocketInputStream.read(Socket.java:966) ~[na:na]
	at java.base/sun.security.ssl.SSLSocketInputRecord.read(SSLSocketInputRecord.java:484) ~[na:na]
	at java.base/sun.security.ssl.SSLSocketInputRecord.readHeader(SSLSocketInputRecord.java:478) ~[na:na]
	at java.base/sun.security.ssl.SSLSocketInputRecord.bytesInCompletePacket(SSLSocketInputRecord.java:70) ~[na:na]
	at java.base/sun.security.ssl.SSLSocketImpl.readApplicationRecord(SSLSocketImpl.java:1461) ~[na:na]
	at java.base/sun.security.ssl.SSLSocketImpl$AppInputStream.read(SSLSocketImpl.java:1065) ~[na:na]
	at com.mongodb.internal.connection.SocketStream.read(SocketStream.java:175) ~[mongodb-driver-core-4.11.1.jar!/:na]
	at com.mongodb.internal.connection.SocketStream.read(SocketStream.java:200) ~[mongodb-driver-core-4.11.1.jar!/:na]
	at com.mongodb.internal.connection.InternalStreamConnection.receiveResponseBuffers(InternalStreamConnection.java:739) ~[mongodb-driver-core-4.11.1.jar!/:na]
	at com.mongodb.internal.connection.InternalStreamConnection.receiveMessageWithAdditionalTimeout(InternalStreamConnection.java:603) ~[mongodb-driver-core-4.11.1.jar!/:na]
	... 5 common frames omitted

2026-04-08T09:25:39.485-03:00  INFO 13224 --- [acai-backend] [ngodb.net:27017] org.mongodb.driver.cluster               : Monitor thread successfully connected to server with description ServerDescription{address=ac-mtaygmc-shard-00-01.h8a2j5v.mongodb.net:27017, type=REPLICA_SET_SECONDARY, state=CONNECTED, ok=true, minWireVersion=0, maxWireVersion=25, maxDocumentSize=16777216, logicalSessionTimeoutMinutes=30, roundTripTimeNanos=133993400, setName='atlas-cqk1um-shard-0', canonicalAddress=ac-mtaygmc-shard-00-01.h8a2j5v.mongodb.net:27017, hosts=[ac-mtaygmc-shard-00-00.h8a2j5v.mongodb.net:27017, ac-mtaygmc-shard-00-01.h8a2j5v.mongodb.net:27017, ac-mtaygmc-shard-00-02.h8a2j5v.mongodb.net:27017], passives=[], arbiters=[], primary='ac-mtaygmc-shard-00-02.h8a2j5v.mongodb.net:27017', tagSet=TagSet{[Tag{name='availabilityZone', value='southamerica-east1-b'}, Tag{name='diskState', value='READY'}, Tag{name='nodeType', value='ELECTABLE'}, Tag{name='provider', value='GCP'}, Tag{name='region', value='SOUTH_AMERICA_EAST_1'}, Tag{name='workloadType', value='OPERATIONAL'}]}, electionId=null, setVersion=38, topologyVersion=TopologyVersion{processId=69cfd2f8edc3ccb9d077207d, counter=3}, lastWriteDate=Wed Apr 08 09:25:39 BRT 2026, lastUpdateTimeNanos=665909483707000}
Hibernate: select c1_0.id,c1_0.chave_nfce,c1_0.closed_by_username,c1_0.data_fechamento,c1_0.data_hora,c1_0.forma_pagamento,c1_0.identificador,c1_0.opened_by_username,c1_0.peso_kg,c1_0.preco_por_kilo,c1_0.protocolo_nfce,c1_0.status,c1_0.tipo,c1_0.tipo_produto,c1_0.valor_total from comandas c1_0 where c1_0.status=? and c1_0.data_fechamento between ? and ? order by c1_0.data_fechamento desc
Hibernate: select c1_0.id,c1_0.closed_by_username,c1_0.data,c1_0.data_hora_abertura,c1_0.data_hora_fechamento,c1_0.opened_by_username,c1_0.reabertura,c1_0.sheet_name,c1_0.spreadsheet_id,c1_0.status,c1_0.valor_abertura,c1_0.valor_fechamento,c1_0.valor_retirada from caixa c1_0 where c1_0.data between ? and ? order by c1_0.data,c1_0.data_hora_abertura
Hibernate: select l1_0.id,l1_0.endereco,l1_0.nome,l1_0.responsavel from loja l1_0 where l1_0.id=?
Hibernate: select c1_0.id,c1_0.closed_by_username,c1_0.data,c1_0.data_hora_abertura,c1_0.data_hora_fechamento,c1_0.opened_by_username,c1_0.reabertura,c1_0.sheet_name,c1_0.spreadsheet_id,c1_0.status,c1_0.valor_abertura,c1_0.valor_fechamento,c1_0.valor_retirada from caixa c1_0 where c1_0.data=? and c1_0.status=?
Hibernate: select c1_0.id,c1_0.chave_nfce,c1_0.closed_by_username,c1_0.data_fechamento,c1_0.data_hora,c1_0.forma_pagamento,c1_0.identificador,c1_0.opened_by_username,c1_0.peso_kg,c1_0.preco_por_kilo,c1_0.protocolo_nfce,c1_0.status,c1_0.tipo,c1_0.tipo_produto,c1_0.valor_total from comandas c1_0 where c1_0.status=? and c1_0.data_fechamento between ? and ? order by c1_0.data_fechamento desc
Hibernate: select c1_0.id,c1_0.closed_by_username,c1_0.data,c1_0.data_hora_abertura,c1_0.data_hora_fechamento,c1_0.opened_by_username,c1_0.reabertura,c1_0.sheet_name,c1_0.spreadsheet_id,c1_0.status,c1_0.valor_abertura,c1_0.valor_fechamento,c1_0.valor_retirada from caixa c1_0 where c1_0.data between ? and ? order by c1_0.data,c1_0.data_hora_abertura
Hibernate: select c1_0.id,c1_0.chave_nfce,c1_0.closed_by_username,c1_0.data_fechamento,c1_0.data_hora,c1_0.forma_pagamento,c1_0.identificador,c1_0.opened_by_username,c1_0.peso_kg,c1_0.preco_por_kilo,c1_0.protocolo_nfce,c1_0.status,c1_0.tipo,c1_0.tipo_produto,c1_0.valor_total from comandas c1_0 where c1_0.status=? and c1_0.data_fechamento between ? and ? order by c1_0.data_fechamento desc
Hibernate: select c1_0.id,c1_0.closed_by_username,c1_0.data,c1_0.data_hora_abertura,c1_0.data_hora_fechamento,c1_0.opened_by_username,c1_0.reabertura,c1_0.sheet_name,c1_0.spreadsheet_id,c1_0.status,c1_0.valor_abertura,c1_0.valor_fechamento,c1_0.valor_retirada from caixa c1_0 where c1_0.data between ? and ? order by c1_0.data,c1_0.data_hora_abertura
Hibernate: select c1_0.id,c1_0.chave_nfce,c1_0.closed_by_username,c1_0.data_fechamento,c1_0.data_hora,c1_0.forma_pagamento,c1_0.identificador,c1_0.opened_by_username,c1_0.peso_kg,c1_0.preco_por_kilo,c1_0.protocolo_nfce,c1_0.status,c1_0.tipo,c1_0.tipo_produto,c1_0.valor_total from comandas c1_0 where c1_0.status=? and c1_0.data_fechamento between ? and ? order by c1_0.data_fechamento desc
Hibernate: select c1_0.id,c1_0.closed_by_username,c1_0.data,c1_0.data_hora_abertura,c1_0.data_hora_fechamento,c1_0.opened_by_username,c1_0.reabertura,c1_0.sheet_name,c1_0.spreadsheet_id,c1_0.status,c1_0.valor_abertura,c1_0.valor_fechamento,c1_0.valor_retirada from caixa c1_0 where c1_0.data between ? and ? order by c1_0.data,c1_0.data_hora_abertura
Hibernate: select l1_0.id,l1_0.endereco,l1_0.nome,l1_0.responsavel from loja l1_0 where l1_0.id=?
Hibernate: select c1_0.id,c1_0.closed_by_username,c1_0.data,c1_0.data_hora_abertura,c1_0.data_hora_fechamento,c1_0.opened_by_username,c1_0.reabertura,c1_0.sheet_name,c1_0.spreadsheet_id,c1_0.status,c1_0.valor_abertura,c1_0.valor_fechamento,c1_0.valor_retirada from caixa c1_0 where c1_0.data=? and c1_0.status=?
Hibernate: select c1_0.id,c1_0.chave_nfce,c1_0.closed_by_username,c1_0.data_fechamento,c1_0.data_hora,c1_0.forma_pagamento,c1_0.identificador,c1_0.opened_by_username,c1_0.peso_kg,c1_0.preco_por_kilo,c1_0.protocolo_nfce,c1_0.status,c1_0.tipo,c1_0.tipo_produto,c1_0.valor_total from comandas c1_0 where c1_0.status=? and c1_0.data_fechamento between ? and ? order by c1_0.data_fechamento desc
Hibernate: select c1_0.id,c1_0.closed_by_username,c1_0.data,c1_0.data_hora_abertura,c1_0.data_hora_fechamento,c1_0.opened_by_username,c1_0.reabertura,c1_0.sheet_name,c1_0.spreadsheet_id,c1_0.status,c1_0.valor_abertura,c1_0.valor_fechamento,c1_0.valor_retirada from caixa c1_0 where c1_0.data between ? and ? order by c1_0.data,c1_0.data_hora_abertura
Hibernate: select c1_0.id,c1_0.chave_nfce,c1_0.closed_by_username,c1_0.data_fechamento,c1_0.data_hora,c1_0.forma_pagamento,c1_0.identificador,c1_0.opened_by_username,c1_0.peso_kg,c1_0.preco_por_kilo,c1_0.protocolo_nfce,c1_0.status,c1_0.tipo,c1_0.tipo_produto,c1_0.valor_total from comandas c1_0 where c1_0.status=? and c1_0.data_fechamento between ? and ? order by c1_0.data_fechamento desc
Hibernate: select c1_0.id,c1_0.closed_by_username,c1_0.data,c1_0.data_hora_abertura,c1_0.data_hora_fechamento,c1_0.opened_by_username,c1_0.reabertura,c1_0.sheet_name,c1_0.spreadsheet_id,c1_0.status,c1_0.valor_abertura,c1_0.valor_fechamento,c1_0.valor_retirada from caixa c1_0 where c1_0.data between ? and ? order by c1_0.data,c1_0.data_hora_abertura
Hibernate: select c1_0.id,c1_0.chave_nfce,c1_0.closed_by_username,c1_0.data_fechamento,c1_0.data_hora,c1_0.forma_pagamento,c1_0.identificador,c1_0.opened_by_username,c1_0.peso_kg,c1_0.preco_por_kilo,c1_0.protocolo_nfce,c1_0.status,c1_0.tipo,c1_0.tipo_produto,c1_0.valor_total from comandas c1_0 where c1_0.status=? and c1_0.data_fechamento between ? and ? order by c1_0.data_fechamento desc
Hibernate: select c1_0.id,c1_0.closed_by_username,c1_0.data,c1_0.data_hora_abertura,c1_0.data_hora_fechamento,c1_0.opened_by_username,c1_0.reabertura,c1_0.sheet_name,c1_0.spreadsheet_id,c1_0.status,c1_0.valor_abertura,c1_0.valor_fechamento,c1_0.valor_retirada from caixa c1_0 where c1_0.data between ? and ? order by c1_0.data,c1_0.data_hora_abertura
Hibernate: select l1_0.id,l1_0.endereco,l1_0.nome,l1_0.responsavel from loja l1_0 where l1_0.id=?
Hibernate: select c1_0.id,c1_0.closed_by_username,c1_0.data,c1_0.data_hora_abertura,c1_0.data_hora_fechamento,c1_0.opened_by_username,c1_0.reabertura,c1_0.sheet_name,c1_0.spreadsheet_id,c1_0.status,c1_0.valor_abertura,c1_0.valor_fechamento,c1_0.valor_retirada from caixa c1_0 where c1_0.data=? and c1_0.status=?
Hibernate: select c1_0.id,c1_0.chave_nfce,c1_0.closed_by_username,c1_0.data_fechamento,c1_0.data_hora,c1_0.forma_pagamento,c1_0.identificador,c1_0.opened_by_username,c1_0.peso_kg,c1_0.preco_por_kilo,c1_0.protocolo_nfce,c1_0.status,c1_0.tipo,c1_0.tipo_produto,c1_0.valor_total from comandas c1_0 where c1_0.status=? and c1_0.data_fechamento between ? and ? order by c1_0.data_fechamento desc
Hibernate: select c1_0.id,c1_0.closed_by_username,c1_0.data,c1_0.data_hora_abertura,c1_0.data_hora_fechamento,c1_0.opened_by_username,c1_0.reabertura,c1_0.sheet_name,c1_0.spreadsheet_id,c1_0.status,c1_0.valor_abertura,c1_0.valor_fechamento,c1_0.valor_retirada from caixa c1_0 where c1_0.data between ? and ? order by c1_0.data,c1_0.data_hora_abertura
Hibernate: select c1_0.id,c1_0.chave_nfce,c1_0.closed_by_username,c1_0.data_fechamento,c1_0.data_hora,c1_0.forma_pagamento,c1_0.identificador,c1_0.opened_by_username,c1_0.peso_kg,c1_0.preco_por_kilo,c1_0.protocolo_nfce,c1_0.status,c1_0.tipo,c1_0.tipo_produto,c1_0.valor_total from comandas c1_0 where c1_0.status=? and c1_0.data_fechamento between ? and ? order by c1_0.data_fechamento desc
Hibernate: select c1_0.id,c1_0.closed_by_username,c1_0.data,c1_0.data_hora_abertura,c1_0.data_hora_fechamento,c