2026-04-03 10:44:10,803 DEBUG - Starting WinSW in console mode
2026-04-03 10:44:10,854 INFO  - Installing service 'Delivere Acai - Mix Açaí (DelivereAcai)'...
2026-04-03 10:44:10,895 INFO  - Service 'Delivere Acai - Mix Açaí (DelivereAcai)' was installed successfully.
2026-04-03 10:47:55,238 DEBUG - Starting WinSW in service mode
2026-04-03 10:47:55,467 INFO  - Starting cmd /c "C:\Program Files\DelivereAcai\instalar\start-servico.bat"
2026-04-03 10:47:55,511 INFO  - Started process 5036
2026-04-03 10:47:55,528 DEBUG - Forwarding logs of the process System.Diagnostics.Process (cmd) to WinSW.TimeBasedRollingLogAppender
2026-04-11 08:15:11,725 DEBUG - Starting WinSW in service mode
2026-04-11 08:15:11,956 INFO  - Starting cmd /c "C:\Program Files\DelivereAcai\instalar\start-servico.bat"
2026-04-11 08:15:12,002 INFO  - Started process 8276
2026-04-11 08:15:12,020 DEBUG - Forwarding logs of the process System.Diagnostics.Process (cmd) to WinSW.TimeBasedRollingLogAppender
2026-04-18 08:00:45,102 DEBUG - Starting WinSW in service mode
2026-04-18 08:00:45,401 INFO  - Starting cmd /c "C:\Program Files\DelivereAcai\instalar\start-servico.bat"
2026-04-18 08:00:45,444 INFO  - Started process 3704
2026-04-18 08:00:45,459 DEBUG - Forwarding logs of the process System.Diagnostics.Process (cmd) to WinSW.TimeBasedRollingLogAppender
2026-04-23 08:56:01,744 DEBUG - Starting WinSW in service mode
2026-04-23 08:56:02,015 INFO  - Starting cmd /c "C:\Program Files\DelivereAcai\instalar\start-servico.bat"
2026-04-23 08:56:02,059 INFO  - Started process 8948
2026-04-23 08:56:02,074 DEBUG - Forwarding logs of the process System.Diagnostics.Process (cmd) to WinSW.TimeBasedRollingLogAppender
2026-04-23 09:49:04,623 DEBUG - Starting WinSW in service mode
2026-04-23 09:49:04,878 INFO  - Starting cmd /c "C:\Program Files\DelivereAcai\instalar\start-servico.bat"
2026-04-23 09:49:04,922 INFO  - Started process 9512
2026-04-23 09:49:04,938 DEBUG - Forwarding logs of the process System.Diagnostics.Process (cmd) to WinSW.TimeBasedRollingLogAppender
2026-04-24 08:03:49,106 DEBUG - Starting WinSW in service mode
2026-04-24 08:03:49,335 INFO  - Starting cmd /c "C:\Program Files\DelivereAcai\instalar\start-servico.bat"
2026-04-24 08:03:49,378 INFO  - Started process 12188
2026-04-24 08:03:49,396 DEBUG - Forwarding logs of the process System.Diagnostics.Process (cmd) to WinSW.TimeBasedRollingLogAppender
2026-04-26 10:47:26,019 INFO  - Stopping DelivereAcai
2026-04-26 10:47:26,020 DEBUG - ProcessKill 12188
2026-04-26 10:47:26,025 DEBUG - Stopping process 12188...
2026-04-26 10:47:41,033 DEBUG - Process 12188 terminated.
2026-04-26 10:47:41,056 INFO  - Finished DelivereAcai
2026-04-26 10:53:48,534 DEBUG - Starting WinSW in service mode
2026-04-26 10:53:48,768 INFO  - Starting cmd /c "C:\Program Files\DelivereAcai\instalar\start-servico.bat"
2026-04-26 10:53:48,813 INFO  - Started process 4592
2026-04-26 10:53:48,829 DEBUG - Forwarding logs of the process System.Diagnostics.Process (cmd) to WinSW.TimeBasedRollingLogAppender
2026-04-26 11:40:13,666 INFO  - Stopping DelivereAcai
2026-04-26 11:40:13,666 DEBUG - ProcessKill 4592
2026-04-26 11:40:13,672 DEBUG - Stopping process 4592...
2026-04-26 11:40:28,692 DEBUG - Process 4592 terminated.
2026-04-26 11:40:28,711 INFO  - Finished DelivereAcai
2026-04-26 11:42:58,239 DEBUG - Starting WinSW in console mode
2026-04-26 11:42:58,298 INFO  - Stopping service 'Delivere Acai - Mix Açaí (DelivereAcai)'...
2026-04-26 11:42:58,322 INFO  - Service 'Delivere Acai - Mix Açaí (DelivereAcai)' has already stopped.
2026-04-26 11:43:01,231 DEBUG - Starting WinSW in console mode
2026-04-26 11:43:01,288 INFO  - Uninstalling service 'Delivere Acai - Mix Açaí (DelivereAcai)'...
2026-04-26 11:43:01,297 INFO  - Service 'Delivere Acai - Mix Açaí (DelivereAcai)' was uninstalled successfully.
