Standard Commons Logging discovery in action with spring-jcl: please remove commons-logging.jar from classpath in order to avoid potential conflicts

  .   ____          _            __ _ _
 /\\ / ___'_ __ _ _(_)_ __  __ _ \ \ \ \
( ( )\___ | '_ | '_| | '_ \/ _` | \ \ \ \
 \\/  ___)| |_)| | | | | || (_| |  ) ) ) )
  '  |____| .__|_| |_|_| |_\__, | / / / /
 =========|_|==============|___/=/_/_/_/
 :: Spring Boot ::                (v3.2.2)

2026-04-03T10:47:57.099-03:00  INFO 13224 --- [acai-backend] [           main] br.com.delivere.acai.AcaiApplication     : Starting AcaiApplication v1.0.0 using Java 17.0.12 with PID 13224 (C:\Program Files\DelivereAcai\instalar\app\acai-app.jar started by DESKTOP-7E4PI4P$ in C:\Program Files\DelivereAcai\instalar)
2026-04-03T10:47:57.104-03:00  INFO 13224 --- [acai-backend] [           main] br.com.delivere.acai.AcaiApplication     : No active profile set, falling back to 1 default profile: "default"
2026-04-03T10:47:58.624-03:00  INFO 13224 --- [acai-backend] [           main] .s.d.r.c.RepositoryConfigurationDelegate : Multiple Spring Data modules found, entering strict repository configuration mode
2026-04-03T10:47:58.627-03:00  INFO 13224 --- [acai-backend] [           main] .s.d.r.c.RepositoryConfigurationDelegate : Bootstrapping Spring Data JPA repositories in DEFAULT mode.
2026-04-03T10:47:58.728-03:00  INFO 13224 --- [acai-backend] [           main] .s.d.r.c.RepositoryConfigurationDelegate : Finished Spring Data repository scanning in 89 ms. Found 7 JPA repository interfaces.
2026-04-03T10:47:58.745-03:00  INFO 13224 --- [acai-backend] [           main] .s.d.r.c.RepositoryConfigurationDelegate : Multiple Spring Data modules found, entering strict repository configuration mode
2026-04-03T10:47:58.745-03:00  INFO 13224 --- [acai-backend] [           main] .s.d.r.c.RepositoryConfigurationDelegate : Bootstrapping Spring Data MongoDB repositories in DEFAULT mode.
2026-04-03T10:47:58.755-03:00  INFO 13224 --- [acai-backend] [           main] .RepositoryConfigurationExtensionSupport : Spring Data MongoDB - Could not safely identify store assignment for repository candidate interface br.com.delivere.acai.comanda.ComandaRepository; If you want this repository to be a MongoDB repository, consider annotating your entities with one of these annotations: org.springframework.data.mongodb.core.mapping.Document (preferred), or consider extending one of the following types with your repository: org.springframework.data.mongodb.repository.MongoRepository
2026-04-03T10:47:58.756-03:00  INFO 13224 --- [acai-backend] [           main] .RepositoryConfigurationExtensionSupport : Spring Data MongoDB - Could not safely identify store assignment for repository candidate interface br.com.delivere.acai.comanda.ComandaItemRepository; If you want this repository to be a MongoDB repository, consider annotating your entities with one of these annotations: org.springframework.data.mongodb.core.mapping.Document (preferred), or consider extending one of the following types with your repository: org.springframework.data.mongodb.repository.MongoRepository
2026-04-03T10:47:58.757-03:00  INFO 13224 --- [acai-backend] [           main] .RepositoryConfigurationExtensionSupport : Spring Data MongoDB - Could not safely identify store assignment for repository candidate interface br.com.delivere.acai.sheets.PlanilhaDiaRepository; If you want this repository to be a MongoDB repository, consider annotating your entities with one of these annotations: org.springframework.data.mongodb.core.mapping.Document (preferred), or consider extending one of the following types with your repository: org.springframework.data.mongodb.repository.MongoRepository
2026-04-03T10:47:58.757-03:00  INFO 13224 --- [acai-backend] [           main] .RepositoryConfigurationExtensionSupport : Spring Data MongoDB - Could not safely identify store assignment for repository candidate interface br.com.delivere.acai.auth.UserRepository; If you want this repository to be a MongoDB repository, consider annotating your entities with one of these annotations: org.springframework.data.mongodb.core.mapping.Document (preferred), or consider extending one of the following types with your repository: org.springframework.data.mongodb.repository.MongoRepository
2026-04-03T10:47:58.757-03:00  INFO 13224 --- [acai-backend] [           main] .RepositoryConfigurationExtensionSupport : Spring Data MongoDB - Could not safely identify store assignment for repository candidate interface br.com.delivere.acai.caixa.CaixaRepository; If you want this repository to be a MongoDB repository, consider annotating your entities with one of these annotations: org.springframework.data.mongodb.core.mapping.Document (preferred), or consider extending one of the following types with your repository: org.springframework.data.mongodb.repository.MongoRepository
2026-04-03T10:47:58.758-03:00  INFO 13224 --- [acai-backend] [           main] .RepositoryConfigurationExtensionSupport : Spring Data MongoDB - Could not safely identify store assignment for repository candidate interface br.com.delivere.acai.produto.ConfiguracaoRepository; If you want this repository to be a MongoDB repository, consider annotating your entities with one of these annotations: org.springframework.data.mongodb.core.mapping.Document (preferred), or consider extending one of the following types with your repository: org.springframework.data.mongodb.repository.MongoRepository
2026-04-03T10:47:58.758-03:00  INFO 13224 --- [acai-backend] [           main] .RepositoryConfigurationExtensionSupport : Spring Data MongoDB - Could not safely identify store assignment for repository candidate interface br.com.delivere.acai.loja.LojaRepository; If you want this repository to be a MongoDB repository, consider annotating your entities with one of these annotations: org.springframework.data.mongodb.core.mapping.Document (preferred), or consider extending one of the following types with your repository: org.springframework.data.mongodb.repository.MongoRepository
2026-04-03T10:47:58.758-03:00  INFO 13224 --- [acai-backend] [           main] .s.d.r.c.RepositoryConfigurationDelegate : Finished Spring Data repository scanning in 12 ms. Found 0 MongoDB repository interfaces.
2026-04-03T10:47:59.673-03:00  INFO 13224 --- [acai-backend] [           main] o.s.b.w.embedded.tomcat.TomcatWebServer  : Tomcat initialized with port 8080 (http)
2026-04-03T10:47:59.691-03:00  INFO 13224 --- [acai-backend] [           main] o.apache.catalina.core.StandardService   : Starting service [Tomcat]
2026-04-03T10:47:59.691-03:00  INFO 13224 --- [acai-backend] [           main] o.apache.catalina.core.StandardEngine    : Starting Servlet engine: [Apache Tomcat/10.1.18]
2026-04-03T10:47:59.749-03:00  INFO 13224 --- [acai-backend] [           main] o.a.c.c.C.[Tomcat].[localhost].[/]       : Initializing Spring embedded WebApplicationContext
2026-04-03T10:47:59.751-03:00  INFO 13224 --- [acai-backend] [           main] w.s.c.ServletWebServerApplicationContext : Root WebApplicationContext: initialization completed in 2546 ms
Standard Commons Logging discovery in action with spring-jcl: please remove commons-logging.jar from classpath in order to avoid potential conflicts
2026-04-03T10:47:59.802-03:00  INFO 13224 --- [acai-backend] [           main] com.zaxxer.hikari.HikariDataSource       : HikariPool-1 - Starting...
2026-04-03T10:48:00.186-03:00  INFO 13224 --- [acai-backend] [           main] com.zaxxer.hikari.pool.HikariPool        : HikariPool-1 - Added connection conn0: url=jdbc:h2:file:./data/acaidb user=SA
2026-04-03T10:48:00.188-03:00  INFO 13224 --- [acai-backend] [           main] com.zaxxer.hikari.HikariDataSource       : HikariPool-1 - Start completed.
2026-04-03T10:48:00.203-03:00  INFO 13224 --- [acai-backend] [           main] o.s.b.a.h2.H2ConsoleAutoConfiguration    : H2 console available at '/h2-console'. Database available at 'jdbc:h2:file:./data/acaidb'
2026-04-03T10:48:00.349-03:00  INFO 13224 --- [acai-backend] [           main] o.hibernate.jpa.internal.util.LogHelper  : HHH000204: Processing PersistenceUnitInfo [name: default]
2026-04-03T10:48:00.434-03:00  INFO 13224 --- [acai-backend] [           main] org.hibernate.Version                    : HHH000412: Hibernate ORM core version 6.4.1.Final
2026-04-03T10:48:00.484-03:00  INFO 13224 --- [acai-backend] [           main] o.h.c.internal.RegionFactoryInitiator    : HHH000026: Second-level cache disabled
2026-04-03T10:48:00.862-03:00  INFO 13224 --- [acai-backend] [           main] o.s.o.j.p.SpringPersistenceUnitInfo      : No LoadTimeWeaver setup: ignoring JPA class transformer
2026-04-03T10:48:00.925-03:00  WARN 13224 --- [acai-backend] [           main] org.hibernate.orm.deprecation            : HHH90000025: H2Dialect does not need to be specified explicitly using 'hibernate.dialect' (remove the property setting and it will be selected by default)
2026-04-03T10:48:02.174-03:00  INFO 13224 --- [acai-backend] [           main] o.h.e.t.j.p.i.JtaPlatformInitiator       : HHH000489: No JTA platform available (set 'hibernate.transaction.jta.platform' to enable JTA platform integration)
Hibernate: alter table if exists configuracao drop constraint if exists UK55cc7kgehg43i1xwpo0vbcfqc
Hibernate: alter table if exists configuracao add constraint UK55cc7kgehg43i1xwpo0vbcfqc unique (chave)
Hibernate: alter table if exists planilha_dia drop constraint if exists UKmeohcoqb6nu19b1o46serwyuc
Hibernate: alter table if exists planilha_dia add constraint UKmeohcoqb6nu19b1o46serwyuc unique (data)
2026-04-03T10:48:02.237-03:00  INFO 13224 --- [acai-backend] [           main] j.LocalContainerEntityManagerFactoryBean : Initialized JPA EntityManagerFactory for persistence unit 'default'
2026-04-03T10:48:02.866-03:00  INFO 13224 --- [acai-backend] [           main] o.s.d.j.r.query.QueryEnhancerFactory     : Hibernate is in classpath; If applicable, HQL parser will be used.
2026-04-03T10:48:03.954-03:00  INFO 13224 --- [acai-backend] [           main] b.c.d.acai.backup.BackupScheduledJob     : Backup de teste agendado para daqui 60 min
2026-04-03T10:48:04.366-03:00  INFO 13224 --- [acai-backend] [           main] org.mongodb.driver.client                : MongoClient with metadata {"application": {"name": "AlfaTec"}, "driver": {"name": "mongo-java-driver|sync", "version": "4.11.1"}, "os": {"type": "Windows", "name": "Windows 10", "architecture": "amd64", "version": "10.0"}, "platform": "Java/Oracle Corporation/17.0.12+8-LTS-286"} created with settings MongoClientSettings{readPreference=primary, writeConcern=WriteConcern{w=majority, wTimeout=null ms, journal=null}, retryWrites=true, retryReads=true, readConcern=ReadConcern{level=null}, credential=MongoCredential{mechanism=null, userName='mix', source='admin', password=<hidden>, mechanismProperties=<hidden>}, transportSettings=null, streamFactoryFactory=null, commandListeners=[], codecRegistry=ProvidersCodecRegistry{codecProviders=[ValueCodecProvider{}, BsonValueCodecProvider{}, DBRefCodecProvider{}, DBObjectCodecProvider{}, DocumentCodecProvider{}, CollectionCodecProvider{}, IterableCodecProvider{}, MapCodecProvider{}, GeoJsonCodecProvider{}, GridFSFileCodecProvider{}, Jsr310CodecProvider{}, JsonObjectCodecProvider{}, BsonCodecProvider{}, EnumCodecProvider{}, com.mongodb.client.model.mql.ExpressionCodecProvider@4101d2c7, com.mongodb.Jep395RecordCodecProvider@466d87a1, com.mongodb.KotlinCodecProvider@12300573]}, loggerSettings=LoggerSettings{maxDocumentLength=1000}, clusterSettings={hosts=[127.0.0.1:27017], srvHost=alfatec.h8a2j5v.mongodb.net, srvServiceName=mongodb, mode=MULTIPLE, requiredClusterType=REPLICA_SET, requiredReplicaSetName='atlas-cqk1um-shard-0', serverSelector='null', clusterListeners='[]', serverSelectionTimeout='30000 ms', localThreshold='15 ms'}, socketSettings=SocketSettings{connectTimeoutMS=10000, readTimeoutMS=0, receiveBufferSize=0, proxySettings=ProxySettings{host=null, port=null, username=null, password=null}}, heartbeatSocketSettings=SocketSettings{connectTimeoutMS=10000, readTimeoutMS=10000, receiveBufferSize=0, proxySettings=ProxySettings{host=null, port=null, username=null, password=null}}, connectionPoolSettings=ConnectionPoolSettings{maxSize=100, minSize=0, maxWaitTimeMS=120000, maxConnectionLifeTimeMS=0, maxConnectionIdleTimeMS=0, maintenanceInitialDelayMS=0, maintenanceFrequencyMS=60000, connectionPoolListeners=[], maxConnecting=2}, serverSettings=ServerSettings{heartbeatFrequencyMS=10000, minHeartbeatFrequencyMS=500, serverListeners='[]', serverMonitorListeners='[]'}, sslSettings=SslSettings{enabled=true, invalidHostNameAllowed=false, context=null}, applicationName='AlfaTec', compressorList=[], uuidRepresentation=UNSPECIFIED, serverApi=null, autoEncryptionSettings=null, dnsClient=null, inetAddressResolver=null, contextProvider=null}
2026-04-03T10:48:04.390-03:00  INFO 13224 --- [acai-backend] [j5v.mongodb.net] org.mongodb.driver.cluster               : Adding discovered server ac-mtaygmc-shard-00-01.h8a2j5v.mongodb.net:27017 to client view of cluster
2026-04-03T10:48:04.447-03:00  INFO 13224 --- [acai-backend] [j5v.mongodb.net] org.mongodb.driver.cluster               : Adding discovered server ac-mtaygmc-shard-00-00.h8a2j5v.mongodb.net:27017 to client view of cluster
2026-04-03T10:48:04.451-03:00  INFO 13224 --- [acai-backend] [j5v.mongodb.net] org.mongodb.driver.cluster               : Adding discovered server ac-mtaygmc-shard-00-02.h8a2j5v.mongodb.net:27017 to client view of cluster
2026-04-03T10:48:04.772-03:00  WARN 13224 --- [acai-backend] [           main] JpaBaseConfiguration$JpaWebConfiguration : spring.jpa.open-in-view is enabled by default. Therefore, database queries may be performed during view rendering. Explicitly configure spring.jpa.open-in-view to disable this warning
2026-04-03T10:48:04.797-03:00  WARN 13224 --- [acai-backend] [           main] .s.s.UserDetailsServiceAutoConfiguration : 

Using generated security password: 463fedef-02c7-46aa-99f8-2393ce7d4c0b

This generated password is for development use only. Your security configuration must be updated before running your application in production.

2026-04-03T10:48:04.935-03:00  INFO 13224 --- [acai-backend] [           main] o.s.b.a.w.s.WelcomePageHandlerMapping    : Adding welcome page: class path resource [static/index.html]
2026-04-03T10:48:05.304-03:00  INFO 13224 --- [acai-backend] [           main] o.s.s.web.DefaultSecurityFilterChain     : Will secure any request with [org.springframework.security.web.session.DisableEncodeUrlFilter@3c0403a, org.springframework.security.web.context.request.async.WebAsyncManagerIntegrationFilter@5ea206bc, org.springframework.security.web.context.SecurityContextHolderFilter@5f45abe6, org.springframework.security.web.header.HeaderWriterFilter@2c1a86e1, org.springframework.web.filter.CorsFilter@7c87c960, org.springframework.security.web.authentication.logout.LogoutFilter@bc007f5, br.com.delivere.acai.auth.JwtAuthFilter@9ba167e, org.springframework.security.web.savedrequest.RequestCacheAwareFilter@1928dc66, org.springframework.security.web.servletapi.SecurityContextHolderAwareRequestFilter@3dad8926, org.springframework.security.web.authentication.AnonymousAuthenticationFilter@7a2b8501, org.springframework.security.web.session.SessionManagementFilter@392a091, org.springframework.security.web.access.ExceptionTranslationFilter@763e1ec9, org.springframework.security.web.access.intercept.AuthorizationFilter@4edd8b5b]
2026-04-03T10:48:05.341-03:00  INFO 13224 --- [acai-backend] [ngodb.net:27017] org.mongodb.driver.cluster               : Monitor thread successfully connected to server with description ServerDescription{address=ac-mtaygmc-shard-00-00.h8a2j5v.mongodb.net:27017, type=REPLICA_SET_SECONDARY, state=CONNECTED, ok=true, minWireVersion=0, maxWireVersion=25, maxDocumentSize=16777216, logicalSessionTimeoutMinutes=30, roundTripTimeNanos=433887700, setName='atlas-cqk1um-shard-0', canonicalAddress=ac-mtaygmc-shard-00-00.h8a2j5v.mongodb.net:27017, hosts=[ac-mtaygmc-shard-00-00.h8a2j5v.mongodb.net:27017, ac-mtaygmc-shard-00-01.h8a2j5v.mongodb.net:27017, ac-mtaygmc-shard-00-02.h8a2j5v.mongodb.net:27017], passives=[], arbiters=[], primary='ac-mtaygmc-shard-00-01.h8a2j5v.mongodb.net:27017', tagSet=TagSet{[Tag{name='availabilityZone', value='southamerica-east1-a'}, Tag{name='diskState', value='READY'}, Tag{name='nodeType', value='ELECTABLE'}, Tag{name='provider', value='GCP'}, Tag{name='region', value='SOUTH_AMERICA_EAST_1'}, Tag{name='workloadType', value='OPERATIONAL'}]}, electionId=null, setVersion=38, topologyVersion=TopologyVersion{processId=69b81bce7cf24f8e140074c2, counter=4}, lastWriteDate=Fri Apr 03 10:48:04 BRT 2026, lastUpdateTimeNanos=238830828774600}
2026-04-03T10:48:05.342-03:00  INFO 13224 --- [acai-backend] [ngodb.net:27017] org.mongodb.driver.cluster               : Monitor thread successfully connected to server with description ServerDescription{address=ac-mtaygmc-shard-00-01.h8a2j5v.mongodb.net:27017, type=REPLICA_SET_PRIMARY, state=CONNECTED, ok=true, minWireVersion=0, maxWireVersion=25, maxDocumentSize=16777216, logicalSessionTimeoutMinutes=30, roundTripTimeNanos=433635100, setName='atlas-cqk1um-shard-0', canonicalAddress=ac-mtaygmc-shard-00-01.h8a2j5v.mongodb.net:27017, hosts=[ac-mtaygmc-shard-00-00.h8a2j5v.mongodb.net:27017, ac-mtaygmc-shard-00-01.h8a2j5v.mongodb.net:27017, ac-mtaygmc-shard-00-02.h8a2j5v.mongodb.net:27017], passives=[], arbiters=[], primary='ac-mtaygmc-shard-00-01.h8a2j5v.mongodb.net:27017', tagSet=TagSet{[Tag{name='availabilityZone', value='southamerica-east1-b'}, Tag{name='diskState', value='READY'}, Tag{name='nodeType', value='ELECTABLE'}, Tag{name='provider', value='GCP'}, Tag{name='region', value='SOUTH_AMERICA_EAST_1'}, Tag{name='workloadType', value='OPERATIONAL'}]}, electionId=7fffffff00000000000000e5, setVersion=38, topologyVersion=TopologyVersion{processId=69b82004738fd06dccae86ed, counter=6}, lastWriteDate=Fri Apr 03 10:48:04 BRT 2026, lastUpdateTimeNanos=238830828695100}
2026-04-03T10:48:05.343-03:00  INFO 13224 --- [acai-backend] [ngodb.net:27017] org.mongodb.driver.cluster               : Monitor thread successfully connected to server with description ServerDescription{address=ac-mtaygmc-shard-00-02.h8a2j5v.mongodb.net:27017, type=REPLICA_SET_SECONDARY, state=CONNECTED, ok=true, minWireVersion=0, maxWireVersion=25, maxDocumentSize=16777216, logicalSessionTimeoutMinutes=30, roundTripTimeNanos=432684100, setName='atlas-cqk1um-shard-0', canonicalAddress=ac-mtaygmc-shard-00-02.h8a2j5v.mongodb.net:27017, hosts=[ac-mtaygmc-shard-00-00.h8a2j5v.mongodb.net:27017, ac-mtaygmc-shard-00-01.h8a2j5v.mongodb.net:27017, ac-mtaygmc-shard-00-02.h8a2j5v.mongodb.net:27017], passives=[], arbiters=[], primary='ac-mtaygmc-shard-00-01.h8a2j5v.mongodb.net:27017', tagSet=TagSet{[Tag{name='availabilityZone', value='southamerica-east1-c'}, Tag{name='diskState', value='READY'}, Tag{name='nodeType', value='ELECTABLE'}, Tag{name='provider', value='GCP'}, Tag{name='region', value='SOUTH_AMERICA_EAST_1'}, Tag{name='workloadType', value='OPERATIONAL'}]}, electionId=null, setVersion=38, topologyVersion=TopologyVersion{processId=69b8235fd5611037522dee10, counter=3}, lastWriteDate=Fri Apr 03 10:48:04 BRT 2026, lastUpdateTimeNanos=238830827626400}
2026-04-03T10:48:05.350-03:00  INFO 13224 --- [acai-backend] [ngodb.net:27017] org.mongodb.driver.cluster               : Discovered replica set primary ac-mtaygmc-shard-00-01.h8a2j5v.mongodb.net:27017 with max election id 7fffffff00000000000000e5 and max set version 38
2026-04-03T10:48:05.711-03:00  INFO 13224 --- [acai-backend] [           main] o.s.b.w.embedded.tomcat.TomcatWebServer  : Tomcat started on port 8080 (http) with context path ''
2026-04-03T10:48:05.745-03:00  INFO 13224 --- [acai-backend] [           main] br.com.delivere.acai.AcaiApplication     : Started AcaiApplication in 9.285 seconds (process running for 10.121)
Hibernate: select u1_0.id,u1_0.enabled,u1_0.password,u1_0.roles,u1_0.setor,u1_0.username from users u1_0
Hibernate: select c1_0.id,c1_0.closed_by_username,c1_0.data,c1_0.data_hora_abertura,c1_0.data_hora_fechamento,c1_0.opened_by_username,c1_0.reabertura,c1_0.sheet_name,c1_0.spreadsheet_id,c1_0.status,c1_0.valor_abertura,c1_0.valor_fechamento,c1_0.valor_retirada from caixa c1_0 where c1_0.data=? and c1_0.status=?
Hibernate: select c1_0.id,c1_0.chave_nfce,c1_0.closed_by_username,c1_0.data_fechamento,c1_0.data_hora,c1_0.forma_pagamento,c1_0.identificador,c1_0.opened_by_username,c1_0.peso_kg,c1_0.preco_por_kilo,c1_0.protocolo_nfce,c1_0.status,c1_0.tipo,c1_0.tipo_produto,c1_0.valor_total from comandas c1_0 where c1_0.status=? and c1_0.data_fechamento between ? and ? order by c1_0.data_fechamento desc
Hibernate: select c1_0.id,c1_0.closed_by_username,c1_0.data,c1_0.data_hora_abertura,c1_0.data_hora_fechamento,c1_0.opened_by_username,c1_0.reabertura,c1_0.sheet_name,c1_0.spreadsheet_id,c1_0.status,c1_0.valor_abertura,c1_0.valor_fechamento,c1_0.valor_retirada from caixa c1_0 where c1_0.data between ? and ? order by c1_0.data,c1_0.data_hora_abertura
Hibernate: select l1_0.id,l1_0.endereco,l1_0.nome,l1_0.responsavel from loja l1_0 where l1_0.id=?
Hibernate: select count(*) from users u1_0
Hibernate: select u1_0.id from users u1_0 where u1_0.username=? fetch first ? rows only
Hibernate: select u1_0.id from users u1_0 where u1_0.username=? fetch first ? rows only
Hibernate: select u1_0.id,u1_0.enabled,u1_0.password,u1_0.roles,u1_0.setor,u1_0.username from users u1_0 where u1_0.username=?
Hibernate: select c1_0.id,c1_0.chave,c1_0.valor from configuracao c1_0 where c1_0.chave=?
Hibernate: select count(*) from loja l1_0 where l1_0.id=?
Hibernate: select count(*) from loja l1_0 where l1_0.id=?
2026-04-03T10:49:12.496-03:00  INFO 13224 --- [acai-backend] [nio-8080-exec-1] o.a.c.c.C.[Tomcat].[localhost].[/]       : Initializing Spring DispatcherServlet 'dispatcherServlet'
2026-04-03T10:49:12.496-03:00  INFO 13224 --- [acai-backend] [nio-8080-exec-1] o.s.web.servlet.DispatcherServlet        : Initializing Servlet 'dispatcherServlet'
2026-04-03T10:49:12.498-03:00  INFO 13224 --- [acai-backend] [nio-8080-exec-1] o.s.web.servlet.DispatcherServlet        : Completed initialization in 2 ms
Hibernate: select u1_0.id,u1_0.enabled,u1_0.password,u1_0.roles,u1_0.setor,u1_0.username from users u1_0 where u1_0.username=?
Hibernate: select u1_0.id,u1_0.enabled,u1_0.password,u1_0.roles,u1_0.setor,u1_0.username from users u1_0 where u1_0.username=?
Hibernate: select u1_0.id,u1_0.enabled,u1_0.password,u1_0.roles,u1_0.setor,u1_0.username from users u1_0 where u1_0.username=?
Hibernate: select u1_0.id,u1_0.enabled,u1_0.password,u1_0.roles,u1_0.setor,u1_0.username from users u1_0 where u1_0.username=?
Hibernate: select c1_0.id,c1_0.closed_by_username,c1_0.data,c1_0.data_hora_abertura,c1_0.data_hora_fechamento,c1_0.opened_by_username,c1_0.reabertura,c1_0.sheet_name,c1_0.spreadsheet_id,c1_0.status,c1_0.valor_abertura,c1_0.valor_fechamento,c1_0.valor_retirada from caixa c1_0 where c1_0.data=? and c1_0.status=?
Hibernate: select c1_0.id,c1_0.closed_by_username,c1_0.data,c1_0.data_hora_abertura,c1_0.data_hora_fechamento,c1_0.opened_by_username,c1_0.reabertura,c1_0.sheet_name,c1_0.spreadsheet_id,c1_0.status,c1_0.valor_abertura,c1_0.valor_fechamento,c1_0.valor_retirada from caixa c1_0 where c1_0.data=? and c1_0.status=?
Hibernate: select c1_0.id from caixa c1_0 where c1_0.data=? and c1_0.status=? fetch first ? rows only
Hibernate: select u1_0.id,u1_0.enabled,u1_0.password,u1_0.roles,u1_0.setor,u1_0.username from users u1_0 where u1_0.username=?
Hibernate: select u1_0.id,u1_0.enabled,u1_0.password,u1_0.roles,u1_0.setor,u1_0.username from users u1_0 where u1_0.username=?
Hibernate: select u1_0.id,u1_0.enabled,u1_0.password,u1_0.roles,u1_0.setor,u1_0.username from users u1_0 where u1_0.username=?
Hibernate: select c1_0.id,c1_0.closed_by_username,c1_0.data,c1_0.data_hora_abertura,c1_0.data_hora_fechamento,c1_0.opened_by_username,c1_0.reabertura,c1_0.sheet_name,c1_0.spreadsheet_id,c1_0.status,c1_0.valor_abertura,c1_0.valor_fechamento,c1_0.valor_retirada from caixa c1_0 where c1_0.data=? and c1_0.status=?
Hibernate: select c1_0.id,c1_0.closed_by_username,c1_0.data,c1_0.data_hora_abertura,c1_0.data_hora_fechamento,c1_0.opened_by_username,c1_0.reabertura,c1_0.sheet_name,c1_0.spreadsheet_id,c1_0.status,c1_0.valor_abertura,c1_0.valor_fechamento,c1_0.valor_retirada from caixa c1_0 where c1_0.data=? and c1_0.status=?
Hibernate: select c1_0.id from caixa c1_0 where c1_0.data=? and c1_0.status=? fetch first ? rows only
Hibernate: select u1_0.id,u1_0.enabled,u1_0.password,u1_0.roles,u1_0.setor,u1_0.username from users u1_0 where u1_0.username=?
Hibernate: select count(c1_0.id) from comandas c1_0 where c1_0.status=? and c1_0.data_hora>=?
Hibernate: select count(c1_0.id) from comandas c1_0 where c1_0.status=? and c1_0.data_hora<?
Hibernate: select count(c1_0.id) from comandas c1_0 where c1_0.status='FECHADA' and (c1_0.chave_nfce is null or c1_0.chave_nfce='')
Hibernate: select c1_0.id,c1_0.chave_nfce,c1_0.closed_by_username,c1_0.data_fechamento,c1_0.data_hora,c1_0.forma_pagamento,c1_0.identificador,c1_0.opened_by_username,c1_0.peso_kg,c1_0.preco_por_kilo,c1_0.protocolo_nfce,c1_0.status,c1_0.tipo,c1_0.tipo_produto,c1_0.valor_total from comandas c1_0 where c1_0.status=? and c1_0.data_fechamento between ? and ? order by c1_0.data_fechamento desc
Hibernate: select c1_0.id,c1_0.closed_by_username,c1_0.data,c1_0.data_hora_abertura,c1_0.data_hora_fechamento,c1_0.opened_by_username,c1_0.reabertura,c1_0.sheet_name,c1_0.spreadsheet_id,c1_0.status,c1_0.valor_abertura,c1_0.valor_fechamento,c1_0.valor_retirada from caixa c1_0 where c1_0.data between ? and ? order by c1_0.data,c1_0.data_hora_abertura
Hibernate: select c1_0.id,c1_0.closed_by_username,c1_0.data,c1_0.data_hora_abertura,c1_0.data_hora_fechamento,c1_0.opened_by_username,c1_0.reabertura,c1_0.sheet_name,c1_0.spreadsheet_id,c1_0.status,c1_0.valor_abertura,c1_0.valor_fechamento,c1_0.valor_retirada from caixa c1_0 where c1_0.data=? and c1_0.status=?
2026-04-03T10:49:38.219-03:00  INFO 13224 --- [acai-backend] [ngodb.net:27017] org.mongodb.driver.cluster               : Exception in monitor thread while connecting to server ac-mtaygmc-shard-00-00.h8a2j5v.mongodb.net:27017

com.mongodb.MongoSocketReadException: Exception receiving message
	at com.mongodb.internal.connection.InternalStreamConnection.translateReadException(InternalStreamConnection.java:730) ~[mongodb-driver-core-4.11.1.jar!/:na]
	at com.mongodb.internal.connection.InternalStreamConnection.receiveMessageWithAdditionalTimeout(InternalStreamConnection.java:606) ~[mongodb-driver-core-4.11.1.jar!/:na]
	at com.mongodb.internal.connection.InternalStreamConnection.receiveCommandMessageResponse(InternalStreamConnection.java:451) ~[mongodb-driver-core-4.11.1.jar!/:na]
	at com.mongodb.internal.connection.InternalStreamConnection.receive(InternalStreamConnection.java:404) ~[mongodb-driver-core-4.11.1.jar!/:na]
	at com.mongodb.internal.connection.DefaultServerMonitor$ServerMonitorRunnable.lookupServerDescription(DefaultServerMonitor.java:224) ~[mongodb-driver-core-4.11.1.jar!/:na]
	at com.mongodb.internal.connection.DefaultServerMonitor$ServerMonitorRunnable.run(DefaultServerMonitor.java:156) ~[mongodb-driver-core-4.11.1.jar!/:na]
	at java.base/java.lang.Thread.run(Thread.java:842) ~[na:na]
Caused by: java.net.SocketException: Connection reset
	at java.base/sun.nio.ch.NioSocketImpl.implRead(NioSocketImpl.java:328) ~[na:na]
	at java.base/sun.nio.ch.NioSocketImpl.read(NioSocketImpl.java:355) ~[na:na]
	at java.base/sun.nio.ch.NioSocketImpl$1.read(NioSocketImpl.java:808) ~[na:na]
	at java.base/java.net.Socket$SocketInputStream.read(Socket.java:966) ~[na:na]
	at java.base/sun.security.ssl.SSLSocketInputRecord.read(SSLSocketInputRecord.java:484) ~[na:na]
	at java.base/sun.security.ssl.SSLSocketInputRecord.readHeader(SSLSocketInputRecord.java:478) ~[na:na]
	at java.base/sun.security.ssl.SSLSocketInputRecord.bytesInCompletePacket(SSLSocketInputRecord.java:70) ~[na:na]
	at java.base/sun.security.ssl.SSLSocketImpl.readApplicationRecord(SSLSocketImpl.java:1461) ~[na:na]
	at java.base/sun.security.ssl.SSLSocketImpl$AppInputStream.read(SSLSocketImpl.java:1065) ~[na:na]
	at com.mongodb.internal.connection.SocketStream.read(SocketStream.java:175) ~[mongodb-driver-core-4.11.1.jar!/:na]
	at com.mongodb.internal.connection.SocketStream.read(SocketStream.java:200) ~[mongodb-driver-core-4.11.1.jar!/:na]
	at com.mongodb.internal.connection.InternalStreamConnection.receiveResponseBuffers(InternalStreamConnection.java:739) ~[mongodb-driver-core-4.11.1.jar!/:na]
	at com.mongodb.internal.connection.InternalStreamConnection.receiveMessageWithAdditionalTimeout(InternalStreamConnection.java:603) ~[mongodb-driver-core-4.11.1.jar!/:na]
	... 5 common frames omitted

2026-04-03T10:49:38.219-03:00  INFO 13224 --- [acai-backend] [ngodb.net:27017] org.mongodb.driver.cluster               : Exception in monitor thread while connecting to server ac-mtaygmc-shard-00-01.h8a2j5v.mongodb.net:27017

com.mongodb.MongoSocketReadException: Exception receiving message
	at com.mongodb.internal.connection.InternalStreamConnection.translateReadException(InternalStreamConnection.java:730) ~[mongodb-driver-core-4.11.1.jar!/:na]
	at com.mongodb.internal.connection.InternalStreamConnection.receiveMessageWithAdditionalTimeout(InternalStreamConnection.java:606) ~[mongodb-driver-core-4.11.1.jar!/:na]
	at com.mongodb.internal.connection.InternalStreamConnection.receiveCommandMessageResponse(InternalStreamConnection.java:451) ~[mongodb-driver-core-4.11.1.jar!/:na]
	at com.mongodb.internal.connection.InternalStreamConnection.receive(InternalStreamConnection.java:404) ~[mongodb-driver-core-4.11.1.jar!/:na]
	at com.mongodb.internal.connection.DefaultServerMonitor$ServerMonitorRunnable.lookupServerDescription(DefaultServerMonitor.java:224) ~[mongodb-driver-core-4.11.1.jar!/:na]
	at com.mongodb.internal.connection.DefaultServerMonitor$ServerMonitorRunnable.run(DefaultServerMonitor.java:156) ~[mongodb-driver-core-4.11.1.jar!/:na]
	at java.base/java.lang.Thread.run(Thread.java:842) ~[na:na]
Caused by: java.net.SocketException: Connection reset
	at java.base/sun.nio.ch.NioSocketImpl.implRead(NioSocketImpl.java:328) ~[na:na]
	at java.base/sun.nio.ch.NioSocketImpl.read(NioSocketImpl.java:355) ~[na:na]
	at java.base/sun.nio.ch.NioSocketImpl$1.read(NioSocketImpl.java:808) ~[na:na]
	at java.base/java.net.Socket$SocketInputStream.read(Socket.java:966) ~[na:na]
	at java.base/sun.security.ssl.SSLSocketInputRecord.read(SSLSocketInputRecord.java:484) ~[na:na]
	at java.base/sun.security.ssl.SSLSocketInputRecord.readHeader(SSLSocketInputRecord.java:478) ~[na:na]
	at java.base/sun.security.ssl.SSLSocketInputRecord.bytesInCompletePacket(SSLSocketInputRecord.java:70) ~[na:na]
	at java.base/sun.security.ssl.SSLSocketImpl.readApplicationRecord(SSLSocketImpl.java:1461) ~[na:na]
	at java.base/sun.security.ssl.SSLSocketImpl$AppInputStream.read(SSLSocketImpl.java:1065) ~[na:na]
	at com.mongodb.internal.connection.SocketStream.read(SocketStream.java:175) ~[mongodb-driver-core-4.11.1.jar!/:na]
	at com.mongodb.internal.connection.SocketStream.read(SocketStream.java:200) ~[mongodb-driver-core-4.11.1.jar!/:na]
	at com.mongodb.internal.connection.InternalStreamConnection.receiveResponseBuffers(InternalStreamConnection.java:739) ~[mongodb-driver-core-4.11.1.jar!/:na]
	at com.mongodb.internal.connection.InternalStreamConnection.receiveMessageWithAdditionalTimeout(InternalStreamConnection.java:603) ~[mongodb-driver-core-4.11.1.jar!/:na]
	... 5 common frames omitted

2026-04-03T10:49:38.219-03:00  INFO 13224 --- [acai-backend] [ngodb.net:27017] org.mongodb.driver.cluster               : Exception in monitor thread while connecting to server ac-mtaygmc-shard-00-02.h8a2j5v.mongodb.net:27017

com.mongodb.MongoSocketReadException: Exception receiving message
	at com.mongodb.internal.connection.InternalStreamConnection.translateReadException(InternalStreamConnection.java:730) ~[mongodb-driver-core-4.11.1.jar!/:na]
	at com.mongodb.internal.connection.InternalStreamConnection.receiveMessageWithAdditionalTimeout(InternalStreamConnection.java:606) ~[mongodb-driver-core-4.11.1.jar!/:na]
	at com.mongodb.internal.connection.InternalStreamConnection.receiveCommandMessageResponse(InternalStreamConnection.java:451) ~[mongodb-driver-core-4.11.1.jar!/:na]
	at com.mongodb.internal.connection.InternalStreamConnection.receive(InternalStreamConnection.java:404) ~[mongodb-driver-core-4.11.1.jar!/:na]
	at com.mongodb.internal.connection.DefaultServerMonitor$ServerMonitorRunnable.lookupServerDescription(DefaultServerMonitor.java:224) ~[mongodb-driver-core-4.11.1.jar!/:na]
	at com.mongodb.internal.connection.DefaultServerMonitor$ServerMonitorRunnable.run(DefaultServerMonitor.java:156) ~[mongodb-driver-core-4.11.1.jar!/:na]
	at java.base/java.lang.Thread.run(Thread.java:842) ~[na:na]
Caused by: java.net.SocketException: Connection reset
	at java.base/sun.nio.ch.NioSocketImpl.implRead(NioSocketImpl.java:328) ~[na:na]
	at java.base/sun.nio.ch.NioSocketImpl.read(NioSocketImpl.java:355) ~[na:na]
	at java.base/sun.nio.ch.NioSocketImpl$1.read(NioSocketImpl.java:808) ~[na:na]
	at java.base/java.net.Socket$SocketInputStream.read(Socket.java:966) ~[na:na]
	at java.base/sun.security.ssl.SSLSocketInputRecord.read(SSLSocketInputRecord.java:484) ~[na:na]
	at java.base/sun.security.ssl.SSLSocketInputRecord.readHeader(SSLSocketInputRecord.java:478) ~[na:na]
	at java.base/sun.security.ssl.SSLSocketInputRecord.bytesInCompletePacket(SSLSocketInputRecord.java:70) ~[na:na]
	at java.base/sun.security.ssl.SSLSocketImpl.readApplicationRecord(SSLSocketImpl.java:1461) ~[na:na]
	at java.base/sun.security.ssl.SSLSocketImpl$AppInputStream.read(SSLSocketImpl.java:1065) ~[na:na]
	at com.mongodb.internal.connection.SocketStream.read(SocketStream.java:175) ~[mongodb-driver-core-4.11.1.jar!/:na]
	at com.mongodb.internal.connection.SocketStream.read(SocketStream.java:200) ~[mongodb-driver-core-4.11.1.jar!/:na]
	at com.mongodb.internal.connection.InternalStreamConnection.receiveResponseBuffers(InternalStreamConnection.java:739) ~[mongodb-driver-core-4.11.1.jar!/:na]
	at com.mongodb.internal.connection.InternalStreamConnection.receiveMessageWithAdditionalTimeout(InternalStreamConnection.java:603) ~[mongodb-driver-core-4.11.1.jar!/:na]
	... 5 common frames omitted

2026-04-03T10:49:38.223-03:00  INFO 13224 --- [acai-backend] [ngodb.net:27017] org.mongodb.driver.cluster               : Exception in monitor thread while connecting to server ac-mtaygmc-shard-00-00.h8a2j5v.mongodb.net:27017

com.mongodb.MongoSocketException: Este host não é conhecido (ac-mtaygmc-shard-00-00.h8a2j5v.mongodb.net)
	at com.mongodb.ServerAddress.getSocketAddresses(ServerAddress.java:221) ~[mongodb-driver-core-4.11.1.jar!/:na]
	at com.mongodb.internal.connection.ServerAddressWithResolver.getSocketAddresses(ServerAddressWithResolver.java:68) ~[mongodb-driver-core-4.11.1.jar!/:na]
	at com.mongodb.internal.connection.SocketStream.initializeSocket(SocketStream.java:100) ~[mongodb-driver-core-4.11.1.jar!/:na]
	at com.mongodb.internal.connection.SocketStream.open(SocketStream.java:78) ~[mongodb-driver-core-4.11.1.jar!/:na]
	at com.mongodb.internal.connection.InternalStreamConnection.open(InternalStreamConnection.java:211) ~[mongodb-driver-core-4.11.1.jar!/:na]
	at com.mongodb.internal.connection.DefaultServerMonitor$ServerMonitorRunnable.lookupServerDescription(DefaultServerMonitor.java:196) ~[mongodb-driver-core-4.11.1.jar!/:na]
	at com.mongodb.internal.connection.DefaultServerMonitor$ServerMonitorRunnable.run(DefaultServerMonitor.java:156) ~[mongodb-driver-core-4.11.1.jar!/:na]
	at java.base/java.lang.Thread.run(Thread.java:842) ~[na:na]
Caused by: java.net.UnknownHostException: Este host não é conhecido (ac-mtaygmc-shard-00-00.h8a2j5v.mongodb.net)
	at java.base/java.net.Inet6AddressImpl.lookupAllHostAddr(Native Method) ~[na:na]
	at java.base/java.net.InetAddress$PlatformNameService.lookupAllHostAddr(InetAddress.java:933) ~[na:na]
	at java.base/java.net.InetAddress.getAddressesFromNameService(InetAddress.java:1543) ~[na:na]
	at java.base/java.net.InetAddress$NameServiceAddresses.get(InetAddress.java:852) ~[na:na]
	at java.base/java.net.InetAddress.getAllByName0(InetAddress.java:1532) ~[na:na]
	at java.base/java.net.InetAddress.getAllByName(InetAddress.java:1384) ~[na:na]
	at java.base/java.net.InetAddress.getAllByName(InetAddress.java:1305) ~[na:na]
	at com.mongodb.ServerAddress.getSocketAddresses(ServerAddress.java:213) ~[mongodb-driver-core-4.11.1.jar!/:na]
	... 7 common frames omitted

2026-04-03T10:49:38.223-03:00  INFO 13224 --- [acai-backend] [ngodb.net:27017] org.mongodb.driver.cluster               : Exception in monitor thread while connecting to server ac-mtaygmc-shard-00-01.h8a2j5v.mongodb.net:27017

com.mongodb.MongoSocketException: Este host não é conhecido (ac-mtaygmc-shard-00-01.h8a2j5v.mongodb.net)
	at com.mongodb.ServerAddress.getSocketAddresses(ServerAddress.java:221) ~[mongodb-driver-core-4.11.1.jar!/:na]
	at com.mongodb.internal.connection.ServerAddressWithResolver.getSocketAddresses(ServerAddressWithResolver.java:68) ~[mongodb-driver-core-4.11.1.jar!/:na]
	at com.mongodb.internal.connection.SocketStream.initializeSocket(SocketStream.java:100) ~[mongodb-driver-core-4.11.1.jar!/:na]
	at com.mongodb.internal.connection.SocketStream.open(SocketStream.java:78) ~[mongodb-driver-core-4.11.1.jar!/:na]
	at com.mongodb.internal.connection.InternalStreamConnection.open(InternalStreamConnection.java:211) ~[mongodb-driver-core-4.11.1.jar!/:na]
	at com.mongodb.internal.connection.DefaultServerMonitor$ServerMonitorRunnable.lookupServerDescription(DefaultServerMonitor.java:196) ~[mongodb-driver-core-4.11.1.jar!/:na]
	at com.mongodb.internal.connection.DefaultServerMonitor$ServerMonitorRunnable.run(DefaultServerMonitor.java:156) ~[mongodb-driver-core-4.11.1.jar!/:na]
	at java.base/java.lang.Thread.run(Thread.java:842) ~[na:na]
Caused by: java.net.UnknownHostException: Este host não é conhecido (ac-mtaygmc-shard-00-01.h8a2j5v.mongodb.net)
	at java.base/java.net.Inet6AddressImpl.lookupAllHostAddr(Native Method) ~[na:na]
	at java.base/java.net.InetAddress$PlatformNameService.lookupAllHostAddr(InetAddress.java:933) ~[na:na]
	at java.base/java.net.InetAddress.getAddressesFromNameService(InetAddress.java:1543) ~[na:na]
	at java.base/java.net.InetAddress$NameServiceAddresses.get(InetAddress.java:852) ~[na:na]
	at java.base/java.net.InetAddress.getAllByName0(InetAddress.java:1532) ~[na:na]
	at java.base/java.net.InetAddress.getAllByName(InetAddress.java:1384) ~[na:na]
	at java.base/java.net.InetAddress.getAllByName(InetAddress.java:1305) ~[na:na]
	at com.mongodb.ServerAddress.getSocketAddresses(ServerAddress.java:213) ~[mongodb-driver-core-4.11.1.jar!/:na]
	... 7 common frames omitted

2026-04-03T10:49:38.244-03:00  INFO 13224 --- [acai-backend] [ngodb.net:27017] org.mongodb.driver.cluster               : Exception in monitor thread while connecting to server ac-mtaygmc-shard-00-02.h8a2j5v.mongodb.net:27017

com.mongodb.MongoSocketException: Este host não é conhecido (ac-mtaygmc-shard-00-02.h8a2j5v.mongodb.net)
	at com.mongodb.ServerAddress.getSocketAddresses(ServerAddress.java:221) ~[mongodb-driver-core-4.11.1.jar!/:na]
	at com.mongodb.internal.connection.ServerAddressWithResolver.getSocketAddresses(ServerAddressWithResolver.java:68) ~[mongodb-driver-core-4.11.1.jar!/:na]
	at com.mongodb.internal.connection.SocketStream.initializeSocket(SocketStream.java:100) ~[mongodb-driver-core-4.11.1.jar!/:na]
	at com.mongodb.internal.connection.SocketStream.open(SocketStream.java:78) ~[mongodb-driver-core-4.11.1.jar!/:na]
	at com.mongodb.internal.connection.InternalStreamConnection.open(InternalStreamConnection.java:211) ~[mongodb-driver-core-4.11.1.jar!/:na]
	at com.mongodb.internal.connection.DefaultServerMonitor$ServerMonitorRunnable.lookupServerDescription(DefaultServerMonitor.java:196) ~[mongodb-driver-core-4.11.1.jar!/:na]
	at com.mongodb.internal.connection.DefaultServerMonitor$ServerMonitorRunnable.run(DefaultServerMonitor.java:156) ~[mongodb-driver-core-4.11.1.jar!/:na]
	at java.base/java.lang.Thread.run(Thread.java:842) ~[na:na]
Caused by: java.net.UnknownHostException: Este host não é conhecido (ac-mtaygmc-shard-00-02.h8a2j5v.mongodb.net)
	at java.base/java.net.Inet6AddressImpl.lookupAllHostAddr(Native Method) ~[na:na]
	at java.base/java.net.InetAddress$PlatformNameService.lookupAllHostAddr(InetAddress.java:933) ~[na:na]
	at java.base/java.net.InetAddress.getAddressesFromNameService(InetAddress.java:1543) ~[na:na]
	at java.base/java.net.InetAddress$NameServiceAddresses.get(InetAddress.java:852) ~[na:na]
	at java.base/java.net.InetAddress.getAllByName0(InetAddress.java:1532) ~[na:na]
	at java.base/java.net.InetAddress.getAllByName(InetAddress.java:1384) ~[na:na]
	at java.base/java.net.InetAddress.getAllByName(InetAddress.java:1305) ~[na:na]
	at com.mongodb.ServerAddress.getSocketAddresses(ServerAddress.java:213) ~[mongodb-driver-core-4.11.1.jar!/:na]
	... 7 common frames omitted

2026-04-06T09:28:47.326-03:00  WARN 13224 --- [acai-backend] [l-1 housekeeper] com.zaxxer.hikari.pool.HikariPool        : HikariPool-1 - Thread starvation or clock leap detected (housekeeper delta=2d22h39m20s561ms850µs100ns).
