Hibernate: select c1_0.id,c1_0.closed_by_username,c1_0.data,c1_0.data_hora_abertura,c1_0.data_hora_fechamento,c1_0.opened_by_username,c1_0.reabertura,c1_0.sheet_name,c1_0.spreadsheet_id,c1_0.status,c1_0.valor_abertura,c1_0.valor_fechamento,c1_0.valor_retirada from caixa c1_0 where c1_0.data=? and c1_0.status=?
Hibernate: select c1_0.id,c1_0.chave_nfce,c1_0.closed_by_username,c1_0.data_fechamento,c1_0.data_hora,c1_0.forma_pagamento,c1_0.identificador,c1_0.opened_by_username,c1_0.peso_kg,c1_0.preco_por_kilo,c1_0.protocolo_nfce,c1_0.status,c1_0.tipo,c1_0.tipo_produto,c1_0.valor_total from comandas c1_0 where c1_0.status=? and c1_0.data_fechamento between ? and ? order by c1_0.data_fechamento desc
Hibernate: select c1_0.id,c1_0.closed_by_username,c1_0.data,c1_0.data_hora_abertura,c1_0.data_hora_fechamento,c1_0.opened_by_username,c1_0.reabertura,c1_0.sheet_name,c1_0.spreadsheet_id,c1_0.status,c1_0.valor_abertura,c1_0.valor_fechamento,c1_0.valor_retirada from caixa c1_0 where c1_0.data between ? and ? order by c1_0.data,c1_0.data_hora_abertura
Hibernate: select l1_0.id,l1_0.endereco,l1_0.nome,l1_0.responsavel from loja l1_0 where l1_0.id=?
2026-04-10T09:23:15.379-03:00  INFO 13224 --- [acai-backend] [   scheduling-1] org.mongodb.driver.cluster               : No server chosen by WritableServerSelector from cluster description ClusterDescription{type=REPLICA_SET, connectionMode=MULTIPLE, serverDescriptions=[ServerDescription{address=ac-mtaygmc-shard-00-02.h8a2j5v.mongodb.net:27017, type=UNKNOWN, state=CONNECTING, exception={com.mongodb.MongoSocketException: Este host não é conhecido (ac-mtaygmc-shard-00-02.h8a2j5v.mongodb.net)}, caused by {java.net.UnknownHostException: Este host não é conhecido (ac-mtaygmc-shard-00-02.h8a2j5v.mongodb.net)}}, ServerDescription{address=ac-mtaygmc-shard-00-01.h8a2j5v.mongodb.net:27017, type=UNKNOWN, state=CONNECTING, exception={com.mongodb.MongoSocketException: Este host não é conhecido (ac-mtaygmc-shard-00-01.h8a2j5v.mongodb.net)}, caused by {java.net.UnknownHostException: Este host não é conhecido (ac-mtaygmc-shard-00-01.h8a2j5v.mongodb.net)}}, ServerDescription{address=ac-mtaygmc-shard-00-00.h8a2j5v.mongodb.net:27017, type=UNKNOWN, state=CONNECTING, exception={com.mongodb.MongoSocketException: Este host não é conhecido (ac-mtaygmc-shard-00-00.h8a2j5v.mongodb.net)}, caused by {java.net.UnknownHostException: Este host não é conhecido (ac-mtaygmc-shard-00-00.h8a2j5v.mongodb.net)}}]}. Waiting for 30000 ms before timing out
2026-04-10T09:23:15.379-03:00  INFO 13224 --- [acai-backend] [ngodb.net:27017] org.mongodb.driver.cluster               : Exception in monitor thread while connecting to server ac-mtaygmc-shard-00-00.h8a2j5v.mongodb.net:27017

com.mongodb.MongoSocketException: ac-mtaygmc-shard-00-00.h8a2j5v.mongodb.net
	at com.mongodb.ServerAddress.getSocketAddresses(ServerAddress.java:221) ~[mongodb-driver-core-4.11.1.jar!/:na]
	at com.mongodb.internal.connection.ServerAddressWithResolver.getSocketAddresses(ServerAddressWithResolver.java:68) ~[mongodb-driver-core-4.11.1.jar!/:na]
	at com.mongodb.internal.connection.SocketStream.initializeSocket(SocketStream.java:100) ~[mongodb-driver-core-4.11.1.jar!/:na]
	at com.mongodb.internal.connection.SocketStream.open(SocketStream.java:78) ~[mongodb-driver-core-4.11.1.jar!/:na]
	at com.mongodb.internal.connection.InternalStreamConnection.open(InternalStreamConnection.java:211) ~[mongodb-driver-core-4.11.1.jar!/:na]
	at com.mongodb.internal.connection.DefaultServerMonitor$ServerMonitorRunnable.lookupServerDescription(DefaultServerMonitor.java:196) ~[mongodb-driver-core-4.11.1.jar!/:na]
	at com.mongodb.internal.connection.DefaultServerMonitor$ServerMonitorRunnable.run(DefaultServerMonitor.java:156) ~[mongodb-driver-core-4.11.1.jar!/:na]
	at java.base/java.lang.Thread.run(Thread.java:842) ~[na:na]
Caused by: java.net.UnknownHostException: ac-mtaygmc-shard-00-00.h8a2j5v.mongodb.net
	at java.base/java.net.InetAddress$CachedAddresses.get(InetAddress.java:801) ~[na:na]
	at java.base/java.net.InetAddress.getAllByName0(InetAddress.java:1532) ~[na:na]
	at java.base/java.net.InetAddress.getAllByName(InetAddress.java:1384) ~[na:na]
	at java.base/java.net.InetAddress.getAllByName(InetAddress.java:1305) ~[na:na]
	at com.mongodb.ServerAddress.getSocketAddresses(ServerAddress.java:213) ~[mongodb-driver-core-4.11.1.jar!/:na]
	... 7 common frames omitted

2026-04-10T09:23:15.379-03:00  INFO 13224 --- [acai-backend] [ngodb.net:27017] org.mongodb.driver.cluster               : Exception in monitor thread while connecting to server ac-mtaygmc-shard-00-01.h8a2j5v.mongodb.net:27017

com.mongodb.MongoSocketException: ac-mtaygmc-shard-00-01.h8a2j5v.mongodb.net
	at com.mongodb.ServerAddress.getSocketAddresses(ServerAddress.java:221) ~[mongodb-driver-core-4.11.1.jar!/:na]
	at com.mongodb.internal.connection.ServerAddressWithResolver.getSocketAddresses(ServerAddressWithResolver.java:68) ~[mongodb-driver-core-4.11.1.jar!/:na]
	at com.mongodb.internal.connection.SocketStream.initializeSocket(SocketStream.java:100) ~[mongodb-driver-core-4.11.1.jar!/:na]
	at com.mongodb.internal.connection.SocketStream.open(SocketStream.java:78) ~[mongodb-driver-core-4.11.1.jar!/:na]
	at com.mongodb.internal.connection.InternalStreamConnection.open(InternalStreamConnection.java:211) ~[mongodb-driver-core-4.11.1.jar!/:na]
	at com.mongodb.internal.connection.DefaultServerMonitor$ServerMonitorRunnable.lookupServerDescription(DefaultServerMonitor.java:196) ~[mongodb-driver-core-4.11.1.jar!/:na]
	at com.mongodb.internal.connection.DefaultServerMonitor$ServerMonitorRunnable.run(DefaultServerMonitor.java:156) ~[mongodb-driver-core-4.11.1.jar!/:na]
	at java.base/java.lang.Thread.run(Thread.java:842) ~[na:na]
Caused by: java.net.UnknownHostException: ac-mtaygmc-shard-00-01.h8a2j5v.mongodb.net
	at java.base/java.net.InetAddress$CachedAddresses.get(InetAddress.java:801) ~[na:na]
	at java.base/java.net.InetAddress.getAllByName0(InetAddress.java:1532) ~[na:na]
	at java.base/java.net.InetAddress.getAllByName(InetAddress.java:1384) ~[na:na]
	at java.base/java.net.InetAddress.getAllByName(InetAddress.java:1305) ~[na:na]
	at com.mongodb.ServerAddress.getSocketAddresses(ServerAddress.java:213) ~[mongodb-driver-core-4.11.1.jar!/:na]
	... 7 common frames omitted

2026-04-10T09:23:15.379-03:00  INFO 13224 --- [acai-backend] [ngodb.net:27017] org.mongodb.driver.cluster               : Exception in monitor thread while connecting to server ac-mtaygmc-shard-00-02.h8a2j5v.mongodb.net:27017

com.mongodb.MongoSocketException: ac-mtaygmc-shard-00-02.h8a2j5v.mongodb.net
	at com.mongodb.ServerAddress.getSocketAddresses(ServerAddress.java:221) ~[mongodb-driver-core-4.11.1.jar!/:na]
	at com.mongodb.internal.connection.ServerAddressWithResolver.getSocketAddresses(ServerAddressWithResolver.java:68) ~[mongodb-driver-core-4.11.1.jar!/:na]
	at com.mongodb.internal.connection.SocketStream.initializeSocket(SocketStream.java:100) ~[mongodb-driver-core-4.11.1.jar!/:na]
	at com.mongodb.internal.connection.SocketStream.open(SocketStream.java:78) ~[mongodb-driver-core-4.11.1.jar!/:na]
	at com.mongodb.internal.connection.InternalStreamConnection.open(InternalStreamConnection.java:211) ~[mongodb-driver-core-4.11.1.jar!/:na]
	at com.mongodb.internal.connection.DefaultServerMonitor$ServerMonitorRunnable.lookupServerDescription(DefaultServerMonitor.java:196) ~[mongodb-driver-core-4.11.1.jar!/:na]
	at com.mongodb.internal.connection.DefaultServerMonitor$ServerMonitorRunnable.run(DefaultServerMonitor.java:156) ~[mongodb-driver-core-4.11.1.jar!/:na]
	at java.base/java.lang.Thread.run(Thread.java:842) ~[na:na]
Caused by: java.net.UnknownHostException: ac-mtaygmc-shard-00-02.h8a2j5v.mongodb.net
	at java.base/java.net.InetAddress$CachedAddresses.get(InetAddress.java:801) ~[na:na]
	at java.base/java.net.InetAddress.getAllByName0(InetAddress.java:1532) ~[na:na]
	at java.base/java.net.InetAddress.getAllByName(InetAddress.java:1384) ~[na:na]
	at java.base/java.net.InetAddress.getAllByName(InetAddress.java:1305) ~[na:na]
	at com.mongodb.ServerAddress.getSocketAddresses(ServerAddress.java:213) ~[mongodb-driver-core-4.11.1.jar!/:na]
	... 7 common frames omitted

2026-04-10T09:23:22.394-03:00  INFO 13224 --- [acai-backend] [ngodb.net:27017] org.mongodb.driver.cluster               : Exception in monitor thread while connecting to server ac-mtaygmc-shard-00-00.h8a2j5v.mongodb.net:27017

com.mongodb.MongoSocketException: Este host não é conhecido (ac-mtaygmc-shard-00-00.h8a2j5v.mongodb.net)
	at com.mongodb.ServerAddress.getSocketAddresses(ServerAddress.java:221) ~[mongodb-driver-core-4.11.1.jar!/:na]
	at com.mongodb.internal.connection.ServerAddressWithResolver.getSocketAddresses(ServerAddressWithResolver.java:68) ~[mongodb-driver-core-4.11.1.jar!/:na]
	at com.mongodb.internal.connection.SocketStream.initializeSocket(SocketStream.java:100) ~[mongodb-driver-core-4.11.1.jar!/:na]
	at com.mongodb.internal.connection.SocketStream.open(SocketStream.java:78) ~[mongodb-driver-core-4.11.1.jar!/:na]
	at com.mongodb.internal.connection.InternalStreamConnection.open(InternalStreamConnection.java:211) ~[mongodb-driver-core-4.11.1.jar!/:na]
	at com.mongodb.internal.connection.DefaultServerMonitor$ServerMonitorRunnable.lookupServerDescription(DefaultServerMonitor.java:196) ~[mongodb-driver-core-4.11.1.jar!/:na]
	at com.mongodb.internal.connection.DefaultServerMonitor$ServerMonitorRunnable.run(DefaultServerMonitor.java:156) ~[mongodb-driver-core-4.11.1.jar!/:na]
	at java.base/java.lang.Thread.run(Thread.java:842) ~[na:na]
Caused by: java.net.UnknownHostException: Este host não é conhecido (ac-mtaygmc-shard-00-00.h8a2j5v.mongodb.net)
	at java.base/java.net.Inet6AddressImpl.lookupAllHostAddr(Native Method) ~[na:na]
	at java.base/java.net.InetAddress$PlatformNameService.lookupAllHostAddr(InetAddress.java:933) ~[na:na]
	at java.base/java.net.InetAddress.getAddressesFromNameService(InetAddress.java:1543) ~[na:na]
	at java.base/java.net.InetAddress$NameServiceAddresses.get(InetAddress.java:852) ~[na:na]
	at java.base/java.net.InetAddress.getAllByName0(InetAddress.java:1532) ~[na:na]
	at java.base/java.net.InetAddress.getAllByName(InetAddress.java:1384) ~[na:na]
	at java.base/java.net.InetAddress.getAllByName(InetAddress.java:1305) ~[na:na]
	at com.mongodb.ServerAddress.getSocketAddresses(ServerAddress.java:213) ~[mongodb-driver-core-4.11.1.jar!/:na]
	... 7 common frames omitted

2026-04-10T09:23:22.395-03:00  INFO 13224 --- [acai-backend] [ngodb.net:27017] org.mongodb.driver.cluster               : Exception in monitor thread while connecting to server ac-mtaygmc-shard-00-01.h8a2j5v.mongodb.net:27017

com.mongodb.MongoSocketException: Este host não é conhecido (ac-mtaygmc-shard-00-01.h8a2j5v.mongodb.net)
	at com.mongodb.ServerAddress.getSocketAddresses(ServerAddress.java:221) ~[mongodb-driver-core-4.11.1.jar!/:na]
	at com.mongodb.internal.connection.ServerAddressWithResolver.getSocketAddresses(ServerAddressWithResolver.java:68) ~[mongodb-driver-core-4.11.1.jar!/:na]
	at com.mongodb.internal.connection.SocketStream.initializeSocket(SocketStream.java:100) ~[mongodb-driver-core-4.11.1.jar!/:na]
	at com.mongodb.internal.connection.SocketStream.open(SocketStream.java:78) ~[mongodb-driver-core-4.11.1.jar!/:na]
	at com.mongodb.internal.connection.InternalStreamConnection.open(InternalStreamConnection.java:211) ~[mongodb-driver-core-4.11.1.jar!/:na]
	at com.mongodb.internal.connection.DefaultServerMonitor$ServerMonitorRunnable.lookupServerDescription(DefaultServerMonitor.java:196) ~[mongodb-driver-core-4.11.1.jar!/:na]
	at com.mongodb.internal.connection.DefaultServerMonitor$ServerMonitorRunnable.run(DefaultServerMonitor.java:156) ~[mongodb-driver-core-4.11.1.jar!/:na]
	at java.base/java.lang.Thread.run(Thread.java:842) ~[na:na]
Caused by: java.net.UnknownHostException: Este host não é conhecido (ac-mtaygmc-shard-00-01.h8a2j5v.mongodb.net)
	at java.base/java.net.Inet6AddressImpl.lookupAllHostAddr(Native Method) ~[na:na]
	at java.base/java.net.InetAddress$PlatformNameService.lookupAllHostAddr(InetAddress.java:933) ~[na:na]
	at java.base/java.net.InetAddress.getAddressesFromNameService(InetAddress.java:1543) ~[na:na]
	at java.base/java.net.InetAddress$NameServiceAddresses.get(InetAddress.java:852) ~[na:na]
	at java.base/java.net.InetAddress.getAllByName0(InetAddress.java:1532) ~[na:na]
	at java.base/java.net.InetAddress.getAllByName(InetAddress.java:1384) ~[na:na]
	at java.base/java.net.InetAddress.getAllByName(InetAddress.java:1305) ~[na:na]
	at com.mongodb.ServerAddress.getSocketAddresses(ServerAddress.java:213) ~[mongodb-driver-core-4.11.1.jar!/:na]
	... 7 common frames omitted

2026-04-10T09:23:22.396-03:00  INFO 13224 --- [acai-backend] [ngodb.net:27017] org.mongodb.driver.cluster               : Exception in monitor thread while connecting to server ac-mtaygmc-shard-00-02.h8a2j5v.mongodb.net:27017

com.mongodb.MongoSocketException: Este host não é conhecido (ac-mtaygmc-shard-00-02.h8a2j5v.mongodb.net)
	at com.mongodb.ServerAddress.getSocketAddresses(ServerAddress.java:221) ~[mongodb-driver-core-4.11.1.jar!/:na]
	at com.mongodb.internal.connection.ServerAddressWithResolver.getSocketAddresses(ServerAddressWithResolver.java:68) ~[mongodb-driver-core-4.11.1.jar!/:na]
	at com.mongodb.internal.connection.SocketStream.initializeSocket(SocketStream.java:100) ~[mongodb-driver-core-4.11.1.jar!/:na]
	at com.mongodb.internal.connection.SocketStream.open(SocketStream.java:78) ~[mongodb-driver-core-4.11.1.jar!/:na]
	at com.mongodb.internal.connection.InternalStreamConnection.open(InternalStreamConnection.java:211) ~[mongodb-driver-core-4.11.1.jar!/:na]
	at com.mongodb.internal.connection.DefaultServerMonitor$ServerMonitorRunnable.lookupServerDescription(DefaultServerMonitor.java:196) ~[mongodb-driver-core-4.11.1.jar!/:na]
	at com.mongodb.internal.connection.DefaultServerMonitor$ServerMonitorRunnable.run(DefaultServerMonitor.java:156) ~[mongodb-driver-core-4.11.1.jar!/:na]
	at java.base/java.lang.Thread.run(Thread.java:842) ~[na:na]
Caused by: java.net.UnknownHostException: Este host não é conhecido (ac-mtaygmc-shard-00-02.h8a2j5v.mongodb.net)
	at java.base/java.net.Inet6AddressImpl.lookupAllHostAddr(Native Method) ~[na:na]
	at java.base/java.net.InetAddress$PlatformNameService.lookupAllHostAddr(InetAddress.java:933) ~[na:na]
	at java.base/java.net.InetAddress.getAddressesFromNameService(InetAddress.java:1543) ~[na:na]
	at java.base/java.net.InetAddress$NameServiceAddresses.get(InetAddress.java:852) ~[na:na]
	at java.base/java.net.InetAddress.getAllByName0(InetAddress.java:1532) ~[na:na]
	at java.base/java.net.InetAddress.getAllByName(InetAddress.java:1384) ~[na:na]
	at java.base/java.net.InetAddress.getAllByName(InetAddress.java:1305) ~[na:na]
	at com.mongodb.ServerAddress.getSocketAddresses(ServerAddress.java:213) ~[mongodb-driver-core-4.11.1.jar!/:na]
	... 7 common frames omitted

2026-04-10T09:23:22.894-03:00  INFO 13224 --- [acai-backend] [ngodb.net:27017] org.mongodb.driver.cluster               : Exception in monitor thread while connecting to server ac-mtaygmc-shard-00-00.h8a2j5v.mongodb.net:27017

com.mongodb.MongoSocketException: ac-mtaygmc-shard-00-00.h8a2j5v.mongodb.net
	at com.mongodb.ServerAddress.getSocketAddresses(ServerAddress.java:221) ~[mongodb-driver-core-4.11.1.jar!/:na]
	at com.mongodb.internal.connection.ServerAddressWithResolver.getSocketAddresses(ServerAddressWithResolver.java:68) ~[mongodb-driver-core-4.11.1.jar!/:na]
	at com.mongodb.internal.connection.SocketStream.initializeSocket(SocketStream.java:100) ~[mongodb-driver-core-4.11.1.jar!/:na]
	at com.mongodb.internal.connection.SocketStream.open(SocketStream.java:78) ~[mongodb-driver-core-4.11.1.jar!/:na]
	at com.mongodb.internal.connection.InternalStreamConnection.open(InternalStreamConnection.java:211) ~[mongodb-driver-core-4.11.1.jar!/:na]
	at com.mongodb.internal.connection.DefaultServerMonitor$ServerMonitorRunnable.lookupServerDescription(DefaultServerMonitor.java:196) ~[mongodb-driver-core-4.11.1.jar!/:na]
	at com.mongodb.internal.connection.DefaultServerMonitor$ServerMonitorRunnable.run(DefaultServerMonitor.java:156) ~[mongodb-driver-core-4.11.1.jar!/:na]
	at java.base/java.lang.Thread.run(Thread.java:842) ~[na:na]
Caused by: java.net.UnknownHostException: ac-mtaygmc-shard-00-00.h8a2j5v.mongodb.net
	at java.base/java.net.InetAddress$CachedAddresses.get(InetAddress.java:801) ~[na:na]
	at java.base/java.net.InetAddress.getAllByName0(InetAddress.java:1532) ~[na:na]
	at java.base/java.net.InetAddress.getAllByName(InetAddress.java:1384) ~[na:na]
	at java.base/java.net.InetAddress.getAllByName(InetAddress.java:1305) ~[na:na]
	at com.mongodb.ServerAddress.getSocketAddresses(ServerAddress.java:213) ~[mongodb-driver-core-4.11.1.jar!/:na]
	... 7 common frames omitted

2026-04-10T09:23:22.896-03:00  INFO 13224 --- [acai-backend] [ngodb.net:27017] org.mongodb.driver.cluster               : Exception in monitor thread while connecting to server ac-mtaygmc-shard-00-01.h8a2j5v.mongodb.net:27017

com.mongodb.MongoSocketException: ac-mtaygmc-shard-00-01.h8a2j5v.mongodb.net
	at com.mongodb.ServerAddress.getSocketAddresses(ServerAddress.java:221) ~[mongodb-driver-core-4.11.1.jar!/:na]
	at com.mongodb.internal.connection.ServerAddressWithResolver.getSocketAddresses(ServerAddressWithResolver.java:68) ~[mongodb-driver-core-4.11.1.jar!/:na]
	at com.mongodb.internal.connection.SocketStream.initializeSocket(SocketStream.java:100) ~[mongodb-driver-core-4.11.1.jar!/:na]
	at com.mongodb.internal.connection.SocketStream.open(SocketStream.java:78) ~[mongodb-driver-core-4.11.1.jar!/:na]
	at com.mongodb.internal.connection.InternalStreamConnection.open(InternalStreamConnection.java:211) ~[mongodb-driver-core-4.11.1.jar!/:na]
	at com.mongodb.internal.connection.DefaultServerMonitor$ServerMonitorRunnable.lookupServerDescription(DefaultServerMonitor.java:196) ~[mongodb-driver-core-4.11.1.jar!/:na]
	at com.mongodb.internal.connection.DefaultServerMonitor$ServerMonitorRunnable.run(DefaultServerMonitor.java:156) ~[mongodb-driver-core-4.11.1.jar!/:na]
	at java.base/java.lang.Thread.run(Thread.java:842) ~[na:na]
Caused by: java.net.UnknownHostException: ac-mtaygmc-shard-00-01.h8a2j5v.mongodb.net
	at java.base/java.net.InetAddress$CachedAddresses.get(InetAddress.java:801) ~[na:na]
	at java.base/java.net.InetAddress.getAllByName0(InetAddress.java:1532) ~[na:na]
	at java.base/java.net.InetAddress.getAllByName(InetAddress.java:1384) ~[na:na]
	at java.base/java.net.InetAddress.getAllByName(InetAddress.java:1305) ~[na:na]
	at com.mongodb.ServerAddress.getSocketAddresses(ServerAddress.java:213) ~[mongodb-driver-core-4.11.1.jar!/:na]
	... 7 common frames omitted

2026-04-10T09:23:22.897-03:00  INFO 13224 --- [acai-backend] [ngodb.net:27017] org.mongodb.driver.cluster               : Exception in monitor thread while connecting to server ac-mtaygmc-shard-00-02.h8a2j5v.mongodb.net:27017

com.mongodb.MongoSocketException: ac-mtaygmc-shard-00-02.h8a2j5v.mongodb.net
	at com.mongodb.ServerAddress.getSocketAddresses(ServerAddress.java:221) ~[mongodb-driver-core-4.11.1.jar!/:na]
	at com.mongodb.internal.connection.ServerAddressWithResolver.getSocketAddresses(ServerAddressWithResolver.java:68) ~[mongodb-driver-core-4.11.1.jar!/:na]
	at com.mongodb.internal.connection.SocketStream.initializeSocket(SocketStream.java:100) ~[mongodb-driver-core-4.11.1.jar!/:na]
	at com.mongodb.internal.connection.SocketStream.open(SocketStream.java:78) ~[mongodb-driver-core-4.11.1.jar!/:na]
	at com.mongodb.internal.connection.InternalStreamConnection.open(InternalStreamConnection.java:211) ~[mongodb-driver-core-4.11.1.jar!/:na]
	at com.mongodb.internal.connection.DefaultServerMonitor$ServerMonitorRunnable.lookupServerDescription(DefaultServerMonitor.java:196) ~[mongodb-driver-core-4.11.1.jar!/:na]
	at com.mongodb.internal.connection.DefaultServerMonitor$ServerMonitorRunnable.run(DefaultServerMonitor.java:156) ~[mongodb-driver-core-4.11.1.jar!/:na]
	at java.base/java.lang.Thread.run(Thread.java:842) ~[na:na]
Caused by: java.net.UnknownHostException: ac-mtaygmc-shard-00-02.h8a2j5v.mongodb.net
	at java.base/java.net.InetAddress$CachedAddresses.get(InetAddress.java:801) ~[na:na]
	at java.base/java.net.InetAddress.getAllByName0(InetAddress.java:1532) ~[na:na]
	at java.base/java.net.InetAddress.getAllByName(InetAddress.java:1384) ~[na:na]
	at java.base/java.net.InetAddress.getAllByName(InetAddress.java:1305) ~[na:na]
	at com.mongodb.ServerAddress.getSocketAddresses(ServerAddress.java:213) ~[mongodb-driver-core-4.11.1.jar!/:na]
	... 7 common frames omitted

2026-04-10T09:23:32.398-03:00  INFO 13224 --- [acai-backend] [ngodb.net:27017] org.mongodb.driver.cluster               : Exception in monitor thread while connecting to server ac-mtaygmc-shard-00-00.h8a2j5v.mongodb.net:27017

com.mongodb.MongoSocketException: Este host não é conhecido (ac-mtaygmc-shard-00-00.h8a2j5v.mongodb.net)
	at com.mongodb.ServerAddress.getSocketAddresses(ServerAddress.java:221) ~[mongodb-driver-core-4.11.1.jar!/:na]
	at com.mongodb.internal.connection.ServerAddressWithResolver.getSocketAddresses(ServerAddressWithResolver.java:68) ~[mongodb-driver-core-4.11.1.jar!/:na]
	at com.mongodb.internal.connection.SocketStream.initializeSocket(SocketStream.java:100) ~[mongodb-driver-core-4.11.1.jar!/:na]
	at com.mongodb.internal.connection.SocketStream.open(SocketStream.java:78) ~[mongodb-driver-core-4.11.1.jar!/:na]
	at com.mongodb.internal.connection.InternalStreamConnection.open(InternalStreamConnection.java:211) ~[mongodb-driver-core-4.11.1.jar!/:na]
	at com.mongodb.internal.connection.DefaultServerMonitor$ServerMonitorRunnable.lookupServerDescription(DefaultServerMonitor.java:196) ~[mongodb-driver-core-4.11.1.jar!/:na]
	at com.mongodb.internal.connection.DefaultServerMonitor$ServerMonitorRunnable.run(DefaultServerMonitor.java:156) ~[mongodb-driver-core-4.11.1.jar!/:na]
	at java.base/java.lang.Thread.run(Thread.java:842) ~[na:na]
Caused by: java.net.UnknownHostException: Este host não é conhecido (ac-mtaygmc-shard-00-00.h8a2j5v.mongodb.net)
	at java.base/java.net.Inet6AddressImpl.lookupAllHostAddr(Native Method) ~[na:na]
	at java.base/java.net.InetAddress$PlatformNameService.lookupAllHostAddr(InetAddress.java:933) ~[na:na]
	at java.base/java.net.InetAddress.getAddressesFromNameService(InetAddress.java:1543) ~[na:na]
	at java.base/java.net.InetAddress$NameServiceAddresses.get(InetAddress.java:852) ~[na:na]
	at java.base/java.net.InetAddress.getAllByName0(InetAddress.java:1532) ~[na:na]
	at java.base/java.net.InetAddress.getAllByName(InetAddress.java:1384) ~[na:na]
	at java.base/java.net.InetAddress.getAllByName(InetAddress.java:1305) ~[na:na]
	at com.mongodb.ServerAddress.getSocketAddresses(ServerAddress.java:213) ~[mongodb-driver-core-4.11.1.jar!/:na]
	... 7 common frames omitted

2026-04-10T09:23:32.399-03:00  INFO 13224 --- [acai-backend] [ngodb.net:27017] org.mongodb.driver.cluster               : Exception in monitor thread while connecting to server ac-mtaygmc-shard-00-01.h8a2j5v.mongodb.net:27017

com.mongodb.MongoSocketException: Este host não é conhecido (ac-mtaygmc-shard-00-01.h8a2j5v.mongodb.net)
	at com.mongodb.ServerAddress.getSocketAddresses(ServerAddress.java:221) ~[mongodb-driver-core-4.11.1.jar!/:na]
	at com.mongodb.internal.connection.ServerAddressWithResolver.getSocketAddresses(ServerAddressWithResolver.java:68) ~[mongodb-driver-core-4.11.1.jar!/:na]
	at com.mongodb.internal.connection.SocketStream.initializeSocket(SocketStream.java:100) ~[mongodb-driver-core-4.11.1.jar!/:na]
	at com.mongodb.internal.connection.SocketStream.open(SocketStream.java:78) ~[mongodb-driver-core-4.11.1.jar!/:na]
	at com.mongodb.internal.connection.InternalStreamConnection.open(InternalStreamConnection.java:211) ~[mongodb-driver-core-4.11.1.jar!/:na]
	at com.mongodb.internal.connection.DefaultServerMonitor$ServerMonitorRunnable.lookupServerDescription(DefaultServerMonitor.java:196) ~[mongodb-driver-core-4.11.1.jar!/:na]
	at com.mongodb.internal.connection.DefaultServerMonitor$ServerMonitorRunnable.run(DefaultServerMonitor.java:156) ~[mongodb-driver-core-4.11.1.jar!/:na]
	at java.base/java.lang.Thread.run(Thread.java:842) ~[na:na]
Caused by: java.net.UnknownHostException: Este host não é conhecido (ac-mtaygmc-shard-00-01.h8a2j5v.mongodb.net)
	at java.base/java.net.Inet6AddressImpl.lookupAllHostAddr(Native Method) ~[na:na]
	at java.base/java.net.InetAddress$PlatformNameService.lookupAllHostAddr(InetAddress.java:933) ~[na:na]
	at java.base/java.net.InetAddress.getAddressesFromNameService(InetAddress.java:1543) ~[na:na]
	at java.base/java.net.InetAddress$NameServiceAddresses.get(InetAddress.java:852) ~[na:na]
	at java.base/java.net.InetAddress.getAllByName0(InetAddress.java:1532) ~[na:na]
	at java.base/java.net.InetAddress.getAllByName(InetAddress.java:1384) ~[na:na]
	at java.base/java.net.InetAddress.getAllByName(InetAddress.java:1305) ~[na:na]
	at com.mongodb.ServerAddress.getSocketAddresses(ServerAddress.java:213) ~[mongodb-driver-core-4.11.1.jar!/:na]
	... 7 common frames omitted

2026-04-10T09:23:32.900-03:00  INFO 13224 --- [acai-backend] [ngodb.net:27017] org.mongodb.driver.cluster               : Exception in monitor thread while connecting to server ac-mtaygmc-shard-00-01.h8a2j5v.mongodb.net:27017

com.mongodb.MongoSocketException: ac-mtaygmc-shard-00-01.h8a2j5v.mongodb.net
	at com.mongodb.ServerAddress.getSocketAddresses(ServerAddress.java:221) ~[mongodb-driver-core-4.11.1.jar!/:na]
	at com.mongodb.internal.connection.ServerAddressWithResolver.getSocketAddresses(ServerAddressWithResolver.java:68) ~[mongodb-driver-core-4.11.1.jar!/:na]
	at com.mongodb.internal.connection.SocketStream.initializeSocket(SocketStream.java:100) ~[mongodb-driver-core-4.11.1.jar!/:na]
	at com.mongodb.internal.connection.SocketStream.open(SocketStream.java:78) ~[mongodb-driver-core-4.11.1.jar!/:na]
	at com.mongodb.internal.connection.InternalStreamConnection.open(InternalStreamConnection.java:211) ~[mongodb-driver-core-4.11.1.jar!/:na]
	at com.mongodb.internal.connection.DefaultServerMonitor$ServerMonitorRunnable.lookupServerDescription(DefaultServerMonitor.java:196) ~[mongodb-driver-core-4.11.1.jar!/:na]
	at com.mongodb.internal.connection.DefaultServerMonitor$ServerMonitorRunnable.run(DefaultServerMonitor.java:156) ~[mongodb-driver-core-4.11.1.jar!/:na]
	at java.base/java.lang.Thread.run(Thread.java:842) ~[na:na]
Caused by: java.net.UnknownHostException: ac-mtaygmc-shard-00-01.h8a2j5v.mongodb.net
	at java.base/java.net.InetAddress$CachedAddresses.get(InetAddress.java:801) ~[na:na]
	at java.base/java.net.InetAddress.getAllByName0(InetAddress.java:1532) ~[na:na]
	at java.base/java.net.InetAddress.getAllByName(InetAddress.java:1384) ~[na:na]
	at java.base/java.net.InetAddress.getAllByName(InetAddress.java:1305) ~[na:na]
	at com.mongodb.ServerAddress.getSocketAddresses(ServerAddress.java:213) ~[mongodb-driver-core-4.11.1.jar!/:na]
	... 7 common frames omitted

2026-04-10T09:23:32.900-03:00  INFO 13224 --- [acai-backend] [ngodb.net:27017] org.mongodb.driver.cluster               : Exception in monitor thread while connecting to server ac-mtaygmc-shard-00-00.h8a2j5v.mongodb.net:27017

com.mongodb.MongoSocketException: ac-mtaygmc-shard-00-00.h8a2j5v.mongodb.net
	at com.mongodb.ServerAddress.getSocketAddresses(ServerAddress.java:221) ~[mongodb-driver-core-4.11.1.jar!/:na]
	at com.mongodb.internal.connection.ServerAddressWithResolver.getSocketAddresses(ServerAddressWithResolver.java:68) ~[mongodb-driver-core-4.11.1.jar!/:na]
	at com.mongodb.internal.connection.SocketStream.initializeSocket(SocketStream.java:100) ~[mongodb-driver-core-4.11.1.jar!/:na]
	at com.mongodb.internal.connection.SocketStream.open(SocketStream.java:78) ~[mongodb-driver-core-4.11.1.jar!/:na]
	at com.mongodb.internal.connection.InternalStreamConnection.open(InternalStreamConnection.java:211) ~[mongodb-driver-core-4.11.1.jar!/:na]
	at com.mongodb.internal.connection.DefaultServerMonitor$ServerMonitorRunnable.lookupServerDescription(DefaultServerMonitor.java:196) ~[mongodb-driver-core-4.11.1.jar!/:na]
	at com.mongodb.internal.connection.DefaultServerMonitor$ServerMonitorRunnable.run(DefaultServerMonitor.java:156) ~[mongodb-driver-core-4.11.1.jar!/:na]
	at java.base/java.lang.Thread.run(Thread.java:842) ~[na:na]
Caused by: java.net.UnknownHostException: ac-mtaygmc-shard-00-00.h8a2j5v.mongodb.net
	at java.base/java.net.InetAddress$CachedAddresses.get(InetAddress.java:801) ~[na:na]
	at java.base/java.net.InetAddress.getAllByName0(InetAddress.java:1532) ~[na:na]
	at java.base/java.net.InetAddress.getAllByName(InetAddress.java:1384) ~[na:na]
	at java.base/java.net.InetAddress.getAllByName(InetAddress.java:1305) ~[na:na]
	at com.mongodb.ServerAddress.getSocketAddresses(ServerAddress.java:213) ~[mongodb-driver-core-4.11.1.jar!/:na]
	... 7 common frames omitted

2026-04-10T09:23:32.900-03:00  INFO 13224 --- [acai-backend] [ngodb.net:27017] org.mongodb.driver.cluster               : Exception in monitor thread while connecting to server ac-mtaygmc-shard-00-02.h8a2j5v.mongodb.net:27017

com.mongodb.MongoSocketException: Este host não é conhecido (ac-mtaygmc-shard-00-02.h8a2j5v.mongodb.net)
	at com.mongodb.ServerAddress.getSocketAddresses(ServerAddress.java:221) ~[mongodb-driver-core-4.11.1.jar!/:na]
	at com.mongodb.internal.connection.ServerAddressWithResolver.getSocketAddresses(ServerAddressWithResolver.java:68) ~[mongodb-driver-core-4.11.1.jar!/:na]
	at com.mongodb.internal.connection.SocketStream.initializeSocket(SocketStream.java:100) ~[mongodb-driver-core-4.11.1.jar!/:na]
	at com.mongodb.internal.connection.SocketStream.open(SocketStream.java:78) ~[mongodb-driver-core-4.11.1.jar!/:na]
	at com.mongodb.internal.connection.InternalStreamConnection.open(InternalStreamConnection.java:211) ~[mongodb-driver-core-4.11.1.jar!/:na]
	at com.mongodb.internal.connection.DefaultServerMonitor$ServerMonitorRunnable.lookupServerDescription(DefaultServerMonitor.java:196) ~[mongodb-driver-core-4.11.1.jar!/:na]
	at com.mongodb.internal.connection.DefaultServerMonitor$ServerMonitorRunnable.run(DefaultServerMonitor.java:156) ~[mongodb-driver-core-4.11.1.jar!/:na]
	at java.base/java.lang.Thread.run(Thread.java:842) ~[na:na]
Caused by: java.net.UnknownHostException: Este host não é conhecido (ac-mtaygmc-shard-00-02.h8a2j5v.mongodb.net)
	at java.base/java.net.Inet6AddressImpl.lookupAllHostAddr(Native Method) ~[na:na]
	at java.base/java.net.InetAddress$PlatformNameService.lookupAllHostAddr(InetAddress.java:933) ~[na:na]
	at java.base/java.net.InetAddress.getAddressesFromNameService(InetAddress.java:1543) ~[na:na]
	at java.base/java.net.InetAddress$NameServiceAddresses.get(InetAddress.java:852) ~[na:na]
	at java.base/java.net.InetAddress.getAllByName0(InetAddress.java:1532) ~[na:na]
	at java.base/java.net.InetAddress.getAllByName(InetAddress.java:1384) ~[na:na]
	at java.base/java.net.InetAddress.getAllByName(InetAddress.java:1305) ~[na:na]
	at com.mongodb.ServerAddress.getSocketAddresses(ServerAddress.java:213) ~[mongodb-driver-core-4.11.1.jar!/:na]
	... 7 common frames omitted

2026-04-10T09:23:33.401-03:00  INFO 13224 --- [acai-backend] [ngodb.net:27017] org.mongodb.driver.cluster               : Exception in monitor thread while connecting to server ac-mtaygmc-shard-00-02.h8a2j5v.mongodb.net:27017

com.mongodb.MongoSocketException: ac-mtaygmc-shard-00-02.h8a2j5v.mongodb.net
	at com.mongodb.ServerAddress.getSocketAddresses(ServerAddress.java:221) ~[mongodb-driver-core-4.11.1.jar!/:na]
	at com.mongodb.internal.connection.ServerAddressWithResolver.getSocketAddresses(ServerAddressWithResolver.java:68) ~[mongodb-driver-core-4.11.1.jar!/:na]
	at com.mongodb.internal.connection.SocketStream.initializeSocket(SocketStream.java:100) ~[mongodb-driver-core-4.11.1.jar!/:na]
	at com.mongodb.internal.connection.SocketStream.open(SocketStream.java:78) ~[mongodb-driver-core-4.11.1.jar!/:na]
	at com.mongodb.internal.connection.InternalStreamConnection.open(InternalStreamConnection.java:211) ~[mongodb-driver-core-4.11.1.jar!/:na]
	at com.mongodb.internal.connection.DefaultServerMonitor$ServerMonitorRunnable.lookupServerDescription(DefaultServerMonitor.java:196) ~[mongodb-driver-core-4.11.1.jar!/:na]
	at com.mongodb.internal.connection.DefaultServerMonitor$ServerMonitorRunnable.run(DefaultServerMonitor.java:156) ~[mongodb-driver-core-4.11.1.jar!/:na]
	at java.base/java.lang.Thread.run(Thread.java:842) ~[na:na]
Caused by: java.net.UnknownHostException: ac-mtaygmc-shard-00-02.h8a2j5v.mongodb.net
	at java.base/java.net.InetAddress$CachedAddresses.get(InetAddress.java:801) ~[na:na]
	at java.base/java.net.InetAddress.getAllByName0(InetAddress.java:1532) ~[na:na]
	at java.base/java.net.InetAddress.getAllByName(InetAddress.java:1384) ~[na:na]
	at java.base/java.net.InetAddress.getAllByName(InetAddress.java:1305) ~[na:na]
	at com.mongodb.ServerAddress.getSocketAddresses(ServerAddress.java:213) ~[mongodb-driver-core-4.11.1.jar!/:na]
	... 7 common frames omitted

2026-04-10T09:23:42.724-03:00  INFO 13224 --- [acai-backend] [ngodb.net:27017] org.mongodb.driver.cluster               : Monitor thread successfully connected to server with description ServerDescription{address=ac-mtaygmc-shard-00-00.h8a2j5v.mongodb.net:27017, type=REPLICA_SET_SECONDARY, state=CONNECTED, ok=true, minWireVersion=0, maxWireVersion=25, maxDocumentSize=16777216, logicalSessionTimeoutMinutes=30, roundTripTimeNanos=158645900, setName='atlas-cqk1um-shard-0', canonicalAddress=ac-mtaygmc-shard-00-00.h8a2j5v.mongodb.net:27017, hosts=[ac-mtaygmc-shard-00-00.h8a2j5v.mongodb.net:27017, ac-mtaygmc-shard-00-01.h8a2j5v.mongodb.net:27017, ac-mtaygmc-shard-00-02.h8a2j5v.mongodb.net:27017], passives=[], arbiters=[], primary='ac-mtaygmc-shard-00-02.h8a2j5v.mongodb.net:27017', tagSet=TagSet{[Tag{name='availabilityZone', value='southamerica-east1-a'}, Tag{name='diskState', value='READY'}, Tag{name='nodeType', value='ELECTABLE'}, Tag{name='provider', value='GCP'}, Tag{name='region', value='SOUTH_AMERICA_EAST_1'}, Tag{name='workloadType', value='OPERATIONAL'}]}, electionId=null, setVersion=38, topologyVersion=TopologyVersion{processId=69cfcbbfa3706310fa1f8e5b, counter=4}, lastWriteDate=Fri Apr 10 09:23:40 BRT 2026, lastUpdateTimeNanos=838604670898900}
2026-04-10T09:23:42.724-03:00  INFO 13224 --- [acai-backend] [ngodb.net:27017] org.mongodb.driver.cluster               : Monitor thread successfully connected to server with description ServerDescription{address=ac-mtaygmc-shard-00-01.h8a2j5v.mongodb.net:27017, type=REPLICA_SET_SECONDARY, state=CONNECTED, ok=true, minWireVersion=0, maxWireVersion=25, maxDocumentSize=16777216, logicalSessionTimeoutMinutes=30, roundTripTimeNanos=158710500, setName='atlas-cqk1um-shard-0', canonicalAddress=ac-mtaygmc-shard-00-01.h8a2j5v.mongodb.net:27017, hosts=[ac-mtaygmc-shard-00-00.h8a2j5v.mongodb.net:27017, ac-mtaygmc-shard-00-01.h8a2j5v.mongodb.net:27017, ac-mtaygmc-shard-00-02.h8a2j5v.mongodb.net:27017], passives=[], arbiters=[], primary='ac-mtaygmc-shard-00-02.h8a2j5v.mongodb.net:27017', tagSet=TagSet{[Tag{name='availabilityZone', value='southamerica-east1-b'}, Tag{name='diskState', value='READY'}, Tag{name='nodeType', value='ELECTABLE'}, Tag{name='provider', value='GCP'}, Tag{name='region', value='SOUTH_AMERICA_EAST_1'}, Tag{name='workloadType', value='OPERATIONAL'}]}, electionId=null, setVersion=38, topologyVersion=TopologyVersion{processId=69cfd2f8edc3ccb9d077207d, counter=3}, lastWriteDate=Fri Apr 10 09:23:40 BRT 2026, lastUpdateTimeNanos=838604670962300}
2026-04-10T09:23:43.215-03:00  INFO 13224 --- [acai-backend] [ngodb.net:27017] org.mongodb.driver.cluster               : Monitor thread successfully connected to server with description ServerDescription{address=ac-mtaygmc-shard-00-02.h8a2j5v.mongodb.net:27017, type=REPLICA_SET_PRIMARY, state=CONNECTED, ok=true, minWireVersion=0, maxWireVersion=25, maxDocumentSize=16777216, logicalSessionTimeoutMinutes=30, roundTripTimeNanos=148737800, setName='atlas-cqk1um-shard-0', canonicalAddress=ac-mtaygmc-shard-00-02.h8a2j5v.mongodb.net:27017, hosts=[ac-mtaygmc-shard-00-00.h8a2j5v.mongodb.net:27017, ac-mtaygmc-shard-00-01.h8a2j5v.mongodb.net:27017, ac-mtaygmc-shard-00-02.h8a2j5v.mongodb.net:27017], passives=[], arbiters=[], primary='ac-mtaygmc-shard-00-02.h8a2j5v.mongodb.net:27017', tagSet=TagSet{[Tag{name='availabilityZone', value='southamerica-east1-c'}, Tag{name='diskState', value='READY'}, Tag{name='nodeType', value='ELECTABLE'}, Tag{name='provider', value='GCP'}, Tag{name='region', value='SOUTH_AMERICA_EAST_1'}, Tag{name='workloadType', value='OPERATIONAL'}]}, electionId=7fffffff00000000000000e6, setVersion=38, topologyVersion=TopologyVersion{processId=69cfcf5d47342f29825fbf39, counter=6}, lastWriteDate=Fri Apr 10 09:23:40 BRT 2026, lastUpdateTimeNanos=838605162157200}
2026-04-10T09:23:43.215-03:00  INFO 13224 --- [acai-backend] [ngodb.net:27017] org.mongodb.driver.cluster               : Discovered replica set primary ac-mtaygmc-shard-00-02.h8a2j5v.mongodb.net:27017 with max election id 7fffffff00000000000000e6 and max set version 38
Hibernate: select c1_0.id,c1_0.closed_by_username,c1_0.data,c1_0.data_hora_abertura,c1_0.data_hora_fechamento,c1_0.opened_by_username,c1_0.reabertura,c1_0.sheet_name,c1_0.spreadsheet_id,c1_0.status,c1_0.valor_abertura,c1_0.valor_fechamento,c1_0.valor_retirada from caixa c1_0 where c1_0.data=? and c1_0.status=?
Hibernate: select c1_0.id,c1_0.chave_nfce,c1_0.closed_by_username,c1_0.data_fechamento,c1_0.data_hora,c1_0.forma_pagamento,c1_0.identificador,c1_0.opened_by_username,c1_0.peso_kg,c1_0.preco_por_kilo,c1_0.protocolo_nfce,c1_0.status,c1_0.tipo,c1_0.tipo_produto,c1_0.valor_total from comandas c1_0 where c1_0.status=? and c1_0.data_fechamento between ? and ? order by c1_0.data_fechamento desc
Hibernate: select c1_0.id,c1_0.closed_by_username,c1_0.data,c1_0.data_hora_abertura,c1_0.data_hora_fechamento,c1_0.opened_by_username,c1_0.reabertura,c1_0.sheet_name,c1_0.spreadsheet_id,c1_0.status,c1_0.valor_abertura,c1_0.valor_fechamento,c1_0.valor_retirada from caixa c1_0 where c1_0.data between ? and ? order by c1_0.data,c1_0.data_hora_abertura
Hibernate: select l1_0.id,l1_0.endereco,l1_0.nome,l1_0.responsavel from loja l1_0 where l1_0.id=?
Hibernate: select c1_0.id,c1_0.closed_by_username,c1_0.data,c1_0.data_hora_abertura,c1_0.data_hora_fechamento,c1_0.opened_by_username,c1_0.reabertura,c1_0.sheet_name,c1_0.spreadsheet_id,c1_0.status,c1_0.valor_abertura,c1_0.valor_fechamento,c1_0.valor_retirada from caixa c1_0 where c1_0.data=? and c1_0.status=?
Hibernate: select c1_0.id,c1_0.chave_nfce,c1_0.closed_by_username,c1_0.data_fechamento,c1_0.data_hora,c1_0.forma_pagamento,c1_0.identificador,c1_0.opened_by_username,c1_0.peso_kg,c1_0.preco_por_kilo,c1_0.protocolo_nfce,c1_0.status,c1_0.tipo,c1_0.tipo_produto,c1_0.valor_total from comandas c1_0 where c1_0.status=? and c1_0.data_fechamento between ? and ? order by c1_0.data_fechamento desc
Hibernate: select c1_0.id,c1_0.closed_by_username,c1_0.data,c1_0.data_hora_abertura,c1_0.data_hora_fechamento,c1_0.opened_by_username,c1_0.reabertura,c1_0.sheet_name,c1_0.spreadsheet_id,c1_0.status,c1_0.valor_abertura,c1_0.valor_fechamento,c1_0.valor_retirada from caixa c1_0 where c1_0.data between ? and ? order by c1_0.data,c1_0.data_hora_abertura
Hibernate: select l1_0.id,l1_0.endereco,l1_0.nome,l1_0.responsavel from loja l1_0 where l1_0.id=?
Hibernate: select c1_0.id,c1_0.closed_by_username,c1_0.data,c1_0.data_hora_abertura,c1_0.data_hora_fechamento,c1_0.opened_by_username,c1_0.reabertura,c1_0.sheet_name,c1_0.spreadsheet_id,c1_0.status,c1_0.valor_abertura,c1_0.valor_fechamento,c1_0.valor_retirada from caixa c1_0 where c1_0.data=? and c1_0.status=?
Hibernate: select c1_0.id,c1_0.chave_nfce,c1_0.closed_by_username,c1_0.data_fechamento,c1_0.data_hora,c1_0.forma_pagamento,c1_0.identificador,c1_0.opened_by_username,c1_0.peso_kg,c1_0.preco_por_kilo,c1_0.protocolo_nfce,c1_0.status,c1_0.tipo,c1_0.tipo_produto,c1_0.valor_total from comandas c1_0 where c1_0.status=? and c1_0.data_fechamento between ? and ? order by c1_0.data_fechamento desc
Hibernate: select c1_0.id,c1_0.closed_by_username,c1_0.data,c1_0.data_hora_abertura,c1_0.data_hora_fechamento,c1_0.opened_by_username,c1_0.reabertura,c1_0.sheet_name,c1_0.spreadsheet_id,c1_0.status,c1_0.valor_abertura,c1_0.valor_fechamento,c1_0.valor_retirada from caixa c1_0 where c1_0.data between ? and ? order by c1_0.data,c1_0.data_hora_abertura
Hibernate: select l1_0.id,l1_0.endereco,l1_0.nome,l1_0.responsavel from loja l1_0 where l1_0.id=?
Hibernate: select c1_0.id,c1_0.closed_by_username,c1_0.data,c1_0.data_hora_abertura,c1_0.data_hora_fechamento,c1_0.opened_by_username,c1_0.reabertura,c1_0.sheet_name,c1_0.spreadsheet_id,c1_0.status,c1_0.valor_abertura,c1_0.valor_fechamento,c1_0.valor_retirada from caixa c1_0 where c1_0.data=? and c1_0.status=?
Hibernate: select c1_0.id,c1_0.chave_nfce,c1_0.closed_by_username,c1_0.data_fechamento,c1_0.data_hora,c1_0.forma_pagamento,c1_0.identificador,c1_0.opened_by_username,c1_0.peso_kg,c1_0.preco_por_kilo,c1_0.protocolo_nfce,c1_0.status,c1_0.tipo,c1_0.tipo_produto,c1_0.valor_total from comandas c1_0 where c1_0.status=? and c1_0.data_fechamento between ? and ? order by c1_0.data_fechamento desc
Hibernate: select c1_0.id,c1_0.closed_by_username,c1_0.data,c1_0.data_hora_abertura,c1_0.data_hora_fechamento,c1_0.opened_by_username,c1_0.reabertura,c1_0.sheet_name,c1_0.spreadsheet_id,c1_0.status,c1_0.valor_abertura,c1_0.valor_fechamento,c1_0.valor_retirada from caixa c1_0 where c1_0.data between ? and ? order by c1_0.data,c1_0.data_hora_abertura
Hibernate: select l1_0.id,l1_0.endereco,l1_0.nome,l1_0.responsavel from loja l1_0 where l1_0.id=?
Hibernate: select c1_0.id,c1_0.closed_by_username,c1_0.data,c1_0.data_hora_abertura,c1_0.data_hora_fechamento,c1_0.opened_by_username,c1_0.reabertura,c1_0.sheet_name,c1_0.spreadsheet_id,c1_0.status,c1_0.valor_abertura,c1_0.valor_fechamento,c1_0.valor_retirada from caixa c1_0 where c1_0.data=? and c1_0.status=?
Hibernate: select c1_0.id,c1_0.chave_nfce,c1_0.closed_by_username,c1_0.data_fechamento,c1_0.data_hora,c1_0.forma_pagamento,c1_0.identificador,c1_0.opened_by_username,c1_0.peso_kg,c1_0.preco_por_kilo,c1_0.protocolo_nfce,c1_0.status,c1_0.tipo,c1_0.tipo_produto,c1_0.valor_total from comandas c1_0 where c1_0.status=? and c1_0.data_fechamento between ? and ? order by c1_0.data_fechamento desc
Hibernate: select c1_0.id,c1_0.closed_by_username,c1_0.data,c1_0.data_hora_abertura,c1_0.data_hora_fechamento,c1_0.opened_by_username,c1_0.reabertura,c1_0.sheet_name,c1_0.spreadsheet_id,c1_0.status,c1_0.valor_abertura,c1_0.valor_fechamento,c1_0.valor_retirada from caixa c1_0 where c1_0.data between ? and ? order by c1_0.data,c1_0.data_hora_abertura
Hibernate: select l1_0.id,l1_0.endereco,l1_0.nome,l1_0.responsavel from loja l1_0 where l1_0.id=?
Hibernate: select c1_0.id,c1_0.closed_by_username,c1_0.data,c1_0.data_hora_abertura,c1_0.data_hora_fechamento,c1_0.opened_by_username,c1_0.reabertura,c1_0.sheet_name,c1_0.spreadsheet_id,c1_0.status,c1_0.valor_abertura,c1_0.valor_fechamento,c1_0.valor_retirada from caixa c1_0 where c1_0.data=? and c1_0.status=?
Hibernate: select c1_0.id,c1_0.chave_nfce,c1_0.closed_by_username,c1_0.data_fechamento,c1_0.data_hora,c1_0.forma_pagamento,c1_0.identificador,c1_0.opened_by_username,c1_0.peso_kg,c1_0.preco_por_kilo,c1_0.protocolo_nfce,c1_0.status,c1_0.tipo,c1_0.tipo_produto,c1_0.valor_total from comandas c1_0 where c1_0.status=? and c1_0.data_fechamento between ? and ? order by c1_0.data_fechamento desc
Hibernate: select c1_0.id,c1_0.closed_by_username,c1_0.data,c1_0.data_hora_abertura,c1_0.data_hora_fechamento,c1_0.opened_by_username,c1_0.reabertura,c1_0.sheet_name,c1_0.spreadsheet_id,c1_0.status,c1_0.valor_abertura,c1_0.valor_fechamento,c1_0.valor_retirada from caixa c1_0 where c1_0.data between ? and ? order by c1_0.data,c1_0.data_hora_abertura
Hibernate: select l1_0.id,l1_0.endereco,l1_0.nome,l1_0.responsavel from loja l1_0 where l1_0.id=?
Hibernate: select c1_0.id,c1_0.closed_by_username,c1_0.data,c1_0.data_hora_abertura,c1_0.data_hora_fechamento,c1_0.opened_by_username,c1_0.reabertura,c1_0.sheet_name,c1_0.spreadsheet_id,c1_0.status,c1_0.valor_abertura,c1_0.valor_fechamento,c1_0.valor_retirada from caixa c1_0 where c1_0.data=? and c1_0.status=?
Hibernate: select c1_0.id,c1_0.chave_nfce,c1_0.closed_by_username,c1_0.data_fechamento,c1_0.data_hora,c1_0.forma_pagamento,c1_0.identificador,c1_0.opened_by_username,c1_0.peso_kg,c1_0.preco_por_kilo,c1_0.protocolo_nfce,c1_0.status,c1_0.tipo,c1_0.tipo_produto,c1_0.valor_total from comandas c1_0 where c1_0.status=? and c1_0.data_fechamento between ? and ? order by c1_0.data_fechamento desc
Hibernate: select c1_0.id,c1_0.closed_by_username,c1_0.data,c1_0.data_hora_abertura,c1_0.data_hora_fechamento,c1_0.opened_by_username,c1_0.reabertura,c1_0.sheet_name,c1_0.spreadsheet_id,c1_0.status,c1_0.valor_abertura,c1_0.valor_fechamento,c1_0.valor_retirada from caixa c1_0 where c1_0.data between ? and ? order by c1_0.data,c1_0.data_hora_abertura
Hibernate: select l1_0.id,l1_0.endereco,l1_0.nome,l1_0.responsavel from loja l1_0 where l1_0.id=?
Hibernate: select c1_0.id,c1_0.closed_by_username,c1_0.data,c1_0.data_hora_abertura,c1_0.data_hora_fechamento,c1_0.opened_by_username,c1_0.reabertura,c1_0.sheet_name,c1_0.spreadsheet_id,c1_0.status,c1_0.valor_abertura,c1_0.valor_fechamento,c1_0.valor_retirada from caixa c1_0 where c1_0.data=? and c1_0.status=?
Hibernate: select c1_0.id,c1_0.chave_nfce,c1_0.closed_by_username,c1_0.data_fechamento,c1_0.data_hora,c1_0.forma_pagamento,c1_0.identificador,c1_0.opened_by_username,c1_0.peso_kg,c1_0.preco_por_kilo,c1_0.protocolo_nfce,c1_0.status,c1_0.tipo,c1_0.tipo_produto,c1_0.valor_total from comandas c1_0 where c1_0.status=? and c1_0.data_fechamento between ? and ? order by c1_0.data_fechamento desc
Hibernate: select c1_0.id,c1_0.closed_by_username,c1_0.data,c1_0.data_hora_abertura,c1_0.data_hora_fechamento,c1_0.opened_by_username,c1_0.reabertura,c1_0.sheet_name,c1_0.spreadsheet_id,c1_0.status,c1_0.valor_abertura,c1_0.valor_fechamento,c1_0.valor_retirada from caixa c1_0 where c1_0.data between ? and ? order by c1_0.data,c1_0.data_hora_abertura
Hibernate: select l1_0.id,l1_0.endereco,l1_0.nome,l1_0.responsavel from loja l1_0 where l1_0.id=?
Hibernate: select c1_0.id,c1_0.closed_by_username,c1_0.data,c1_0.data_hora_abertura,c1_0.data_hora_fechamento,c1_0.opened_by_username,c1_0.reabertura,c1_0.sheet_name,c1_0.spreadsheet_id,c1_0.status,c1_0.valor_abertura,c1_0.valor_fechamento,c1_0.valor_retirada from caixa c1_0 where c1_0.data=? and c1_0.status=?
Hibernate: select c1_0.id,c1_0.chave_nfce,c1_0.closed_by_username,c1_0.data_fechamento,c1_0.data_hora,c1_0.forma_pagamento,c1_0.identificador,c1_0.opened_by_username,c1_0.peso_kg,c1_0.preco_por_kilo,c1_0.protocolo_nfce,c1_0.status,c1_0.tipo,c1_0.tipo_produto,c1_0.valor_total from comandas c1_0 where c1_0.status=? and c1_0.data_fechamento between ? and ? order by c1_0.data_fechamento desc
Hibernate: select c1_0.id,c1_0.closed_by_username,c1_0.data,c1_0.data_hora_abertura,c1_0.data_hora_fechamento,c1_0.opened_by_username,c1_0.reabertura,c1_0.sheet_name,c1_0.spreadsheet_id,c1_0.status,c1_0.valor_abertura,c1_0.valor_fechamento,c1_0.valor_retirada from caixa c1_0 where c1_0.data between ? and ? order by c1_0.data,c1_0.data_hora_abertura
Hibernate: select l1_0.id,l1_0.endereco,l1_0.nome,l1_0.responsavel from loja l1_0 where l1_0.id=?
Hibernate: select c1_0.id,c1_0.closed_by_username,c1_0.data,c1_0.data_hora_abertura,c1_0.data_hora_fechamento,c1_0.opened_by_username,c1_0.reabertura,c1_0.sheet_name,c1_0.spreadsheet_id,c1_0.status,c1_0.valor_abertura,c1_0.valor_fechamento,c1_0.valor_retirada from caixa c1_0 where c1_0.data=? and c1_0.status=?
Hibernate: select c1_0.id,c1_0.chave_nfce,c1_0.closed_by_username,c1_0.data_fechamento,c1_0.data_hora,c1_0.forma_pagamento,c1_0.identificador,c1_0.opened_by_username,c1_0.peso_kg,c1_0.preco_por_kilo,c1_0.protocolo_nfce,c1_0.status,c1_0.tipo,c1_0.tipo_produto,c1_0.valor_total from comandas c1_0 where c1_0.status=? and c1_0.data_fechamento between ? and ? order by c1_0.data_fechamento desc
Hibernate: select c1_0.id,c1_0.closed_by_username,c1_0.data,c1_0.data_hora_abertura,c1_0.data_hora_fechamento,c1_0.opened_by_username,c1_0.reabertura,c1_0.sheet_name,c1_0.spreadsheet_id,c1_0.status,c1_0.valor_abertura,c1_0.valor_fechamento,c1_0.valor_retirada from caixa c1_0 where c1_0.data between ? and ? order by c1_0.data,c1_0.data_hora_abertura
Hibernate: select l1_0.id,l1_0.endereco,l1_0.nome,l1_0.responsavel from loja l1_0 where l1_0.id=?
Hibernate: select c1_0.id,c1_0.closed_by_username,c1_0.data,c1_0.data_hora_abertura,c1_0.data_hora_fechamento,c1_0.opened_by_username,c1_0.reabertura,c1_0.sheet_name,c1_0.spreadsheet_id,c1_0.status,c1_0.valor_abertura,c1_0.valor_fechamento,c1_0.valor_retirada from caixa c1_0 where c1_0.data=? and c1_0.status=?
Hibernate: select c1_0.id,c1_0.chave_nfce,c1_0.closed_by_username,c1_0.data_fechamento,c1_0.data_hora,c1_0.forma_pagamento,c1_0.identificador,c1_0.opened_by_username,c1_0.peso_kg,c1_0.preco_por_kilo,c1_0.protocolo_nfce,c1_0.status,c1_0.tipo,c1_0.tipo_produto,c1_0.valor_total from comandas c1_0 where c1_0.status=? and c1_0.data_fechamento between ? and ? order by c1_0.data_fechamento desc
Hibernate: select c1_0.id,c1_0.closed_by_username,c1_0.data,c1_0.data_hora_abertura,c1_0.data_hora_fechamento,c1_0.opened_by_username,c1_0.reabertura,c1_0.sheet_name,c1_0.spreadsheet_id,c1_0.status,c1_0.valor_abertura,c1_0.valor_fechamento,c1_0.valor_retirada from caixa c1_0 where c1_0.data between ? and ? order by c1_0.data,c1_0.data_hora_abertura
Hibernate: select l1_0.id,l1_0.endereco,l1_0.nome,l1_0.responsavel from loja l1_0 where l1_0.id=?
Hibernate: select c1_0.id,c1_0.closed_by_username,c1_0.data,c1_0.data_hora_abertura,c1_0.data_hora_fechamento,c1_0.opened_by_username,c1_0.reabertura,c1_0.sheet_name,c1_0.spreadsheet_id,c1_0.status,c1_0.valor_abertura,c1_0.valor_fechamento,c1_0.valor_retirada from caixa c1_0 where c1_0.data=? and c1_0.status=?
Hibernate: select c1_0.id,c1_0.chave_nfce,c1_0.closed_by_username,c1_0.data_fechamento,c1_0.data_hora,c1_0.forma_pagamento,c1_0.identificador,c1_0.opened_by_username,c1_0.peso_kg,c1_0.preco_por_kilo,c1_0.protocolo_nfce,c1_0.status,c1_0.tipo,c1_0.tipo_produto,c1_0.valor_total from comandas c1_0 where c1_0.status=? and c1_0.data_fechamento between ? and ? order by c1_0.data_fechamento desc
Hibernate: select c1_0.id,c1_0.closed_by_username,c1_0.data,c1_0.data_hora_abertura,c1_0.data_hora_fechamento,c1_0.opened_by_username,c1_0.reabertura,c1_0.sheet_name,c1_0.spreadsheet_id,c1_0.status,c1_0.valor_abertura,c1_0.valor_fechamento,c1_0.valor_retirada from caixa c1_0 where c1_0.data between ? and ? order by c1_0.data,c1_0.data_hora_abertura
Hibernate: select l1_0.id,l1_0.endereco,l1_0.nome,l1_0.responsavel from loja l1_0 where l1_0.id=?
Hibernate: select c1_0.id,c1_0.closed_by_username,c1_0.data,c1_0.data_hora_abertura,c1_0.data_hora_fechamento,c1_0.opened_by_username,c1_0.reabertura,c1_0.sheet_name,c1_0.spreadsheet_id,c1_0.status,c1_0.valor_abertura,c1_0.valor_fechamento,c1_0.valor_retirada from caixa c1_0 where c1_0.data=? and c1_0.status=?
Hibernate: select c1_0.id,c1_0.chave_nfce,c1_0.closed_by_username,c1_0.data_fechamento,c1_0.data_hora,c1_0.forma_pagamento,c1_0.identificador,c1_0.opened_by_username,c1_0.peso_kg,c1_0.preco_por_kilo,c1_0.protocolo_nfce,c1_0.status,c1_0.tipo,c1_0.tipo_produto,c1_0.valor_total from comandas c1_0 where c1_0.status=? and c1_0.data_fechamento between ? and ? order by c1_0.data_fechamento desc
Hibernate: select c1_0.id,c1_0.closed_by_username,c1_0.data,c1_0.data_hora_abertura,c1_0.data_hora_fechamento,c1_0.opened_by_username,c1_0.reabertura,c1_0.sheet_name,c1_0.spreadsheet_id,c1_0.status,c1_0.valor_abertura,c1_0.valor_fechamento,c1_0.valor_retirada from caixa c1_0 where c1_0.data between ? and ? order by c1_0.data,c1_0.data_hora_abertura
Hibernate: select l1_0.id,l1_0.endereco,l1_0.nome,l1_0.responsavel from loja l1_0 where l1_0.id=?
Hibernate: select c1_0.id,c1_0.closed_by_username,c1_0.data,c1_0.data_hora_abertura,c1_0.data_hora_fechamento,c1_0.opened_by_username,c1_0.reabertura,c1_0.sheet_name,c1_0.spreadsheet_id,c1_0.status,c1_0.valor_abertura,c1_0.valor_fechamento,c1_0.valor_retirada from caixa c1_0 where c1_0.data=? and c1_0.status=?
Hibernate: select c1_0.id,c1_0.chave_nfce,c1_0.closed_by_username,c1_0.data_fechamento,c1_0.data_hora,c1_0.forma_pagamento,c1_0.identificador,c1_0.opened_by_username,c1_0.peso_kg,c1_0.preco_por_kilo,c1_0.protocolo_nfce,c1_0.status,c1_0.tipo,c1_0.tipo_produto,c1_0.valor_total from comandas c1_0 where c1_0.status=? and c1_0.data_fechamento between ? and ? order by c1_0.data_fechamento desc
Hibernate: select c1_0.id,c1_0.closed_by_username,c1_0.data,c1_0.data_hora_abertura,c1_0.data_hora_fechamento,c1_0.opened_by_username,c1_0.reabertura,c1_0.sheet_name,c1_0.spreadsheet_id,c1_0.status,c1_0.valor_abertura,c1_0.valor_fechamento,c1_0.valor_retirada from caixa c1_0 where c1_0.data between ? and ? order by c1_0.data,c1_0.data_hora_abertura
Hibernate: select l1_0.id,l1_0.endereco,l1_0.nome,l1_0.responsavel from loja l1_0 where l1_0.id=?
Hibernate: select c1_0.id,c1_0.closed_by_username,c1_0.data,c1_0.data_hora_abertura,c1_0.data_hora_fechamento,c1_0.opened_by_username,c1_0.reabertura,c1_0.sheet_name,c1_0.spreadsheet_id,c1_0.status,c1_0.valor_abertura,c1_0.valor_fechamento,c1_0.valor_retirada from caixa c1_0 where c1_0.data=? and c1_0.status=?
Hibernate: select c1_0.id,c1_0.chave_nfce,c1_0.closed_by_username,c1_0.data_fechamento,c1_0.data_hora,c1_0.forma_pagamento,c1_0.identificador,c1_0.opened_by_username,c1_0.peso_kg,c1_0.preco_por_kilo,c1_0.protocolo_nfce,c1_0.status,c1_0.tipo,c1_0.tipo_produto,c1_0.valor_total from comandas c1_0 where c1_0.status=? and c1_0.data_fechamento between ? and ? order by c1_0.data_fechamento desc
Hibernate: select c1_0.id,c1_0.closed_by_username,c1_0.data,c1_0.data_hora_abertura,c1_0.data_hora_fechamento,c1_0.opened_by_username,c1_0.reabertura,c1_0.sheet_name,c1_0.spreadsheet_id,c1_0.status,c1_0.valor_abertura,c1_0.valor_fechamento,c1_0.valor_retirada from caixa c1_0 where c1_0.data between ? and ? order by c1_0.data,c1_0.data_hora_abertura
Hibernate: select l1_0.id,l1_0.endereco,l1_0.nome,l1_0.responsavel from loja l1_0 where l1_0.id=?
Hibernate: select c1_0.id,c1_0.closed_by_username,c1_0.data,c1_0.data_hora_abertura,c1_0.data_hora_fechamento,c1_0.opened_by_username,c1_0.reabertura,c1_0.sheet_name,c1_0.spreadsheet_id,c1_0.status,c1_0.valor_abertura,c1_0.valor_fechamento,c1_0.valor_retirada from caixa c1_0 where c1_0.data=? and c1_0.status=?
Hibernate: select c1_0.id,c1_0.chave_nfce,c1_0.closed_by_username,c1_0.data_fechamento,c1_0.data_hora,c1_0.forma_pagamento,c1_0.identificador,c1_0.opened_by_username,c1_0.peso_kg,c1_0.preco_por_kilo,c1_0.protocolo_nfce,c1_0.status,c1_0.tipo,c1_0.tipo_produto,c1_0.valor_total from comandas c1_0 where c1_0.status=? and c1_0.data_fechamento between ? and ? order by c1_0.data_fechamento desc
Hibernate: select c1_0.id,c1_0.closed_by_username,c1_0.data,c1_0.data_hora_abertura,c1_0.data_hora_fechamento,c1_0.opened_by_username,c1_0.reabertura,c1_0.sheet_name,c1_0.spreadsheet_id,c1_0.status,c1_0.valor_abertura,c1_0.valor_fechamento,c1_0.valor_retirada from caixa c1_0 where c1_0.data between ? and ? order by c1_0.data,c1_0.data_hora_abertura
Hibernate: select l1_0.id,l1_0.endereco,l1_0.nome,l1_0.responsavel from loja l1_0 where l1_0.id=?
Hibernate: select c1_0.id,c1_0.closed_by_username,c1_0.data,c1_0.data_hora_abertura,c1_0.data_hora_fechamento,c1_0.opened_by_username,c1_0.reabertura,c1_0.sheet_name,c1_0.spreadsheet_id,c1_0.status,c1_0.valor_abertura,c1_0.valor_fechamento,c1_0.valor_retirada from caixa c1_0 where c1_0.data=? and c1_0.status=?
Hibernate: select c1_0.id,c1_0.chave_nfce,c1_0.closed_by_username,c1_0.data_fechamento,c1_0.data_hora,c1_0.forma_pagamento,c1_0.identificador,c1_0.opened_by_username,c1_0.peso_kg,c1_0.preco_por_kilo,c1_0.protocolo_nfce,c1_0.status,c1_0.tipo,c1_0.tipo_produto,c1_0.valor_total from comandas c1_0 where c1_0.status=? and c1_0.data_fechamento between ? and ? order by c1_0.data_fechamento desc
Hibernate: select c1_0.id,c1_0.closed_by_username,c1_0.data,c1_0.data_hora_abertura,c1_0.data_hora_fechamento,c1_0.opened_by_username,c1_0.reabertura,c1_0.sheet_name,c1_0.spreadsheet_id,c1_0.status,c1_0.valor_abertura,c1_0.valor_fechamento,c1_0.valor_retirada from caixa c1_0 where c1_0.data between ? and ? order by c1_0.data,c1_0.data_hora_abertura
Hibernate: select l1_0.id,l1_0.endereco,l1_0.nome,l1_0.responsavel from loja l1_0 where l1_0.id=?
Hibernate: select c1_0.id,c1_0.closed_by_username,c1_0.data,c1_0.data_hora_abertura,c1_0.data_hora_fechamento,c1_0.opened_by_username,c1_0.reabertura,c1_0.sheet_name,c1_0.spreadsheet_id,c1_0.status,c1_0.valor_abertura,c1_0.valor_fechamento,c1_0.valor_retirada from caixa c1_0 where c1_0.data=? and c1_0.status=?
Hibernate: select c1_0.id,c1_0.chave_nfce,c1_0.closed_by_username,c1_0.data_fechamento,c1_0.data_hora,c1_0.forma_pagamento,c1_0.identificador,c1_0.opened_by_username,c1_0.peso_kg,c1_0.preco_por_kilo,c1_0.protocolo_nfce,c1_0.status,c1_0.tipo,c1_0.tipo_produto,c1_0.valor_total from comandas c1_0 where c1_0.status=? and c1_0.data_fechamento between ? and ? order by c1_0.data_fechamento desc
Hibernate: select c1_0.id,c1_0.closed_by_username,c1_0.data,c1_0.data_hora_abertura,c1_0.data_hora_fechamento,c1_0.opened_by_username,c1_0.reabertura,c1_0.sheet_name,c1_0.spreadsheet_id,c1_0.status,c1_0.valor_abertura,c1_0.valor_fechamento,c1_0.valor_retirada from caixa c1_0 where c1_0.data between ? and ? order by c1_0.data,c1_0.data_hora_abertura
Hibernate: select l1_0.id,l1_0.endereco,l1_0.nome,l1_0.responsavel from loja l1_0 where l1_0.id=?
Hibernate: select c1_0.id,c1_0.closed_by_username,c1_0.data,c1_0.data_hora_abertura,c1_0.data_hora_fechamento,c1_0.opened_by_username,c1_0.reabertura,c1_0.sheet_name,c1_0.spreadsheet_id,c1_0.status,c1_0.valor_abertura,c1_0.valor_fechamento,c1_0.valor_retirada from caixa c1_0 where c1_0.data=? and c1_0.status=?
Hibernate: select c1_0.id,c1_0.chave_nfce,c1_0.closed_by_username,c1_0.data_fechamento,c1_0.data_hora,c1_0.forma_pagamento,c1_0.identificador,c1_0.opened_by_username,c1_0.peso_kg,c1_0.preco_por_kilo,c1_0.protocolo_nfce,c1_0.status,c1_0.tipo,c1_0.tipo_produto,c1_0.valor_total from comandas c1_0 where c1_0.status=? and c1_0.data_fechamento between ? and ? order by c1_0.data_fechamento desc
Hibernate: select c1_0.id,c1_0.closed_by_username,c1_0.data,c1_0.data_hora_abertura,c1_0.data_hora_fechamento,c1_0.opened_by_username,c1_0.reabertura,c1_0.sheet_name,c1_0.spreadsheet_id,c1_0.status,c1_0.valor_abertura,c1_0.valor_fechamento,c1_0.valor_retirada from caixa c1_0 where c1_0.data between ? and ? order by c1_0.data,c1_0.data_hora_abertura
Hibernate: select l1_0.id,l1_0.endereco,l1_0.nome,l1_0.responsavel from loja l1_0 where l1_0.id=?
Hibernate: select c1_0.id,c1_0.closed_by_username,c1_0.data,c1_0.data_hora_abertura,c1_0.data_hora_fechamento,c1_0.opened_by_username,c1_0.reabertura,c1_0.sheet_name,c1_0.spreadsheet_id,c1_0.status,c1_0.valor_abertura,c1_0.valor_fechamento,c1_0.valor_retirada from caixa c1_0 where c1_0.data=? and c1_0.status=?
Hibernate: select c1_0.id,c1_0.chave_nfce,c1_0.closed_by_username,c1_0.data_fechamento,c1_0.data_hora,c1_0.forma_pagamento,c1_0.identificador,c1_0.opened_by_username,c1_0.peso_kg,c1_0.preco_por_kilo,c1_0.protocolo_nfce,c1_0.status,c1_0.tipo,c1_0.tipo_produto,c1_0.valor_total from comandas c1_0 where c1_0.status=? and c1_0.data_fechamento between ? and ? order by c1_0.data_fechamento desc
Hibernate: select c1_0.id,c1_0.closed_by_username,c1_0.data,c1_0.data_hora_abertura,c1_0.data_hora_fechamento,c1_0.opened_by_username,c1_0.reabertura,c1_0.sheet_name,c1_0.spreadsheet_id,c1_0.status,c1_0.valor_abertura,c1_0.valor_fechamento,c1_0.valor_retirada from caixa c1_0 where c1_0.data between ? and ? order by c1_0.data,c1_0.data_hora_abertura
Hibernate: select l1_0.id,l1_0.endereco,l1_0.nome,l1_0.responsavel from loja l1_0 where l1_0.id=?
Hibernate: select c1_0.id,c1_0.closed_by_username,c1_0.data,c1_0.data_hora_abertura,c1_0.data_hora_fechamento,c1_0.opened_by_username,c1_0.reabertura,c1_0.sheet_name,c1_0.spreadsheet_id,c1_0.status,c1_0.valor_abertura,c1_0.valor_fechamento,c1_0.valor_retirada from caixa c1_0 where c1_0.data=? and c1_0.status=?
Hibernate: select c1_0.id,c1_0.chave_nfce,c1_0.closed_by_username,c1_0.data_fechamento,c1_0.data_hora,c1_0.forma_pagamento,c1_0.identificador,c1_0.opened_by_username,c1_0.peso_kg,c1_0.preco_por_kilo,c1_0.protocolo_nfce,c1_0.status,c1_0.tipo,c1_0.tipo_produto,c1_0.valor_total from comandas c1_0 where c1_0.status=? and c1_0.data_fechamento between ? and ? order by c1_0.data_fechamento desc
Hibernate: select c1_0.id,c1_0.closed_by_username,c1_0.data,c1_0.data_hora_abertura,c1_0.data_hora_fechamento,c1_0.opened_by_username,c1_0.reabertura,c1_0.sheet_name,c1_0.spreadsheet_id,c1_0.status,c1_0.valor